{"D:\\Mes Projets\\plongee-app\\backend\\activites-service\\src\\app.js": {"path":"D:\\Mes Projets\\plongee-app\\backend\\activites-service\\src\\app.js","statementMap":{"0":{"start":{"line":1,"column":16},"end":{"line":1,"column":34}},"1":{"start":{"line":2,"column":13},"end":{"line":2,"column":28}},"2":{"start":{"line":3,"column":15},"end":{"line":3,"column":32}},"3":{"start":{"line":4,"column":15},"end":{"line":4,"column":32}},"4":{"start":{"line":5,"column":18},"end":{"line":5,"column":47}},"5":{"start":{"line":6,"column":13},"end":{"line":6,"column":33}},"6":{"start":{"line":7,"column":0},"end":{"line":7,"column":27}},"7":{"start":{"line":9,"column":15},"end":{"line":9,"column":34}},"8":{"start":{"line":10,"column":21},"end":{"line":10,"column":58}},"9":{"start":{"line":11,"column":15},"end":{"line":11,"column":40}},"10":{"start":{"line":12,"column":27},"end":{"line":12,"column":67}},"11":{"start":{"line":13,"column":23},"end":{"line":13,"column":59}},"12":{"start":{"line":14,"column":22},"end":{"line":14,"column":57}},"13":{"start":{"line":15,"column":32},"end":{"line":15,"column":63}},"14":{"start":{"line":16,"column":38},"end":{"line":16,"column":66}},"15":{"start":{"line":18,"column":12},"end":{"line":18,"column":21}},"16":{"start":{"line":20,"column":0},"end":{"line":27,"column":2}},"17":{"start":{"line":29,"column":0},"end":{"line":43,"column":2}},"18":{"start":{"line":45,"column":0},"end":{"line":45,"column":41}},"19":{"start":{"line":46,"column":0},"end":{"line":46,"column":63}},"20":{"start":{"line":48,"column":0},"end":{"line":52,"column":2}},"21":{"start":{"line":50,"column":34},"end":{"line":50,"column":61}},"22":{"start":{"line":54,"column":16},"end":{"line":61,"column":2}},"23":{"start":{"line":62,"column":0},"end":{"line":62,"column":25}},"24":{"start":{"line":64,"column":0},"end":{"line":71,"column":3}},"25":{"start":{"line":65,"column":2},"end":{"line":70,"column":5}},"26":{"start":{"line":73,"column":0},"end":{"line":73,"column":24}},"27":{"start":{"line":75,"column":0},"end":{"line":75,"column":31}},"28":{"start":{"line":76,"column":0},"end":{"line":76,"column":29}},"29":{"start":{"line":78,"column":22},"end":{"line":103,"column":1}},"30":{"start":{"line":79,"column":20},"end":{"line":79,"column":42}},"31":{"start":{"line":80,"column":2},"end":{"line":83,"column":3}},"32":{"start":{"line":81,"column":4},"end":{"line":81,"column":69}},"33":{"start":{"line":82,"column":4},"end":{"line":82,"column":20}},"34":{"start":{"line":88,"column":29},"end":{"line":88,"column":53}},"35":{"start":{"line":89,"column":25},"end":{"line":89,"column":45}},"36":{"start":{"line":90,"column":2},"end":{"line":90,"column":44}},"37":{"start":{"line":91,"column":2},"end":{"line":91,"column":41}},"38":{"start":{"line":92,"column":2},"end":{"line":92,"column":72}},"39":{"start":{"line":92,"column":35},"end":{"line":92,"column":70}},"40":{"start":{"line":93,"column":2},"end":{"line":93,"column":69}},"41":{"start":{"line":93,"column":35},"end":{"line":93,"column":67}},"42":{"start":{"line":94,"column":2},"end":{"line":94,"column":87}},"43":{"start":{"line":98,"column":24},"end":{"line":98,"column":43}},"44":{"start":{"line":99,"column":27},"end":{"line":99,"column":48}},"45":{"start":{"line":100,"column":2},"end":{"line":100,"column":55}},"46":{"start":{"line":101,"column":2},"end":{"line":101,"column":89}},"47":{"start":{"line":101,"column":36},"end":{"line":101,"column":87}},"48":{"start":{"line":102,"column":2},"end":{"line":102,"column":80}},"49":{"start":{"line":105,"column":0},"end":{"line":108,"column":3}},"50":{"start":{"line":106,"column":2},"end":{"line":106,"column":44}},"51":{"start":{"line":107,"column":2},"end":{"line":107,"column":18}},"52":{"start":{"line":110,"column":0},"end":{"line":113,"column":3}},"53":{"start":{"line":111,"column":2},"end":{"line":111,"column":43}},"54":{"start":{"line":112,"column":2},"end":{"line":112,"column":18}},"55":{"start":{"line":115,"column":0},"end":{"line":115,"column":51}}},"fnMap":{"0":{"name":"(anonymous_0)","decl":{"start":{"line":50,"column":21},"end":{"line":50,"column":22}},"loc":{"start":{"line":50,"column":34},"end":{"line":50,"column":61}},"line":50},"1":{"name":"(anonymous_1)","decl":{"start":{"line":64,"column":19},"end":{"line":64,"column":20}},"loc":{"start":{"line":64,"column":33},"end":{"line":71,"column":1}},"line":64},"2":{"name":"(anonymous_2)","decl":{"start":{"line":78,"column":22},"end":{"line":78,"column":23}},"loc":{"start":{"line":78,"column":34},"end":{"line":103,"column":1}},"line":78},"3":{"name":"(anonymous_3)","decl":{"start":{"line":92,"column":29},"end":{"line":92,"column":30}},"loc":{"start":{"line":92,"column":35},"end":{"line":92,"column":70}},"line":92},"4":{"name":"(anonymous_4)","decl":{"start":{"line":93,"column":29},"end":{"line":93,"column":30}},"loc":{"start":{"line":93,"column":35},"end":{"line":93,"column":67}},"line":93},"5":{"name":"(anonymous_5)","decl":{"start":{"line":101,"column":30},"end":{"line":101,"column":31}},"loc":{"start":{"line":101,"column":36},"end":{"line":101,"column":87}},"line":101},"6":{"name":"(anonymous_6)","decl":{"start":{"line":105,"column":33},"end":{"line":105,"column":34}},"loc":{"start":{"line":105,"column":42},"end":{"line":108,"column":1}},"line":105},"7":{"name":"(anonymous_7)","decl":{"start":{"line":110,"column":32},"end":{"line":110,"column":33}},"loc":{"start":{"line":110,"column":41},"end":{"line":113,"column":1}},"line":110}},"branchMap":{"0":{"loc":{"start":{"line":55,"column":13},"end":{"line":55,"column":48}},"type":"binary-expr","locations":[{"start":{"line":55,"column":13},"end":{"line":55,"column":42}},{"start":{"line":55,"column":46},"end":{"line":55,"column":48}}],"line":55},"1":{"loc":{"start":{"line":56,"column":7},"end":{"line":56,"column":41}},"type":"binary-expr","locations":[{"start":{"line":56,"column":7},"end":{"line":56,"column":33}},{"start":{"line":56,"column":37},"end":{"line":56,"column":41}}],"line":56},"2":{"loc":{"start":{"line":80,"column":2},"end":{"line":83,"column":3}},"type":"if","locations":[{"start":{"line":80,"column":2},"end":{"line":83,"column":3}},{"start":{},"end":{}}],"line":80}},"s":{"0":2,"1":2,"2":2,"3":2,"4":2,"5":2,"6":2,"7":2,"8":2,"9":2,"10":2,"11":2,"12":2,"13":2,"14":2,"15":2,"16":2,"17":2,"18":2,"19":2,"20":2,"21":13,"22":2,"23":2,"24":2,"25":1,"26":2,"27":2,"28":2,"29":2,"30":0,"31":0,"32":0,"33":0,"34":0,"35":0,"36":0,"37":0,"38":0,"39":0,"40":0,"41":0,"42":0,"43":0,"44":0,"45":0,"46":0,"47":0,"48":0,"49":2,"50":0,"51":0,"52":2,"53":0,"54":0,"55":2},"f":{"0":13,"1":1,"2":0,"3":0,"4":0,"5":0,"6":0,"7":0},"b":{"0":[2,2],"1":[2,2],"2":[0,0]},"_coverageSchema":"1a1c01bbd47fc00a2c39e90264f33305004495a9","hash":"043de3927855ad76da6e37848583735b693aaecf"}
,"D:\\Mes Projets\\plongee-app\\backend\\activites-service\\src\\config\\database.js": {"path":"D:\\Mes Projets\\plongee-app\\backend\\activites-service\\src\\config\\database.js","statementMap":{"0":{"start":{"line":1,"column":22},"end":{"line":1,"column":42}},"1":{"start":{"line":2,"column":0},"end":{"line":2,"column":27}},"2":{"start":{"line":8,"column":18},"end":{"line":35,"column":1}},"3":{"start":{"line":37,"column":23},"end":{"line":46,"column":1}},"4":{"start":{"line":38,"column":2},"end":{"line":45,"column":3}},"5":{"start":{"line":39,"column":4},"end":{"line":39,"column":35}},"6":{"start":{"line":40,"column":4},"end":{"line":40,"column":74}},"7":{"start":{"line":41,"column":4},"end":{"line":41,"column":16}},"8":{"start":{"line":43,"column":4},"end":{"line":43,"column":85}},"9":{"start":{"line":44,"column":4},"end":{"line":44,"column":17}},"10":{"start":{"line":48,"column":0},"end":{"line":48,"column":47}}},"fnMap":{"0":{"name":"(anonymous_0)","decl":{"start":{"line":37,"column":23},"end":{"line":37,"column":24}},"loc":{"start":{"line":37,"column":35},"end":{"line":46,"column":1}},"line":37}},"branchMap":{"0":{"loc":{"start":{"line":14,"column":10},"end":{"line":14,"column":37}},"type":"binary-expr","locations":[{"start":{"line":14,"column":10},"end":{"line":14,"column":29}},{"start":{"line":14,"column":33},"end":{"line":14,"column":37}}],"line":14},"1":{"loc":{"start":{"line":20,"column":16},"end":{"line":20,"column":52}},"type":"binary-expr","locations":[{"start":{"line":20,"column":16},"end":{"line":20,"column":37}},{"start":{"line":20,"column":41},"end":{"line":20,"column":52}}],"line":20},"2":{"loc":{"start":{"line":21,"column":13},"end":{"line":21,"column":73}},"type":"cond-expr","locations":[{"start":{"line":21,"column":54},"end":{"line":21,"column":65}},{"start":{"line":21,"column":68},"end":{"line":21,"column":73}}],"line":21}},"s":{"0":3,"1":3,"2":3,"3":3,"4":0,"5":0,"6":0,"7":0,"8":0,"9":0,"10":3},"f":{"0":0},"b":{"0":[3,0],"1":[3,0],"2":[0,3]},"_coverageSchema":"1a1c01bbd47fc00a2c39e90264f33305004495a9","hash":"ff83356ebb94f7f77c0a501901298e4919358d6c"}
,"D:\\Mes Projets\\plongee-app\\backend\\activites-service\\src\\controllers\\AttributionController.js": {"path":"D:\\Mes Projets\\plongee-app\\backend\\activites-service\\src\\controllers\\AttributionController.js","statementMap":{"0":{"start":{"line":1,"column":23},"end":{"line":1,"column":50}},"1":{"start":{"line":2,"column":27},"end":{"line":2,"column":68}},"2":{"start":{"line":3,"column":23},"end":{"line":3,"column":49}},"3":{"start":{"line":7,"column":20},"end":{"line":7,"column":44}},"4":{"start":{"line":8,"column":4},"end":{"line":8,"column":19}},"5":{"start":{"line":9,"column":4},"end":{"line":9,"column":38}},"6":{"start":{"line":13,"column":4},"end":{"line":23,"column":5}},"7":{"start":{"line":14,"column":31},"end":{"line":14,"column":41}},"8":{"start":{"line":15,"column":22},"end":{"line":15,"column":89}},"9":{"start":{"line":16,"column":6},"end":{"line":20,"column":9}},"10":{"start":{"line":22,"column":6},"end":{"line":22,"column":35}},"11":{"start":{"line":27,"column":4},"end":{"line":37,"column":5}},"12":{"start":{"line":28,"column":33},"end":{"line":28,"column":43}},"13":{"start":{"line":29,"column":22},"end":{"line":29,"column":81}},"14":{"start":{"line":30,"column":6},"end":{"line":34,"column":9}},"15":{"start":{"line":36,"column":6},"end":{"line":36,"column":35}},"16":{"start":{"line":41,"column":4},"end":{"line":51,"column":5}},"17":{"start":{"line":42,"column":28},"end":{"line":42,"column":38}},"18":{"start":{"line":43,"column":22},"end":{"line":43,"column":88}},"19":{"start":{"line":44,"column":6},"end":{"line":48,"column":9}},"20":{"start":{"line":50,"column":6},"end":{"line":50,"column":35}},"21":{"start":{"line":55,"column":4},"end":{"line":65,"column":5}},"22":{"start":{"line":56,"column":31},"end":{"line":56,"column":41}},"23":{"start":{"line":57,"column":22},"end":{"line":57,"column":117}},"24":{"start":{"line":58,"column":6},"end":{"line":62,"column":9}},"25":{"start":{"line":64,"column":6},"end":{"line":64,"column":35}},"26":{"start":{"line":69,"column":4},"end":{"line":78,"column":5}},"27":{"start":{"line":70,"column":22},"end":{"line":70,"column":64}},"28":{"start":{"line":71,"column":6},"end":{"line":75,"column":9}},"29":{"start":{"line":77,"column":6},"end":{"line":77,"column":35}},"30":{"start":{"line":82,"column":4},"end":{"line":91,"column":5}},"31":{"start":{"line":83,"column":21},"end":{"line":83,"column":94}},"32":{"start":{"line":84,"column":6},"end":{"line":88,"column":9}},"33":{"start":{"line":90,"column":6},"end":{"line":90,"column":35}},"34":{"start":{"line":95,"column":4},"end":{"line":110,"column":5}},"35":{"start":{"line":96,"column":21},"end":{"line":96,"column":31}},"36":{"start":{"line":97,"column":48},"end":{"line":97,"column":56}},"37":{"start":{"line":98,"column":21},"end":{"line":102,"column":7}},"38":{"start":{"line":103,"column":6},"end":{"line":107,"column":9}},"39":{"start":{"line":109,"column":6},"end":{"line":109,"column":35}},"40":{"start":{"line":114,"column":4},"end":{"line":124,"column":5}},"41":{"start":{"line":115,"column":21},"end":{"line":115,"column":31}},"42":{"start":{"line":116,"column":21},"end":{"line":116,"column":120}},"43":{"start":{"line":117,"column":6},"end":{"line":121,"column":9}},"44":{"start":{"line":123,"column":6},"end":{"line":123,"column":35}},"45":{"start":{"line":128,"column":4},"end":{"line":138,"column":5}},"46":{"start":{"line":129,"column":21},"end":{"line":129,"column":31}},"47":{"start":{"line":130,"column":21},"end":{"line":130,"column":98}},"48":{"start":{"line":131,"column":6},"end":{"line":135,"column":9}},"49":{"start":{"line":137,"column":6},"end":{"line":137,"column":35}},"50":{"start":{"line":142,"column":4},"end":{"line":152,"column":5}},"51":{"start":{"line":143,"column":21},"end":{"line":143,"column":31}},"52":{"start":{"line":144,"column":21},"end":{"line":144,"column":112}},"53":{"start":{"line":145,"column":6},"end":{"line":149,"column":9}},"54":{"start":{"line":151,"column":6},"end":{"line":151,"column":35}},"55":{"start":{"line":156,"column":19},"end":{"line":156,"column":82}},"56":{"start":{"line":157,"column":4},"end":{"line":162,"column":5}},"57":{"start":{"line":158,"column":6},"end":{"line":161,"column":9}},"58":{"start":{"line":163,"column":4},"end":{"line":163,"column":11}},"59":{"start":{"line":167,"column":0},"end":{"line":167,"column":39}}},"fnMap":{"0":{"name":"(anonymous_0)","decl":{"start":{"line":6,"column":2},"end":{"line":6,"column":3}},"loc":{"start":{"line":6,"column":16},"end":{"line":10,"column":3}},"line":6},"1":{"name":"(anonymous_1)","decl":{"start":{"line":12,"column":2},"end":{"line":12,"column":3}},"loc":{"start":{"line":12,"column":38},"end":{"line":24,"column":3}},"line":12},"2":{"name":"(anonymous_2)","decl":{"start":{"line":26,"column":2},"end":{"line":26,"column":3}},"loc":{"start":{"line":26,"column":38},"end":{"line":38,"column":3}},"line":26},"3":{"name":"(anonymous_3)","decl":{"start":{"line":40,"column":2},"end":{"line":40,"column":3}},"loc":{"start":{"line":40,"column":36},"end":{"line":52,"column":3}},"line":40},"4":{"name":"(anonymous_4)","decl":{"start":{"line":54,"column":2},"end":{"line":54,"column":3}},"loc":{"start":{"line":54,"column":39},"end":{"line":66,"column":3}},"line":54},"5":{"name":"(anonymous_5)","decl":{"start":{"line":68,"column":2},"end":{"line":68,"column":3}},"loc":{"start":{"line":68,"column":35},"end":{"line":79,"column":3}},"line":68},"6":{"name":"(anonymous_6)","decl":{"start":{"line":81,"column":2},"end":{"line":81,"column":3}},"loc":{"start":{"line":81,"column":31},"end":{"line":92,"column":3}},"line":81},"7":{"name":"(anonymous_7)","decl":{"start":{"line":94,"column":2},"end":{"line":94,"column":3}},"loc":{"start":{"line":94,"column":34},"end":{"line":111,"column":3}},"line":94},"8":{"name":"(anonymous_8)","decl":{"start":{"line":113,"column":2},"end":{"line":113,"column":3}},"loc":{"start":{"line":113,"column":43},"end":{"line":125,"column":3}},"line":113},"9":{"name":"(anonymous_9)","decl":{"start":{"line":127,"column":2},"end":{"line":127,"column":3}},"loc":{"start":{"line":127,"column":41},"end":{"line":139,"column":3}},"line":127},"10":{"name":"(anonymous_10)","decl":{"start":{"line":141,"column":2},"end":{"line":141,"column":3}},"loc":{"start":{"line":141,"column":45},"end":{"line":153,"column":3}},"line":141},"11":{"name":"(anonymous_11)","decl":{"start":{"line":155,"column":2},"end":{"line":155,"column":3}},"loc":{"start":{"line":155,"column":45},"end":{"line":164,"column":3}},"line":155}},"branchMap":{"0":{"loc":{"start":{"line":157,"column":4},"end":{"line":162,"column":5}},"type":"if","locations":[{"start":{"line":157,"column":4},"end":{"line":162,"column":5}},{"start":{},"end":{}}],"line":157}},"s":{"0":2,"1":2,"2":2,"3":2,"4":2,"5":2,"6":0,"7":0,"8":0,"9":0,"10":0,"11":0,"12":0,"13":0,"14":0,"15":0,"16":0,"17":0,"18":0,"19":0,"20":0,"21":0,"22":0,"23":0,"24":0,"25":0,"26":0,"27":0,"28":0,"29":0,"30":0,"31":0,"32":0,"33":0,"34":0,"35":0,"36":0,"37":0,"38":0,"39":0,"40":0,"41":0,"42":0,"43":0,"44":0,"45":0,"46":0,"47":0,"48":0,"49":0,"50":0,"51":0,"52":0,"53":0,"54":0,"55":0,"56":0,"57":0,"58":0,"59":2},"f":{"0":2,"1":0,"2":0,"3":0,"4":0,"5":0,"6":0,"7":0,"8":0,"9":0,"10":0,"11":0},"b":{"0":[0,0]},"_coverageSchema":"1a1c01bbd47fc00a2c39e90264f33305004495a9","hash":"e8c4172648a6db6b625bad990ab8e88f2996bc6d"}
,"D:\\Mes Projets\\plongee-app\\backend\\activites-service\\src\\controllers\\BaseController.js": {"path":"D:\\Mes Projets\\plongee-app\\backend\\activites-service\\src\\controllers\\BaseController.js","statementMap":{"0":{"start":{"line":1,"column":23},"end":{"line":1,"column":49}},"1":{"start":{"line":5,"column":4},"end":{"line":5,"column":27}},"2":{"start":{"line":9,"column":4},"end":{"line":18,"column":5}},"3":{"start":{"line":10,"column":22},"end":{"line":10,"column":58}},"4":{"start":{"line":11,"column":6},"end":{"line":15,"column":9}},"5":{"start":{"line":17,"column":6},"end":{"line":17,"column":35}},"6":{"start":{"line":22,"column":4},"end":{"line":36,"column":5}},"7":{"start":{"line":23,"column":21},"end":{"line":23,"column":62}},"8":{"start":{"line":24,"column":6},"end":{"line":29,"column":7}},"9":{"start":{"line":25,"column":8},"end":{"line":28,"column":11}},"10":{"start":{"line":30,"column":6},"end":{"line":33,"column":9}},"11":{"start":{"line":35,"column":6},"end":{"line":35,"column":35}},"12":{"start":{"line":40,"column":4},"end":{"line":49,"column":5}},"13":{"start":{"line":41,"column":21},"end":{"line":41,"column":56}},"14":{"start":{"line":42,"column":6},"end":{"line":46,"column":9}},"15":{"start":{"line":48,"column":6},"end":{"line":48,"column":35}},"16":{"start":{"line":53,"column":4},"end":{"line":62,"column":5}},"17":{"start":{"line":54,"column":21},"end":{"line":54,"column":71}},"18":{"start":{"line":55,"column":6},"end":{"line":59,"column":9}},"19":{"start":{"line":61,"column":6},"end":{"line":61,"column":35}},"20":{"start":{"line":66,"column":4},"end":{"line":74,"column":5}},"21":{"start":{"line":67,"column":6},"end":{"line":67,"column":47}},"22":{"start":{"line":68,"column":6},"end":{"line":71,"column":9}},"23":{"start":{"line":73,"column":6},"end":{"line":73,"column":35}},"24":{"start":{"line":78,"column":0},"end":{"line":78,"column":32}}},"fnMap":{"0":{"name":"(anonymous_0)","decl":{"start":{"line":4,"column":2},"end":{"line":4,"column":3}},"loc":{"start":{"line":4,"column":23},"end":{"line":6,"column":3}},"line":4},"1":{"name":"(anonymous_1)","decl":{"start":{"line":8,"column":2},"end":{"line":8,"column":3}},"loc":{"start":{"line":8,"column":31},"end":{"line":19,"column":3}},"line":8},"2":{"name":"(anonymous_2)","decl":{"start":{"line":21,"column":2},"end":{"line":21,"column":3}},"loc":{"start":{"line":21,"column":32},"end":{"line":37,"column":3}},"line":21},"3":{"name":"(anonymous_3)","decl":{"start":{"line":39,"column":2},"end":{"line":39,"column":3}},"loc":{"start":{"line":39,"column":31},"end":{"line":50,"column":3}},"line":39},"4":{"name":"(anonymous_4)","decl":{"start":{"line":52,"column":2},"end":{"line":52,"column":3}},"loc":{"start":{"line":52,"column":31},"end":{"line":63,"column":3}},"line":52},"5":{"name":"(anonymous_5)","decl":{"start":{"line":65,"column":2},"end":{"line":65,"column":3}},"loc":{"start":{"line":65,"column":31},"end":{"line":75,"column":3}},"line":65}},"branchMap":{"0":{"loc":{"start":{"line":24,"column":6},"end":{"line":29,"column":7}},"type":"if","locations":[{"start":{"line":24,"column":6},"end":{"line":29,"column":7}},{"start":{},"end":{}}],"line":24}},"s":{"0":2,"1":12,"2":0,"3":0,"4":0,"5":0,"6":0,"7":0,"8":0,"9":0,"10":0,"11":0,"12":0,"13":0,"14":0,"15":0,"16":0,"17":0,"18":0,"19":0,"20":0,"21":0,"22":0,"23":0,"24":2},"f":{"0":12,"1":0,"2":0,"3":0,"4":0,"5":0},"b":{"0":[0,0]},"_coverageSchema":"1a1c01bbd47fc00a2c39e90264f33305004495a9","hash":"45d879f35896b83b53ad3bf40f9dbfb771739212"}
,"D:\\Mes Projets\\plongee-app\\backend\\activites-service\\src\\controllers\\IncidentController.js": {"path":"D:\\Mes Projets\\plongee-app\\backend\\activites-service\\src\\controllers\\IncidentController.js","statementMap":{"0":{"start":{"line":1,"column":23},"end":{"line":1,"column":50}},"1":{"start":{"line":2,"column":24},"end":{"line":2,"column":62}},"2":{"start":{"line":3,"column":23},"end":{"line":3,"column":72}},"3":{"start":{"line":4,"column":23},"end":{"line":4,"column":49}},"4":{"start":{"line":8,"column":20},"end":{"line":8,"column":41}},"5":{"start":{"line":9,"column":4},"end":{"line":9,"column":19}},"6":{"start":{"line":10,"column":4},"end":{"line":10,"column":35}},"7":{"start":{"line":14,"column":4},"end":{"line":24,"column":5}},"8":{"start":{"line":15,"column":28},"end":{"line":15,"column":38}},"9":{"start":{"line":16,"column":22},"end":{"line":16,"column":71}},"10":{"start":{"line":17,"column":6},"end":{"line":21,"column":9}},"11":{"start":{"line":23,"column":6},"end":{"line":23,"column":35}},"12":{"start":{"line":28,"column":4},"end":{"line":37,"column":5}},"13":{"start":{"line":29,"column":22},"end":{"line":29,"column":65}},"14":{"start":{"line":30,"column":6},"end":{"line":34,"column":9}},"15":{"start":{"line":36,"column":6},"end":{"line":36,"column":35}},"16":{"start":{"line":41,"column":4},"end":{"line":52,"column":5}},"17":{"start":{"line":42,"column":21},"end":{"line":42,"column":31}},"18":{"start":{"line":43,"column":33},"end":{"line":43,"column":41}},"19":{"start":{"line":44,"column":21},"end":{"line":44,"column":76}},"20":{"start":{"line":45,"column":6},"end":{"line":49,"column":9}},"21":{"start":{"line":51,"column":6},"end":{"line":51,"column":35}},"22":{"start":{"line":58,"column":4},"end":{"line":75,"column":5}},"23":{"start":{"line":59,"column":6},"end":{"line":65,"column":7}},"24":{"start":{"line":60,"column":25},"end":{"line":60,"column":78}},"25":{"start":{"line":61,"column":29},"end":{"line":63,"column":16}},"26":{"start":{"line":64,"column":8},"end":{"line":64,"column":44}},"27":{"start":{"line":67,"column":21},"end":{"line":67,"column":64}},"28":{"start":{"line":68,"column":6},"end":{"line":72,"column":9}},"29":{"start":{"line":74,"column":6},"end":{"line":74,"column":35}},"30":{"start":{"line":79,"column":19},"end":{"line":79,"column":76}},"31":{"start":{"line":80,"column":4},"end":{"line":85,"column":5}},"32":{"start":{"line":81,"column":6},"end":{"line":84,"column":9}},"33":{"start":{"line":86,"column":4},"end":{"line":86,"column":11}},"34":{"start":{"line":90,"column":0},"end":{"line":90,"column":36}}},"fnMap":{"0":{"name":"(anonymous_0)","decl":{"start":{"line":7,"column":2},"end":{"line":7,"column":3}},"loc":{"start":{"line":7,"column":16},"end":{"line":11,"column":3}},"line":7},"1":{"name":"(anonymous_1)","decl":{"start":{"line":13,"column":2},"end":{"line":13,"column":3}},"loc":{"start":{"line":13,"column":36},"end":{"line":25,"column":3}},"line":13},"2":{"name":"(anonymous_2)","decl":{"start":{"line":27,"column":2},"end":{"line":27,"column":3}},"loc":{"start":{"line":27,"column":39},"end":{"line":38,"column":3}},"line":27},"3":{"name":"(anonymous_3)","decl":{"start":{"line":40,"column":2},"end":{"line":40,"column":3}},"loc":{"start":{"line":40,"column":33},"end":{"line":53,"column":3}},"line":40},"4":{"name":"(anonymous_4)","decl":{"start":{"line":57,"column":2},"end":{"line":57,"column":3}},"loc":{"start":{"line":57,"column":31},"end":{"line":76,"column":3}},"line":57},"5":{"name":"(anonymous_5)","decl":{"start":{"line":78,"column":2},"end":{"line":78,"column":3}},"loc":{"start":{"line":78,"column":45},"end":{"line":87,"column":3}},"line":78}},"branchMap":{"0":{"loc":{"start":{"line":59,"column":6},"end":{"line":65,"column":7}},"type":"if","locations":[{"start":{"line":59,"column":6},"end":{"line":65,"column":7}},{"start":{},"end":{}}],"line":59},"1":{"loc":{"start":{"line":59,"column":10},"end":{"line":59,"column":33}},"type":"binary-expr","locations":[{"start":{"line":59,"column":10},"end":{"line":59,"column":18}},{"start":{"line":59,"column":22},"end":{"line":59,"column":33}}],"line":59},"2":{"loc":{"start":{"line":61,"column":29},"end":{"line":63,"column":16}},"type":"cond-expr","locations":[{"start":{"line":62,"column":12},"end":{"line":62,"column":80}},{"start":{"line":63,"column":12},"end":{"line":63,"column":16}}],"line":61},"3":{"loc":{"start":{"line":80,"column":4},"end":{"line":85,"column":5}},"type":"if","locations":[{"start":{"line":80,"column":4},"end":{"line":85,"column":5}},{"start":{},"end":{}}],"line":80}},"s":{"0":2,"1":2,"2":2,"3":2,"4":2,"5":2,"6":2,"7":0,"8":0,"9":0,"10":0,"11":0,"12":0,"13":0,"14":0,"15":0,"16":0,"17":0,"18":0,"19":0,"20":0,"21":0,"22":0,"23":0,"24":0,"25":0,"26":0,"27":0,"28":0,"29":0,"30":0,"31":0,"32":0,"33":0,"34":2},"f":{"0":2,"1":0,"2":0,"3":0,"4":0,"5":0},"b":{"0":[0,0],"1":[0,0],"2":[0,0],"3":[0,0]},"_coverageSchema":"1a1c01bbd47fc00a2c39e90264f33305004495a9","hash":"e575052bf3965abb232fd2e22976ecdb249f6e7d"}
,"D:\\Mes Projets\\plongee-app\\backend\\activites-service\\src\\controllers\\InscriptionController.js": {"path":"D:\\Mes Projets\\plongee-app\\backend\\activites-service\\src\\controllers\\InscriptionController.js","statementMap":{"0":{"start":{"line":1,"column":23},"end":{"line":1,"column":50}},"1":{"start":{"line":2,"column":27},"end":{"line":2,"column":68}},"2":{"start":{"line":3,"column":23},"end":{"line":3,"column":49}},"3":{"start":{"line":7,"column":20},"end":{"line":7,"column":44}},"4":{"start":{"line":8,"column":4},"end":{"line":8,"column":19}},"5":{"start":{"line":9,"column":4},"end":{"line":9,"column":38}},"6":{"start":{"line":13,"column":4},"end":{"line":30,"column":5}},"7":{"start":{"line":14,"column":22},"end":{"line":17,"column":7}},"8":{"start":{"line":18,"column":6},"end":{"line":22,"column":9}},"9":{"start":{"line":24,"column":6},"end":{"line":24,"column":45}},"10":{"start":{"line":25,"column":6},"end":{"line":29,"column":9}},"11":{"start":{"line":34,"column":4},"end":{"line":55,"column":5}},"12":{"start":{"line":35,"column":21},"end":{"line":35,"column":31}},"13":{"start":{"line":36,"column":21},"end":{"line":39,"column":7}},"14":{"start":{"line":41,"column":6},"end":{"line":46,"column":7}},"15":{"start":{"line":42,"column":8},"end":{"line":45,"column":11}},"16":{"start":{"line":48,"column":6},"end":{"line":51,"column":9}},"17":{"start":{"line":53,"column":6},"end":{"line":53,"column":46}},"18":{"start":{"line":54,"column":6},"end":{"line":54,"column":35}},"19":{"start":{"line":59,"column":4},"end":{"line":90,"column":5}},"20":{"start":{"line":60,"column":19},"end":{"line":60,"column":27}},"21":{"start":{"line":62,"column":6},"end":{"line":67,"column":7}},"22":{"start":{"line":63,"column":8},"end":{"line":66,"column":11}},"23":{"start":{"line":68,"column":6},"end":{"line":73,"column":7}},"24":{"start":{"line":69,"column":8},"end":{"line":72,"column":11}},"25":{"start":{"line":75,"column":21},"end":{"line":80,"column":8}},"26":{"start":{"line":82,"column":6},"end":{"line":86,"column":9}},"27":{"start":{"line":88,"column":6},"end":{"line":88,"column":58}},"28":{"start":{"line":89,"column":6},"end":{"line":89,"column":35}},"29":{"start":{"line":94,"column":4},"end":{"line":115,"column":5}},"30":{"start":{"line":95,"column":21},"end":{"line":95,"column":31}},"31":{"start":{"line":96,"column":19},"end":{"line":96,"column":27}},"32":{"start":{"line":98,"column":24},"end":{"line":98,"column":55}},"33":{"start":{"line":99,"column":6},"end":{"line":99,"column":51}},"34":{"start":{"line":100,"column":6},"end":{"line":100,"column":32}},"35":{"start":{"line":101,"column":6},"end":{"line":101,"column":55}},"36":{"start":{"line":102,"column":21},"end":{"line":105,"column":7}},"37":{"start":{"line":107,"column":6},"end":{"line":111,"column":9}},"38":{"start":{"line":113,"column":6},"end":{"line":113,"column":59}},"39":{"start":{"line":114,"column":6},"end":{"line":114,"column":35}},"40":{"start":{"line":119,"column":4},"end":{"line":134,"column":5}},"41":{"start":{"line":120,"column":21},"end":{"line":120,"column":31}},"42":{"start":{"line":121,"column":21},"end":{"line":126,"column":7}},"43":{"start":{"line":127,"column":6},"end":{"line":131,"column":9}},"44":{"start":{"line":133,"column":6},"end":{"line":133,"column":35}},"45":{"start":{"line":138,"column":4},"end":{"line":148,"column":5}},"46":{"start":{"line":139,"column":21},"end":{"line":139,"column":31}},"47":{"start":{"line":140,"column":6},"end":{"line":140,"column":94}},"48":{"start":{"line":141,"column":6},"end":{"line":144,"column":9}},"49":{"start":{"line":146,"column":6},"end":{"line":146,"column":45}},"50":{"start":{"line":147,"column":6},"end":{"line":147,"column":35}},"51":{"start":{"line":152,"column":4},"end":{"line":167,"column":5}},"52":{"start":{"line":153,"column":21},"end":{"line":153,"column":31}},"53":{"start":{"line":154,"column":21},"end":{"line":158,"column":7}},"54":{"start":{"line":159,"column":6},"end":{"line":163,"column":9}},"55":{"start":{"line":165,"column":6},"end":{"line":165,"column":57}},"56":{"start":{"line":166,"column":6},"end":{"line":166,"column":35}},"57":{"start":{"line":171,"column":4},"end":{"line":186,"column":5}},"58":{"start":{"line":172,"column":21},"end":{"line":172,"column":31}},"59":{"start":{"line":173,"column":21},"end":{"line":177,"column":7}},"60":{"start":{"line":178,"column":6},"end":{"line":182,"column":9}},"61":{"start":{"line":184,"column":6},"end":{"line":184,"column":56}},"62":{"start":{"line":185,"column":6},"end":{"line":185,"column":35}},"63":{"start":{"line":190,"column":4},"end":{"line":210,"column":5}},"64":{"start":{"line":191,"column":28},"end":{"line":191,"column":38}},"65":{"start":{"line":192,"column":22},"end":{"line":197,"column":7}},"66":{"start":{"line":198,"column":6},"end":{"line":202,"column":9}},"67":{"start":{"line":204,"column":6},"end":{"line":204,"column":50}},"68":{"start":{"line":205,"column":6},"end":{"line":209,"column":9}},"69":{"start":{"line":214,"column":4},"end":{"line":232,"column":5}},"70":{"start":{"line":215,"column":28},"end":{"line":215,"column":38}},"71":{"start":{"line":216,"column":22},"end":{"line":219,"column":7}},"72":{"start":{"line":220,"column":6},"end":{"line":224,"column":9}},"73":{"start":{"line":226,"column":6},"end":{"line":226,"column":50}},"74":{"start":{"line":227,"column":6},"end":{"line":231,"column":9}},"75":{"start":{"line":236,"column":4},"end":{"line":249,"column":5}},"76":{"start":{"line":237,"column":28},"end":{"line":237,"column":38}},"77":{"start":{"line":238,"column":21},"end":{"line":241,"column":7}},"78":{"start":{"line":242,"column":6},"end":{"line":245,"column":9}},"79":{"start":{"line":247,"column":6},"end":{"line":247,"column":50}},"80":{"start":{"line":248,"column":6},"end":{"line":248,"column":35}},"81":{"start":{"line":253,"column":4},"end":{"line":268,"column":5}},"82":{"start":{"line":254,"column":31},"end":{"line":254,"column":41}},"83":{"start":{"line":255,"column":22},"end":{"line":255,"column":79}},"84":{"start":{"line":256,"column":6},"end":{"line":260,"column":9}},"85":{"start":{"line":262,"column":6},"end":{"line":262,"column":52}},"86":{"start":{"line":263,"column":6},"end":{"line":267,"column":9}},"87":{"start":{"line":272,"column":4},"end":{"line":286,"column":5}},"88":{"start":{"line":273,"column":42},"end":{"line":273,"column":52}},"89":{"start":{"line":274,"column":21},"end":{"line":278,"column":7}},"90":{"start":{"line":279,"column":6},"end":{"line":282,"column":9}},"91":{"start":{"line":284,"column":6},"end":{"line":284,"column":61}},"92":{"start":{"line":285,"column":6},"end":{"line":285,"column":35}},"93":{"start":{"line":290,"column":4},"end":{"line":299,"column":5}},"94":{"start":{"line":291,"column":20},"end":{"line":291,"column":79}},"95":{"start":{"line":292,"column":6},"end":{"line":295,"column":9}},"96":{"start":{"line":297,"column":6},"end":{"line":297,"column":47}},"97":{"start":{"line":298,"column":6},"end":{"line":298,"column":35}},"98":{"start":{"line":303,"column":22},"end":{"line":303,"column":33}},"99":{"start":{"line":305,"column":4},"end":{"line":312,"column":5}},"100":{"start":{"line":306,"column":19},"end":{"line":306,"column":58}},"101":{"start":{"line":307,"column":6},"end":{"line":311,"column":7}},"102":{"start":{"line":308,"column":8},"end":{"line":308,"column":45}},"103":{"start":{"line":310,"column":8},"end":{"line":310,"column":45}},"104":{"start":{"line":314,"column":4},"end":{"line":316,"column":5}},"105":{"start":{"line":315,"column":6},"end":{"line":315,"column":74}},"106":{"start":{"line":318,"column":4},"end":{"line":320,"column":5}},"107":{"start":{"line":319,"column":6},"end":{"line":319,"column":55}},"108":{"start":{"line":322,"column":4},"end":{"line":324,"column":5}},"109":{"start":{"line":323,"column":6},"end":{"line":323,"column":71}},"110":{"start":{"line":326,"column":4},"end":{"line":330,"column":5}},"111":{"start":{"line":327,"column":6},"end":{"line":329,"column":15}},"112":{"start":{"line":332,"column":4},"end":{"line":332,"column":21}},"113":{"start":{"line":336,"column":19},"end":{"line":338,"column":5}},"114":{"start":{"line":339,"column":4},"end":{"line":344,"column":5}},"115":{"start":{"line":340,"column":6},"end":{"line":343,"column":9}},"116":{"start":{"line":345,"column":4},"end":{"line":345,"column":11}},"117":{"start":{"line":349,"column":0},"end":{"line":349,"column":39}}},"fnMap":{"0":{"name":"(anonymous_0)","decl":{"start":{"line":6,"column":2},"end":{"line":6,"column":3}},"loc":{"start":{"line":6,"column":16},"end":{"line":10,"column":3}},"line":6},"1":{"name":"(anonymous_1)","decl":{"start":{"line":12,"column":2},"end":{"line":12,"column":3}},"loc":{"start":{"line":12,"column":25},"end":{"line":31,"column":3}},"line":12},"2":{"name":"(anonymous_2)","decl":{"start":{"line":33,"column":2},"end":{"line":33,"column":3}},"loc":{"start":{"line":33,"column":32},"end":{"line":56,"column":3}},"line":33},"3":{"name":"(anonymous_3)","decl":{"start":{"line":58,"column":2},"end":{"line":58,"column":3}},"loc":{"start":{"line":58,"column":42},"end":{"line":91,"column":3}},"line":58},"4":{"name":"(anonymous_4)","decl":{"start":{"line":93,"column":2},"end":{"line":93,"column":3}},"loc":{"start":{"line":93,"column":31},"end":{"line":116,"column":3}},"line":93},"5":{"name":"(anonymous_5)","decl":{"start":{"line":118,"column":2},"end":{"line":118,"column":3}},"loc":{"start":{"line":118,"column":44},"end":{"line":135,"column":3}},"line":118},"6":{"name":"(anonymous_6)","decl":{"start":{"line":137,"column":2},"end":{"line":137,"column":3}},"loc":{"start":{"line":137,"column":31},"end":{"line":149,"column":3}},"line":137},"7":{"name":"(anonymous_7)","decl":{"start":{"line":151,"column":2},"end":{"line":151,"column":3}},"loc":{"start":{"line":151,"column":43},"end":{"line":168,"column":3}},"line":151},"8":{"name":"(anonymous_8)","decl":{"start":{"line":170,"column":2},"end":{"line":170,"column":3}},"loc":{"start":{"line":170,"column":42},"end":{"line":187,"column":3}},"line":170},"9":{"name":"(anonymous_9)","decl":{"start":{"line":189,"column":2},"end":{"line":189,"column":3}},"loc":{"start":{"line":189,"column":30},"end":{"line":211,"column":3}},"line":189},"10":{"name":"(anonymous_10)","decl":{"start":{"line":213,"column":2},"end":{"line":213,"column":3}},"loc":{"start":{"line":213,"column":30},"end":{"line":233,"column":3}},"line":213},"11":{"name":"(anonymous_11)","decl":{"start":{"line":235,"column":2},"end":{"line":235,"column":3}},"loc":{"start":{"line":235,"column":36},"end":{"line":250,"column":3}},"line":235},"12":{"name":"(anonymous_12)","decl":{"start":{"line":252,"column":2},"end":{"line":252,"column":3}},"loc":{"start":{"line":252,"column":32},"end":{"line":269,"column":3}},"line":252},"13":{"name":"(anonymous_13)","decl":{"start":{"line":271,"column":2},"end":{"line":271,"column":3}},"loc":{"start":{"line":271,"column":47},"end":{"line":287,"column":3}},"line":271},"14":{"name":"(anonymous_14)","decl":{"start":{"line":289,"column":2},"end":{"line":289,"column":3}},"loc":{"start":{"line":289,"column":33},"end":{"line":300,"column":3}},"line":289},"15":{"name":"(anonymous_15)","decl":{"start":{"line":302,"column":2},"end":{"line":302,"column":3}},"loc":{"start":{"line":302,"column":29},"end":{"line":333,"column":3}},"line":302},"16":{"name":"(anonymous_16)","decl":{"start":{"line":335,"column":2},"end":{"line":335,"column":3}},"loc":{"start":{"line":335,"column":45},"end":{"line":346,"column":3}},"line":335}},"branchMap":{"0":{"loc":{"start":{"line":20,"column":14},"end":{"line":20,"column":27}},"type":"binary-expr","locations":[{"start":{"line":20,"column":14},"end":{"line":20,"column":21}},{"start":{"line":20,"column":25},"end":{"line":20,"column":27}}],"line":20},"1":{"loc":{"start":{"line":21,"column":15},"end":{"line":21,"column":35}},"type":"binary-expr","locations":[{"start":{"line":21,"column":15},"end":{"line":21,"column":30}},{"start":{"line":21,"column":34},"end":{"line":21,"column":35}}],"line":21},"2":{"loc":{"start":{"line":41,"column":6},"end":{"line":46,"column":7}},"type":"if","locations":[{"start":{"line":41,"column":6},"end":{"line":46,"column":7}},{"start":{},"end":{}}],"line":41},"3":{"loc":{"start":{"line":62,"column":6},"end":{"line":67,"column":7}},"type":"if","locations":[{"start":{"line":62,"column":6},"end":{"line":67,"column":7}},{"start":{},"end":{}}],"line":62},"4":{"loc":{"start":{"line":68,"column":6},"end":{"line":73,"column":7}},"type":"if","locations":[{"start":{"line":68,"column":6},"end":{"line":73,"column":7}},{"start":{},"end":{}}],"line":68},"5":{"loc":{"start":{"line":77,"column":14},"end":{"line":77,"column":41}},"type":"binary-expr","locations":[{"start":{"line":77,"column":14},"end":{"line":77,"column":28}},{"start":{"line":77,"column":32},"end":{"line":77,"column":41}}],"line":77},"6":{"loc":{"start":{"line":99,"column":23},"end":{"line":99,"column":50}},"type":"binary-expr","locations":[{"start":{"line":99,"column":23},"end":{"line":99,"column":37}},{"start":{"line":99,"column":41},"end":{"line":99,"column":50}}],"line":99},"7":{"loc":{"start":{"line":200,"column":14},"end":{"line":200,"column":27}},"type":"binary-expr","locations":[{"start":{"line":200,"column":14},"end":{"line":200,"column":21}},{"start":{"line":200,"column":25},"end":{"line":200,"column":27}}],"line":200},"8":{"loc":{"start":{"line":201,"column":15},"end":{"line":201,"column":35}},"type":"binary-expr","locations":[{"start":{"line":201,"column":15},"end":{"line":201,"column":30}},{"start":{"line":201,"column":34},"end":{"line":201,"column":35}}],"line":201},"9":{"loc":{"start":{"line":222,"column":14},"end":{"line":222,"column":27}},"type":"binary-expr","locations":[{"start":{"line":222,"column":14},"end":{"line":222,"column":21}},{"start":{"line":222,"column":25},"end":{"line":222,"column":27}}],"line":222},"10":{"loc":{"start":{"line":223,"column":15},"end":{"line":223,"column":35}},"type":"binary-expr","locations":[{"start":{"line":223,"column":15},"end":{"line":223,"column":30}},{"start":{"line":223,"column":34},"end":{"line":223,"column":35}}],"line":223},"11":{"loc":{"start":{"line":258,"column":14},"end":{"line":258,"column":27}},"type":"binary-expr","locations":[{"start":{"line":258,"column":14},"end":{"line":258,"column":21}},{"start":{"line":258,"column":25},"end":{"line":258,"column":27}}],"line":258},"12":{"loc":{"start":{"line":259,"column":15},"end":{"line":259,"column":35}},"type":"binary-expr","locations":[{"start":{"line":259,"column":15},"end":{"line":259,"column":30}},{"start":{"line":259,"column":34},"end":{"line":259,"column":35}}],"line":259},"13":{"loc":{"start":{"line":281,"column":14},"end":{"line":281,"column":28}},"type":"binary-expr","locations":[{"start":{"line":281,"column":14},"end":{"line":281,"column":20}},{"start":{"line":281,"column":24},"end":{"line":281,"column":28}}],"line":281},"14":{"loc":{"start":{"line":305,"column":4},"end":{"line":312,"column":5}},"type":"if","locations":[{"start":{"line":305,"column":4},"end":{"line":312,"column":5}},{"start":{},"end":{}}],"line":305},"15":{"loc":{"start":{"line":307,"column":6},"end":{"line":311,"column":7}},"type":"if","locations":[{"start":{"line":307,"column":6},"end":{"line":311,"column":7}},{"start":{"line":309,"column":13},"end":{"line":311,"column":7}}],"line":307},"16":{"loc":{"start":{"line":314,"column":4},"end":{"line":316,"column":5}},"type":"if","locations":[{"start":{"line":314,"column":4},"end":{"line":316,"column":5}},{"start":{},"end":{}}],"line":314},"17":{"loc":{"start":{"line":318,"column":4},"end":{"line":320,"column":5}},"type":"if","locations":[{"start":{"line":318,"column":4},"end":{"line":320,"column":5}},{"start":{},"end":{}}],"line":318},"18":{"loc":{"start":{"line":322,"column":4},"end":{"line":324,"column":5}},"type":"if","locations":[{"start":{"line":322,"column":4},"end":{"line":324,"column":5}},{"start":{},"end":{}}],"line":322},"19":{"loc":{"start":{"line":326,"column":4},"end":{"line":330,"column":5}},"type":"if","locations":[{"start":{"line":326,"column":4},"end":{"line":330,"column":5}},{"start":{},"end":{}}],"line":326},"20":{"loc":{"start":{"line":327,"column":37},"end":{"line":329,"column":14}},"type":"cond-expr","locations":[{"start":{"line":328,"column":10},"end":{"line":328,"column":48}},{"start":{"line":329,"column":10},"end":{"line":329,"column":14}}],"line":327},"21":{"loc":{"start":{"line":339,"column":4},"end":{"line":344,"column":5}},"type":"if","locations":[{"start":{"line":339,"column":4},"end":{"line":344,"column":5}},{"start":{},"end":{}}],"line":339}},"s":{"0":2,"1":2,"2":2,"3":2,"4":2,"5":2,"6":0,"7":0,"8":0,"9":0,"10":0,"11":0,"12":0,"13":0,"14":0,"15":0,"16":0,"17":0,"18":0,"19":0,"20":0,"21":0,"22":0,"23":0,"24":0,"25":0,"26":0,"27":0,"28":0,"29":0,"30":0,"31":0,"32":0,"33":0,"34":0,"35":0,"36":0,"37":0,"38":0,"39":0,"40":0,"41":0,"42":0,"43":0,"44":0,"45":0,"46":0,"47":0,"48":0,"49":0,"50":0,"51":0,"52":0,"53":0,"54":0,"55":0,"56":0,"57":0,"58":0,"59":0,"60":0,"61":0,"62":0,"63":0,"64":0,"65":0,"66":0,"67":0,"68":0,"69":0,"70":0,"71":0,"72":0,"73":0,"74":0,"75":0,"76":0,"77":0,"78":0,"79":0,"80":0,"81":0,"82":0,"83":0,"84":0,"85":0,"86":0,"87":0,"88":0,"89":0,"90":0,"91":0,"92":0,"93":0,"94":0,"95":0,"96":0,"97":0,"98":0,"99":0,"100":0,"101":0,"102":0,"103":0,"104":0,"105":0,"106":0,"107":0,"108":0,"109":0,"110":0,"111":0,"112":0,"113":0,"114":0,"115":0,"116":0,"117":2},"f":{"0":2,"1":0,"2":0,"3":0,"4":0,"5":0,"6":0,"7":0,"8":0,"9":0,"10":0,"11":0,"12":0,"13":0,"14":0,"15":0,"16":0},"b":{"0":[0,0],"1":[0,0],"2":[0,0],"3":[0,0],"4":[0,0],"5":[0,0],"6":[0,0],"7":[0,0],"8":[0,0],"9":[0,0],"10":[0,0],"11":[0,0],"12":[0,0],"13":[0,0],"14":[0,0],"15":[0,0],"16":[0,0],"17":[0,0],"18":[0,0],"19":[0,0],"20":[0,0],"21":[0,0]},"_coverageSchema":"1a1c01bbd47fc00a2c39e90264f33305004495a9","hash":"0911d62f19122bd585532df9750858f3a46e51ab"}
,"D:\\Mes Projets\\plongee-app\\backend\\activites-service\\src\\controllers\\PalanqueeController.js": {"path":"D:\\Mes Projets\\plongee-app\\backend\\activites-service\\src\\controllers\\PalanqueeController.js","statementMap":{"0":{"start":{"line":1,"column":23},"end":{"line":1,"column":50}},"1":{"start":{"line":2,"column":25},"end":{"line":2,"column":64}},"2":{"start":{"line":3,"column":23},"end":{"line":3,"column":49}},"3":{"start":{"line":7,"column":20},"end":{"line":7,"column":42}},"4":{"start":{"line":8,"column":4},"end":{"line":8,"column":19}},"5":{"start":{"line":9,"column":4},"end":{"line":9,"column":36}},"6":{"start":{"line":13,"column":4},"end":{"line":18,"column":5}},"7":{"start":{"line":14,"column":22},"end":{"line":14,"column":93}},"8":{"start":{"line":15,"column":6},"end":{"line":15,"column":72}},"9":{"start":{"line":17,"column":6},"end":{"line":17,"column":35}},"10":{"start":{"line":22,"column":4},"end":{"line":31,"column":5}},"11":{"start":{"line":23,"column":21},"end":{"line":23,"column":31}},"12":{"start":{"line":24,"column":21},"end":{"line":24,"column":107}},"13":{"start":{"line":25,"column":6},"end":{"line":27,"column":7}},"14":{"start":{"line":26,"column":8},"end":{"line":26,"column":90}},"15":{"start":{"line":28,"column":6},"end":{"line":28,"column":48}},"16":{"start":{"line":30,"column":6},"end":{"line":30,"column":35}},"17":{"start":{"line":35,"column":4},"end":{"line":40,"column":5}},"18":{"start":{"line":36,"column":21},"end":{"line":36,"column":102}},"19":{"start":{"line":37,"column":6},"end":{"line":37,"column":100}},"20":{"start":{"line":39,"column":6},"end":{"line":39,"column":35}},"21":{"start":{"line":44,"column":4},"end":{"line":50,"column":5}},"22":{"start":{"line":45,"column":29},"end":{"line":45,"column":39}},"23":{"start":{"line":46,"column":22},"end":{"line":46,"column":121}},"24":{"start":{"line":47,"column":6},"end":{"line":47,"column":72}},"25":{"start":{"line":49,"column":6},"end":{"line":49,"column":35}},"26":{"start":{"line":54,"column":4},"end":{"line":60,"column":5}},"27":{"start":{"line":55,"column":28},"end":{"line":55,"column":38}},"28":{"start":{"line":56,"column":22},"end":{"line":56,"column":119}},"29":{"start":{"line":57,"column":6},"end":{"line":57,"column":72}},"30":{"start":{"line":59,"column":6},"end":{"line":59,"column":35}},"31":{"start":{"line":64,"column":4},"end":{"line":70,"column":5}},"32":{"start":{"line":65,"column":30},"end":{"line":65,"column":40}},"33":{"start":{"line":66,"column":22},"end":{"line":66,"column":113}},"34":{"start":{"line":67,"column":6},"end":{"line":67,"column":72}},"35":{"start":{"line":69,"column":6},"end":{"line":69,"column":35}},"36":{"start":{"line":74,"column":4},"end":{"line":80,"column":5}},"37":{"start":{"line":75,"column":28},"end":{"line":75,"column":38}},"38":{"start":{"line":76,"column":20},"end":{"line":76,"column":85}},"39":{"start":{"line":77,"column":6},"end":{"line":77,"column":47}},"40":{"start":{"line":79,"column":6},"end":{"line":79,"column":35}},"41":{"start":{"line":84,"column":4},"end":{"line":96,"column":5}},"42":{"start":{"line":85,"column":21},"end":{"line":85,"column":31}},"43":{"start":{"line":86,"column":31},"end":{"line":86,"column":39}},"44":{"start":{"line":88,"column":6},"end":{"line":90,"column":7}},"45":{"start":{"line":89,"column":8},"end":{"line":89,"column":90}},"46":{"start":{"line":92,"column":21},"end":{"line":92,"column":123}},"47":{"start":{"line":93,"column":6},"end":{"line":93,"column":98}},"48":{"start":{"line":95,"column":6},"end":{"line":95,"column":35}},"49":{"start":{"line":100,"column":4},"end":{"line":106,"column":5}},"50":{"start":{"line":101,"column":35},"end":{"line":101,"column":45}},"51":{"start":{"line":102,"column":6},"end":{"line":102,"column":85}},"52":{"start":{"line":103,"column":6},"end":{"line":103,"column":72}},"53":{"start":{"line":105,"column":6},"end":{"line":105,"column":35}},"54":{"start":{"line":110,"column":4},"end":{"line":122,"column":5}},"55":{"start":{"line":111,"column":21},"end":{"line":111,"column":31}},"56":{"start":{"line":112,"column":75},"end":{"line":112,"column":83}},"57":{"start":{"line":113,"column":21},"end":{"line":118,"column":7}},"58":{"start":{"line":119,"column":6},"end":{"line":119,"column":83}},"59":{"start":{"line":121,"column":6},"end":{"line":121,"column":35}},"60":{"start":{"line":126,"column":4},"end":{"line":136,"column":5}},"61":{"start":{"line":127,"column":21},"end":{"line":127,"column":31}},"62":{"start":{"line":128,"column":21},"end":{"line":132,"column":7}},"63":{"start":{"line":133,"column":6},"end":{"line":133,"column":92}},"64":{"start":{"line":135,"column":6},"end":{"line":135,"column":35}},"65":{"start":{"line":140,"column":4},"end":{"line":152,"column":5}},"66":{"start":{"line":141,"column":21},"end":{"line":141,"column":31}},"67":{"start":{"line":142,"column":26},"end":{"line":142,"column":34}},"68":{"start":{"line":143,"column":21},"end":{"line":148,"column":7}},"69":{"start":{"line":149,"column":6},"end":{"line":149,"column":90}},"70":{"start":{"line":151,"column":6},"end":{"line":151,"column":35}},"71":{"start":{"line":156,"column":4},"end":{"line":162,"column":5}},"72":{"start":{"line":157,"column":21},"end":{"line":157,"column":31}},"73":{"start":{"line":158,"column":21},"end":{"line":158,"column":81}},"74":{"start":{"line":159,"column":6},"end":{"line":159,"column":79}},"75":{"start":{"line":161,"column":6},"end":{"line":161,"column":35}},"76":{"start":{"line":166,"column":19},"end":{"line":166,"column":78}},"77":{"start":{"line":167,"column":4},"end":{"line":169,"column":5}},"78":{"start":{"line":168,"column":6},"end":{"line":168,"column":62}},"79":{"start":{"line":170,"column":4},"end":{"line":170,"column":11}},"80":{"start":{"line":174,"column":0},"end":{"line":174,"column":37}}},"fnMap":{"0":{"name":"(anonymous_0)","decl":{"start":{"line":6,"column":2},"end":{"line":6,"column":3}},"loc":{"start":{"line":6,"column":16},"end":{"line":10,"column":3}},"line":6},"1":{"name":"(anonymous_1)","decl":{"start":{"line":12,"column":2},"end":{"line":12,"column":3}},"loc":{"start":{"line":12,"column":31},"end":{"line":19,"column":3}},"line":12},"2":{"name":"(anonymous_2)","decl":{"start":{"line":21,"column":2},"end":{"line":21,"column":3}},"loc":{"start":{"line":21,"column":32},"end":{"line":32,"column":3}},"line":21},"3":{"name":"(anonymous_3)","decl":{"start":{"line":34,"column":2},"end":{"line":34,"column":3}},"loc":{"start":{"line":34,"column":31},"end":{"line":41,"column":3}},"line":34},"4":{"name":"(anonymous_4)","decl":{"start":{"line":43,"column":2},"end":{"line":43,"column":3}},"loc":{"start":{"line":43,"column":37},"end":{"line":51,"column":3}},"line":43},"5":{"name":"(anonymous_5)","decl":{"start":{"line":53,"column":2},"end":{"line":53,"column":3}},"loc":{"start":{"line":53,"column":36},"end":{"line":61,"column":3}},"line":53},"6":{"name":"(anonymous_6)","decl":{"start":{"line":63,"column":2},"end":{"line":63,"column":3}},"loc":{"start":{"line":63,"column":38},"end":{"line":71,"column":3}},"line":63},"7":{"name":"(anonymous_7)","decl":{"start":{"line":73,"column":2},"end":{"line":73,"column":3}},"loc":{"start":{"line":73,"column":41},"end":{"line":81,"column":3}},"line":73},"8":{"name":"(anonymous_8)","decl":{"start":{"line":83,"column":2},"end":{"line":83,"column":3}},"loc":{"start":{"line":83,"column":34},"end":{"line":97,"column":3}},"line":83},"9":{"name":"(anonymous_9)","decl":{"start":{"line":99,"column":2},"end":{"line":99,"column":3}},"loc":{"start":{"line":99,"column":37},"end":{"line":107,"column":3}},"line":99},"10":{"name":"(anonymous_10)","decl":{"start":{"line":109,"column":2},"end":{"line":109,"column":3}},"loc":{"start":{"line":109,"column":42},"end":{"line":123,"column":3}},"line":109},"11":{"name":"(anonymous_11)","decl":{"start":{"line":125,"column":2},"end":{"line":125,"column":3}},"loc":{"start":{"line":125,"column":50},"end":{"line":137,"column":3}},"line":125},"12":{"name":"(anonymous_12)","decl":{"start":{"line":139,"column":2},"end":{"line":139,"column":3}},"loc":{"start":{"line":139,"column":42},"end":{"line":153,"column":3}},"line":139},"13":{"name":"(anonymous_13)","decl":{"start":{"line":155,"column":2},"end":{"line":155,"column":3}},"loc":{"start":{"line":155,"column":33},"end":{"line":163,"column":3}},"line":155},"14":{"name":"(anonymous_14)","decl":{"start":{"line":165,"column":2},"end":{"line":165,"column":3}},"loc":{"start":{"line":165,"column":45},"end":{"line":171,"column":3}},"line":165}},"branchMap":{"0":{"loc":{"start":{"line":25,"column":6},"end":{"line":27,"column":7}},"type":"if","locations":[{"start":{"line":25,"column":6},"end":{"line":27,"column":7}},{"start":{},"end":{}}],"line":25},"1":{"loc":{"start":{"line":88,"column":6},"end":{"line":90,"column":7}},"type":"if","locations":[{"start":{"line":88,"column":6},"end":{"line":90,"column":7}},{"start":{},"end":{}}],"line":88},"2":{"loc":{"start":{"line":145,"column":8},"end":{"line":145,"column":21}},"type":"binary-expr","locations":[{"start":{"line":145,"column":8},"end":{"line":145,"column":15}},{"start":{"line":145,"column":19},"end":{"line":145,"column":21}}],"line":145},"3":{"loc":{"start":{"line":167,"column":4},"end":{"line":169,"column":5}},"type":"if","locations":[{"start":{"line":167,"column":4},"end":{"line":169,"column":5}},{"start":{},"end":{}}],"line":167}},"s":{"0":2,"1":2,"2":2,"3":2,"4":2,"5":2,"6":0,"7":0,"8":0,"9":0,"10":0,"11":0,"12":0,"13":0,"14":0,"15":0,"16":0,"17":0,"18":0,"19":0,"20":0,"21":0,"22":0,"23":0,"24":0,"25":0,"26":0,"27":0,"28":0,"29":0,"30":0,"31":0,"32":0,"33":0,"34":0,"35":0,"36":0,"37":0,"38":0,"39":0,"40":0,"41":0,"42":0,"43":0,"44":0,"45":0,"46":0,"47":0,"48":0,"49":0,"50":0,"51":0,"52":0,"53":0,"54":0,"55":0,"56":0,"57":0,"58":0,"59":0,"60":0,"61":0,"62":0,"63":0,"64":0,"65":0,"66":0,"67":0,"68":0,"69":0,"70":0,"71":0,"72":0,"73":0,"74":0,"75":0,"76":0,"77":0,"78":0,"79":0,"80":2},"f":{"0":2,"1":0,"2":0,"3":0,"4":0,"5":0,"6":0,"7":0,"8":0,"9":0,"10":0,"11":0,"12":0,"13":0,"14":0},"b":{"0":[0,0],"1":[0,0],"2":[0,0],"3":[0,0]},"_coverageSchema":"1a1c01bbd47fc00a2c39e90264f33305004495a9","hash":"54bce5ac7e2886e7dd2d967429d059abeac01f29"}
,"D:\\Mes Projets\\plongee-app\\backend\\activites-service\\src\\controllers\\PlongeeController.js": {"path":"D:\\Mes Projets\\plongee-app\\backend\\activites-service\\src\\controllers\\PlongeeController.js","statementMap":{"0":{"start":{"line":1,"column":23},"end":{"line":1,"column":50}},"1":{"start":{"line":2,"column":23},"end":{"line":2,"column":60}},"2":{"start":{"line":3,"column":23},"end":{"line":3,"column":72}},"3":{"start":{"line":4,"column":23},"end":{"line":4,"column":49}},"4":{"start":{"line":5,"column":63},"end":{"line":5,"column":86}},"5":{"start":{"line":9,"column":20},"end":{"line":9,"column":40}},"6":{"start":{"line":10,"column":4},"end":{"line":10,"column":19}},"7":{"start":{"line":11,"column":4},"end":{"line":11,"column":34}},"8":{"start":{"line":15,"column":4},"end":{"line":24,"column":5}},"9":{"start":{"line":16,"column":22},"end":{"line":16,"column":64}},"10":{"start":{"line":17,"column":6},"end":{"line":21,"column":9}},"11":{"start":{"line":23,"column":6},"end":{"line":23,"column":35}},"12":{"start":{"line":28,"column":4},"end":{"line":42,"column":5}},"13":{"start":{"line":29,"column":21},"end":{"line":29,"column":79}},"14":{"start":{"line":30,"column":6},"end":{"line":35,"column":7}},"15":{"start":{"line":31,"column":8},"end":{"line":34,"column":11}},"16":{"start":{"line":36,"column":6},"end":{"line":39,"column":9}},"17":{"start":{"line":41,"column":6},"end":{"line":41,"column":35}},"18":{"start":{"line":46,"column":4},"end":{"line":63,"column":5}},"19":{"start":{"line":47,"column":31},"end":{"line":47,"column":41}},"20":{"start":{"line":48,"column":22},"end":{"line":48,"column":93}},"21":{"start":{"line":52,"column":28},"end":{"line":52,"column":95}},"22":{"start":{"line":52,"column":55},"end":{"line":52,"column":91}},"23":{"start":{"line":53,"column":26},"end":{"line":53,"column":81}},"24":{"start":{"line":53,"column":55},"end":{"line":53,"column":77}},"25":{"start":{"line":54,"column":6},"end":{"line":60,"column":9}},"26":{"start":{"line":62,"column":6},"end":{"line":62,"column":35}},"27":{"start":{"line":70,"column":4},"end":{"line":82,"column":5}},"28":{"start":{"line":71,"column":31},"end":{"line":71,"column":41}},"29":{"start":{"line":72,"column":23},"end":{"line":72,"column":94}},"30":{"start":{"line":73,"column":23},"end":{"line":73,"column":100}},"31":{"start":{"line":74,"column":6},"end":{"line":76,"column":7}},"32":{"start":{"line":75,"column":8},"end":{"line":75,"column":88}},"33":{"start":{"line":77,"column":28},"end":{"line":77,"column":96}},"34":{"start":{"line":77,"column":56},"end":{"line":77,"column":92}},"35":{"start":{"line":78,"column":26},"end":{"line":78,"column":82}},"36":{"start":{"line":78,"column":56},"end":{"line":78,"column":78}},"37":{"start":{"line":79,"column":6},"end":{"line":79,"column":89}},"38":{"start":{"line":81,"column":6},"end":{"line":81,"column":35}},"39":{"start":{"line":91,"column":4},"end":{"line":112,"column":5}},"40":{"start":{"line":92,"column":31},"end":{"line":92,"column":41}},"41":{"start":{"line":93,"column":23},"end":{"line":93,"column":94}},"42":{"start":{"line":94,"column":23},"end":{"line":94,"column":100}},"43":{"start":{"line":95,"column":6},"end":{"line":97,"column":7}},"44":{"start":{"line":96,"column":8},"end":{"line":96,"column":88}},"45":{"start":{"line":98,"column":23},"end":{"line":98,"column":71}},"46":{"start":{"line":98,"column":46},"end":{"line":98,"column":70}},"47":{"start":{"line":99,"column":28},"end":{"line":101,"column":14}},"48":{"start":{"line":100,"column":38},"end":{"line":100,"column":74}},"49":{"start":{"line":102,"column":20},"end":{"line":102,"column":79}},"50":{"start":{"line":102,"column":40},"end":{"line":102,"column":56}},"51":{"start":{"line":102,"column":73},"end":{"line":102,"column":78}},"52":{"start":{"line":103,"column":6},"end":{"line":109,"column":9}},"53":{"start":{"line":111,"column":6},"end":{"line":111,"column":35}},"54":{"start":{"line":116,"column":4},"end":{"line":130,"column":5}},"55":{"start":{"line":117,"column":21},"end":{"line":117,"column":120}},"56":{"start":{"line":118,"column":6},"end":{"line":123,"column":7}},"57":{"start":{"line":119,"column":8},"end":{"line":122,"column":11}},"58":{"start":{"line":124,"column":6},"end":{"line":127,"column":9}},"59":{"start":{"line":129,"column":6},"end":{"line":129,"column":35}},"60":{"start":{"line":134,"column":4},"end":{"line":142,"column":5}},"61":{"start":{"line":135,"column":20},"end":{"line":135,"column":63}},"62":{"start":{"line":136,"column":6},"end":{"line":139,"column":9}},"63":{"start":{"line":141,"column":6},"end":{"line":141,"column":35}},"64":{"start":{"line":146,"column":4},"end":{"line":151,"column":5}},"65":{"start":{"line":147,"column":23},"end":{"line":147,"column":62}},"66":{"start":{"line":148,"column":6},"end":{"line":148,"column":73}},"67":{"start":{"line":150,"column":6},"end":{"line":150,"column":35}},"68":{"start":{"line":155,"column":4},"end":{"line":160,"column":5}},"69":{"start":{"line":156,"column":20},"end":{"line":156,"column":56}},"70":{"start":{"line":157,"column":6},"end":{"line":157,"column":47}},"71":{"start":{"line":159,"column":6},"end":{"line":159,"column":35}},"72":{"start":{"line":164,"column":4},"end":{"line":183,"column":5}},"73":{"start":{"line":165,"column":37},"end":{"line":165,"column":46}},"74":{"start":{"line":166,"column":6},"end":{"line":171,"column":7}},"75":{"start":{"line":167,"column":8},"end":{"line":170,"column":11}},"76":{"start":{"line":172,"column":22},"end":{"line":175,"column":7}},"77":{"start":{"line":176,"column":6},"end":{"line":180,"column":9}},"78":{"start":{"line":182,"column":6},"end":{"line":182,"column":35}},"79":{"start":{"line":189,"column":4},"end":{"line":207,"column":5}},"80":{"start":{"line":190,"column":24},"end":{"line":190,"column":44}},"81":{"start":{"line":191,"column":6},"end":{"line":194,"column":7}},"82":{"start":{"line":192,"column":25},"end":{"line":192,"column":78}},"83":{"start":{"line":193,"column":8},"end":{"line":193,"column":44}},"84":{"start":{"line":195,"column":21},"end":{"line":199,"column":7}},"85":{"start":{"line":200,"column":6},"end":{"line":204,"column":9}},"86":{"start":{"line":206,"column":6},"end":{"line":206,"column":35}},"87":{"start":{"line":211,"column":19},"end":{"line":211,"column":74}},"88":{"start":{"line":212,"column":4},"end":{"line":217,"column":5}},"89":{"start":{"line":213,"column":6},"end":{"line":216,"column":9}},"90":{"start":{"line":218,"column":4},"end":{"line":218,"column":11}},"91":{"start":{"line":222,"column":0},"end":{"line":222,"column":35}}},"fnMap":{"0":{"name":"(anonymous_0)","decl":{"start":{"line":8,"column":2},"end":{"line":8,"column":3}},"loc":{"start":{"line":8,"column":16},"end":{"line":12,"column":3}},"line":8},"1":{"name":"(anonymous_1)","decl":{"start":{"line":14,"column":2},"end":{"line":14,"column":3}},"loc":{"start":{"line":14,"column":31},"end":{"line":25,"column":3}},"line":14},"2":{"name":"(anonymous_2)","decl":{"start":{"line":27,"column":2},"end":{"line":27,"column":3}},"loc":{"start":{"line":27,"column":32},"end":{"line":43,"column":3}},"line":27},"3":{"name":"(anonymous_3)","decl":{"start":{"line":45,"column":2},"end":{"line":45,"column":3}},"loc":{"start":{"line":45,"column":38},"end":{"line":64,"column":3}},"line":45},"4":{"name":"(anonymous_4)","decl":{"start":{"line":52,"column":43},"end":{"line":52,"column":44}},"loc":{"start":{"line":52,"column":55},"end":{"line":52,"column":91}},"line":52},"5":{"name":"(anonymous_5)","decl":{"start":{"line":53,"column":41},"end":{"line":53,"column":42}},"loc":{"start":{"line":53,"column":55},"end":{"line":53,"column":77}},"line":53},"6":{"name":"(anonymous_6)","decl":{"start":{"line":69,"column":2},"end":{"line":69,"column":3}},"loc":{"start":{"line":69,"column":37},"end":{"line":83,"column":3}},"line":69},"7":{"name":"(anonymous_7)","decl":{"start":{"line":77,"column":44},"end":{"line":77,"column":45}},"loc":{"start":{"line":77,"column":56},"end":{"line":77,"column":92}},"line":77},"8":{"name":"(anonymous_8)","decl":{"start":{"line":78,"column":42},"end":{"line":78,"column":43}},"loc":{"start":{"line":78,"column":56},"end":{"line":78,"column":78}},"line":78},"9":{"name":"(anonymous_9)","decl":{"start":{"line":90,"column":2},"end":{"line":90,"column":3}},"loc":{"start":{"line":90,"column":47},"end":{"line":113,"column":3}},"line":90},"10":{"name":"(anonymous_10)","decl":{"start":{"line":98,"column":39},"end":{"line":98,"column":40}},"loc":{"start":{"line":98,"column":46},"end":{"line":98,"column":70}},"line":98},"11":{"name":"(anonymous_11)","decl":{"start":{"line":100,"column":26},"end":{"line":100,"column":27}},"loc":{"start":{"line":100,"column":38},"end":{"line":100,"column":74}},"line":100},"12":{"name":"(anonymous_12)","decl":{"start":{"line":102,"column":33},"end":{"line":102,"column":34}},"loc":{"start":{"line":102,"column":40},"end":{"line":102,"column":56}},"line":102},"13":{"name":"(anonymous_13)","decl":{"start":{"line":102,"column":63},"end":{"line":102,"column":64}},"loc":{"start":{"line":102,"column":73},"end":{"line":102,"column":78}},"line":102},"14":{"name":"(anonymous_14)","decl":{"start":{"line":115,"column":2},"end":{"line":115,"column":3}},"loc":{"start":{"line":115,"column":39},"end":{"line":131,"column":3}},"line":115},"15":{"name":"(anonymous_15)","decl":{"start":{"line":133,"column":2},"end":{"line":133,"column":3}},"loc":{"start":{"line":133,"column":33},"end":{"line":143,"column":3}},"line":133},"16":{"name":"(anonymous_16)","decl":{"start":{"line":145,"column":2},"end":{"line":145,"column":3}},"loc":{"start":{"line":145,"column":38},"end":{"line":152,"column":3}},"line":145},"17":{"name":"(anonymous_17)","decl":{"start":{"line":154,"column":2},"end":{"line":154,"column":3}},"loc":{"start":{"line":154,"column":33},"end":{"line":161,"column":3}},"line":154},"18":{"name":"(anonymous_18)","decl":{"start":{"line":163,"column":2},"end":{"line":163,"column":3}},"loc":{"start":{"line":163,"column":39},"end":{"line":184,"column":3}},"line":163},"19":{"name":"(anonymous_19)","decl":{"start":{"line":188,"column":2},"end":{"line":188,"column":3}},"loc":{"start":{"line":188,"column":40},"end":{"line":208,"column":3}},"line":188},"20":{"name":"(anonymous_20)","decl":{"start":{"line":210,"column":2},"end":{"line":210,"column":3}},"loc":{"start":{"line":210,"column":45},"end":{"line":219,"column":3}},"line":210}},"branchMap":{"0":{"loc":{"start":{"line":30,"column":6},"end":{"line":35,"column":7}},"type":"if","locations":[{"start":{"line":30,"column":6},"end":{"line":35,"column":7}},{"start":{},"end":{}}],"line":30},"1":{"loc":{"start":{"line":52,"column":69},"end":{"line":52,"column":90}},"type":"binary-expr","locations":[{"start":{"line":52,"column":69},"end":{"line":52,"column":85}},{"start":{"line":52,"column":89},"end":{"line":52,"column":90}}],"line":52},"2":{"loc":{"start":{"line":53,"column":64},"end":{"line":53,"column":76}},"type":"binary-expr","locations":[{"start":{"line":53,"column":64},"end":{"line":53,"column":71}},{"start":{"line":53,"column":75},"end":{"line":53,"column":76}}],"line":53},"3":{"loc":{"start":{"line":74,"column":6},"end":{"line":76,"column":7}},"type":"if","locations":[{"start":{"line":74,"column":6},"end":{"line":76,"column":7}},{"start":{},"end":{}}],"line":74},"4":{"loc":{"start":{"line":77,"column":70},"end":{"line":77,"column":91}},"type":"binary-expr","locations":[{"start":{"line":77,"column":70},"end":{"line":77,"column":86}},{"start":{"line":77,"column":90},"end":{"line":77,"column":91}}],"line":77},"5":{"loc":{"start":{"line":78,"column":65},"end":{"line":78,"column":77}},"type":"binary-expr","locations":[{"start":{"line":78,"column":65},"end":{"line":78,"column":72}},{"start":{"line":78,"column":76},"end":{"line":78,"column":77}}],"line":78},"6":{"loc":{"start":{"line":95,"column":6},"end":{"line":97,"column":7}},"type":"if","locations":[{"start":{"line":95,"column":6},"end":{"line":97,"column":7}},{"start":{},"end":{}}],"line":95},"7":{"loc":{"start":{"line":99,"column":28},"end":{"line":101,"column":14}},"type":"cond-expr","locations":[{"start":{"line":100,"column":10},"end":{"line":100,"column":78}},{"start":{"line":101,"column":10},"end":{"line":101,"column":14}}],"line":99},"8":{"loc":{"start":{"line":100,"column":52},"end":{"line":100,"column":73}},"type":"binary-expr","locations":[{"start":{"line":100,"column":52},"end":{"line":100,"column":68}},{"start":{"line":100,"column":72},"end":{"line":100,"column":73}}],"line":100},"9":{"loc":{"start":{"line":107,"column":19},"end":{"line":107,"column":35}},"type":"binary-expr","locations":[{"start":{"line":107,"column":19},"end":{"line":107,"column":27}},{"start":{"line":107,"column":31},"end":{"line":107,"column":35}}],"line":107},"10":{"loc":{"start":{"line":108,"column":17},"end":{"line":108,"column":48}},"type":"binary-expr","locations":[{"start":{"line":108,"column":17},"end":{"line":108,"column":40}},{"start":{"line":108,"column":44},"end":{"line":108,"column":48}}],"line":108},"11":{"loc":{"start":{"line":118,"column":6},"end":{"line":123,"column":7}},"type":"if","locations":[{"start":{"line":118,"column":6},"end":{"line":123,"column":7}},{"start":{},"end":{}}],"line":118},"12":{"loc":{"start":{"line":166,"column":6},"end":{"line":171,"column":7}},"type":"if","locations":[{"start":{"line":166,"column":6},"end":{"line":171,"column":7}},{"start":{},"end":{}}],"line":166},"13":{"loc":{"start":{"line":166,"column":10},"end":{"line":166,"column":32}},"type":"binary-expr","locations":[{"start":{"line":166,"column":10},"end":{"line":166,"column":20}},{"start":{"line":166,"column":24},"end":{"line":166,"column":32}}],"line":166},"14":{"loc":{"start":{"line":191,"column":6},"end":{"line":194,"column":7}},"type":"if","locations":[{"start":{"line":191,"column":6},"end":{"line":194,"column":7}},{"start":{},"end":{}}],"line":191},"15":{"loc":{"start":{"line":191,"column":10},"end":{"line":191,"column":38}},"type":"binary-expr","locations":[{"start":{"line":191,"column":10},"end":{"line":191,"column":22}},{"start":{"line":191,"column":26},"end":{"line":191,"column":38}}],"line":191},"16":{"loc":{"start":{"line":212,"column":4},"end":{"line":217,"column":5}},"type":"if","locations":[{"start":{"line":212,"column":4},"end":{"line":217,"column":5}},{"start":{},"end":{}}],"line":212}},"s":{"0":2,"1":2,"2":2,"3":2,"4":2,"5":2,"6":2,"7":2,"8":0,"9":0,"10":0,"11":0,"12":0,"13":0,"14":0,"15":0,"16":0,"17":0,"18":0,"19":0,"20":0,"21":0,"22":0,"23":0,"24":0,"25":0,"26":0,"27":0,"28":0,"29":0,"30":0,"31":0,"32":0,"33":0,"34":0,"35":0,"36":0,"37":0,"38":0,"39":0,"40":0,"41":0,"42":0,"43":0,"44":0,"45":0,"46":0,"47":0,"48":0,"49":0,"50":0,"51":0,"52":0,"53":0,"54":0,"55":0,"56":0,"57":0,"58":0,"59":0,"60":0,"61":0,"62":0,"63":0,"64":0,"65":0,"66":0,"67":0,"68":0,"69":0,"70":0,"71":0,"72":0,"73":0,"74":0,"75":0,"76":0,"77":0,"78":0,"79":0,"80":0,"81":0,"82":0,"83":0,"84":0,"85":0,"86":0,"87":0,"88":0,"89":0,"90":0,"91":2},"f":{"0":2,"1":0,"2":0,"3":0,"4":0,"5":0,"6":0,"7":0,"8":0,"9":0,"10":0,"11":0,"12":0,"13":0,"14":0,"15":0,"16":0,"17":0,"18":0,"19":0,"20":0},"b":{"0":[0,0],"1":[0,0],"2":[0,0],"3":[0,0],"4":[0,0],"5":[0,0],"6":[0,0],"7":[0,0],"8":[0,0],"9":[0,0],"10":[0,0],"11":[0,0],"12":[0,0],"13":[0,0],"14":[0,0],"15":[0,0],"16":[0,0]},"_coverageSchema":"1a1c01bbd47fc00a2c39e90264f33305004495a9","hash":"22ce0b2e85f72fd40128a9b3f1d234784219b9e9"}
,"D:\\Mes Projets\\plongee-app\\backend\\activites-service\\src\\controllers\\SortieController.js": {"path":"D:\\Mes Projets\\plongee-app\\backend\\activites-service\\src\\controllers\\SortieController.js","statementMap":{"0":{"start":{"line":1,"column":23},"end":{"line":1,"column":50}},"1":{"start":{"line":2,"column":22},"end":{"line":2,"column":58}},"2":{"start":{"line":3,"column":23},"end":{"line":3,"column":49}},"3":{"start":{"line":7,"column":20},"end":{"line":7,"column":39}},"4":{"start":{"line":8,"column":4},"end":{"line":8,"column":19}},"5":{"start":{"line":9,"column":4},"end":{"line":9,"column":33}},"6":{"start":{"line":13,"column":4},"end":{"line":22,"column":5}},"7":{"start":{"line":14,"column":22},"end":{"line":14,"column":63}},"8":{"start":{"line":15,"column":6},"end":{"line":19,"column":9}},"9":{"start":{"line":21,"column":6},"end":{"line":21,"column":35}},"10":{"start":{"line":26,"column":4},"end":{"line":35,"column":5}},"11":{"start":{"line":27,"column":22},"end":{"line":27,"column":75}},"12":{"start":{"line":28,"column":6},"end":{"line":32,"column":9}},"13":{"start":{"line":34,"column":6},"end":{"line":34,"column":35}},"14":{"start":{"line":39,"column":4},"end":{"line":48,"column":5}},"15":{"start":{"line":40,"column":22},"end":{"line":40,"column":100}},"16":{"start":{"line":41,"column":6},"end":{"line":45,"column":9}},"17":{"start":{"line":47,"column":6},"end":{"line":47,"column":35}},"18":{"start":{"line":52,"column":4},"end":{"line":60,"column":5}},"19":{"start":{"line":53,"column":22},"end":{"line":53,"column":67}},"20":{"start":{"line":54,"column":6},"end":{"line":57,"column":9}},"21":{"start":{"line":59,"column":6},"end":{"line":59,"column":35}},"22":{"start":{"line":64,"column":4},"end":{"line":72,"column":5}},"23":{"start":{"line":65,"column":20},"end":{"line":65,"column":61}},"24":{"start":{"line":66,"column":6},"end":{"line":69,"column":9}},"25":{"start":{"line":71,"column":6},"end":{"line":71,"column":35}},"26":{"start":{"line":76,"column":4},"end":{"line":81,"column":5}},"27":{"start":{"line":77,"column":20},"end":{"line":77,"column":55}},"28":{"start":{"line":78,"column":6},"end":{"line":78,"column":47}},"29":{"start":{"line":80,"column":6},"end":{"line":80,"column":35}},"30":{"start":{"line":85,"column":4},"end":{"line":90,"column":5}},"31":{"start":{"line":86,"column":30},"end":{"line":86,"column":75}},"32":{"start":{"line":87,"column":6},"end":{"line":87,"column":61}},"33":{"start":{"line":89,"column":6},"end":{"line":89,"column":35}},"34":{"start":{"line":94,"column":4},"end":{"line":111,"column":5}},"35":{"start":{"line":95,"column":21},"end":{"line":95,"column":31}},"36":{"start":{"line":96,"column":21},"end":{"line":96,"column":103}},"37":{"start":{"line":98,"column":6},"end":{"line":103,"column":7}},"38":{"start":{"line":99,"column":8},"end":{"line":102,"column":11}},"39":{"start":{"line":105,"column":6},"end":{"line":108,"column":9}},"40":{"start":{"line":110,"column":6},"end":{"line":110,"column":35}},"41":{"start":{"line":115,"column":4},"end":{"line":133,"column":5}},"42":{"start":{"line":116,"column":21},"end":{"line":116,"column":31}},"43":{"start":{"line":117,"column":21},"end":{"line":117,"column":106}},"44":{"start":{"line":119,"column":6},"end":{"line":124,"column":7}},"45":{"start":{"line":120,"column":8},"end":{"line":123,"column":11}},"46":{"start":{"line":126,"column":6},"end":{"line":130,"column":9}},"47":{"start":{"line":132,"column":6},"end":{"line":132,"column":35}},"48":{"start":{"line":137,"column":4},"end":{"line":157,"column":5}},"49":{"start":{"line":138,"column":21},"end":{"line":138,"column":31}},"50":{"start":{"line":139,"column":31},"end":{"line":139,"column":39}},"51":{"start":{"line":140,"column":21},"end":{"line":140,"column":32}},"52":{"start":{"line":142,"column":21},"end":{"line":147,"column":7}},"53":{"start":{"line":149,"column":6},"end":{"line":153,"column":9}},"54":{"start":{"line":155,"column":6},"end":{"line":155,"column":62}},"55":{"start":{"line":156,"column":6},"end":{"line":156,"column":35}},"56":{"start":{"line":161,"column":4},"end":{"line":180,"column":5}},"57":{"start":{"line":162,"column":33},"end":{"line":162,"column":43}},"58":{"start":{"line":163,"column":19},"end":{"line":163,"column":27}},"59":{"start":{"line":164,"column":21},"end":{"line":164,"column":32}},"60":{"start":{"line":166,"column":21},"end":{"line":170,"column":7}},"61":{"start":{"line":172,"column":6},"end":{"line":176,"column":9}},"62":{"start":{"line":178,"column":6},"end":{"line":178,"column":60}},"63":{"start":{"line":179,"column":6},"end":{"line":179,"column":35}},"64":{"start":{"line":184,"column":4},"end":{"line":201,"column":5}},"65":{"start":{"line":185,"column":33},"end":{"line":185,"column":43}},"66":{"start":{"line":186,"column":21},"end":{"line":186,"column":32}},"67":{"start":{"line":188,"column":21},"end":{"line":191,"column":7}},"68":{"start":{"line":193,"column":6},"end":{"line":197,"column":9}},"69":{"start":{"line":199,"column":6},"end":{"line":199,"column":58}},"70":{"start":{"line":200,"column":6},"end":{"line":200,"column":35}},"71":{"start":{"line":205,"column":4},"end":{"line":222,"column":5}},"72":{"start":{"line":206,"column":21},"end":{"line":206,"column":31}},"73":{"start":{"line":207,"column":21},"end":{"line":207,"column":67}},"74":{"start":{"line":209,"column":6},"end":{"line":214,"column":7}},"75":{"start":{"line":210,"column":8},"end":{"line":213,"column":11}},"76":{"start":{"line":216,"column":6},"end":{"line":219,"column":9}},"77":{"start":{"line":221,"column":6},"end":{"line":221,"column":35}},"78":{"start":{"line":226,"column":4},"end":{"line":235,"column":5}},"79":{"start":{"line":227,"column":21},"end":{"line":227,"column":62}},"80":{"start":{"line":228,"column":6},"end":{"line":232,"column":9}},"81":{"start":{"line":234,"column":6},"end":{"line":234,"column":35}},"82":{"start":{"line":239,"column":4},"end":{"line":249,"column":5}},"83":{"start":{"line":240,"column":21},"end":{"line":240,"column":31}},"84":{"start":{"line":241,"column":21},"end":{"line":241,"column":76}},"85":{"start":{"line":242,"column":6},"end":{"line":246,"column":9}},"86":{"start":{"line":248,"column":6},"end":{"line":248,"column":35}},"87":{"start":{"line":253,"column":4},"end":{"line":262,"column":5}},"88":{"start":{"line":254,"column":21},"end":{"line":254,"column":31}},"89":{"start":{"line":255,"column":6},"end":{"line":255,"column":52}},"90":{"start":{"line":256,"column":6},"end":{"line":259,"column":9}},"91":{"start":{"line":261,"column":6},"end":{"line":261,"column":35}},"92":{"start":{"line":266,"column":4},"end":{"line":277,"column":5}},"93":{"start":{"line":267,"column":21},"end":{"line":267,"column":74}},"94":{"start":{"line":268,"column":6},"end":{"line":273,"column":7}},"95":{"start":{"line":269,"column":8},"end":{"line":272,"column":11}},"96":{"start":{"line":274,"column":6},"end":{"line":274,"column":13}},"97":{"start":{"line":276,"column":6},"end":{"line":276,"column":35}},"98":{"start":{"line":281,"column":0},"end":{"line":281,"column":34}}},"fnMap":{"0":{"name":"(anonymous_0)","decl":{"start":{"line":6,"column":2},"end":{"line":6,"column":3}},"loc":{"start":{"line":6,"column":16},"end":{"line":10,"column":3}},"line":6},"1":{"name":"(anonymous_1)","decl":{"start":{"line":12,"column":2},"end":{"line":12,"column":3}},"loc":{"start":{"line":12,"column":31},"end":{"line":23,"column":3}},"line":12},"2":{"name":"(anonymous_2)","decl":{"start":{"line":25,"column":2},"end":{"line":25,"column":3}},"loc":{"start":{"line":25,"column":43},"end":{"line":36,"column":3}},"line":25},"3":{"name":"(anonymous_3)","decl":{"start":{"line":38,"column":2},"end":{"line":38,"column":3}},"loc":{"start":{"line":38,"column":51},"end":{"line":49,"column":3}},"line":38},"4":{"name":"(anonymous_4)","decl":{"start":{"line":51,"column":2},"end":{"line":51,"column":3}},"loc":{"start":{"line":51,"column":43},"end":{"line":61,"column":3}},"line":51},"5":{"name":"(anonymous_5)","decl":{"start":{"line":63,"column":2},"end":{"line":63,"column":3}},"loc":{"start":{"line":63,"column":33},"end":{"line":73,"column":3}},"line":63},"6":{"name":"(anonymous_6)","decl":{"start":{"line":75,"column":2},"end":{"line":75,"column":3}},"loc":{"start":{"line":75,"column":33},"end":{"line":82,"column":3}},"line":75},"7":{"name":"(anonymous_7)","decl":{"start":{"line":84,"column":2},"end":{"line":84,"column":3}},"loc":{"start":{"line":84,"column":43},"end":{"line":91,"column":3}},"line":84},"8":{"name":"(anonymous_8)","decl":{"start":{"line":93,"column":2},"end":{"line":93,"column":3}},"loc":{"start":{"line":93,"column":41},"end":{"line":112,"column":3}},"line":93},"9":{"name":"(anonymous_9)","decl":{"start":{"line":114,"column":2},"end":{"line":114,"column":3}},"loc":{"start":{"line":114,"column":36},"end":{"line":134,"column":3}},"line":114},"10":{"name":"(anonymous_10)","decl":{"start":{"line":136,"column":2},"end":{"line":136,"column":3}},"loc":{"start":{"line":136,"column":44},"end":{"line":158,"column":3}},"line":136},"11":{"name":"(anonymous_11)","decl":{"start":{"line":160,"column":2},"end":{"line":160,"column":3}},"loc":{"start":{"line":160,"column":41},"end":{"line":181,"column":3}},"line":160},"12":{"name":"(anonymous_12)","decl":{"start":{"line":183,"column":2},"end":{"line":183,"column":3}},"loc":{"start":{"line":183,"column":40},"end":{"line":202,"column":3}},"line":183},"13":{"name":"(anonymous_13)","decl":{"start":{"line":204,"column":2},"end":{"line":204,"column":3}},"loc":{"start":{"line":204,"column":32},"end":{"line":223,"column":3}},"line":204},"14":{"name":"(anonymous_14)","decl":{"start":{"line":225,"column":2},"end":{"line":225,"column":3}},"loc":{"start":{"line":225,"column":31},"end":{"line":236,"column":3}},"line":225},"15":{"name":"(anonymous_15)","decl":{"start":{"line":238,"column":2},"end":{"line":238,"column":3}},"loc":{"start":{"line":238,"column":31},"end":{"line":250,"column":3}},"line":238},"16":{"name":"(anonymous_16)","decl":{"start":{"line":252,"column":2},"end":{"line":252,"column":3}},"loc":{"start":{"line":252,"column":31},"end":{"line":263,"column":3}},"line":252},"17":{"name":"(anonymous_17)","decl":{"start":{"line":265,"column":2},"end":{"line":265,"column":3}},"loc":{"start":{"line":265,"column":45},"end":{"line":278,"column":3}},"line":265}},"branchMap":{"0":{"loc":{"start":{"line":98,"column":6},"end":{"line":103,"column":7}},"type":"if","locations":[{"start":{"line":98,"column":6},"end":{"line":103,"column":7}},{"start":{},"end":{}}],"line":98},"1":{"loc":{"start":{"line":119,"column":6},"end":{"line":124,"column":7}},"type":"if","locations":[{"start":{"line":119,"column":6},"end":{"line":124,"column":7}},{"start":{},"end":{}}],"line":119},"2":{"loc":{"start":{"line":209,"column":6},"end":{"line":214,"column":7}},"type":"if","locations":[{"start":{"line":209,"column":6},"end":{"line":214,"column":7}},{"start":{},"end":{}}],"line":209},"3":{"loc":{"start":{"line":268,"column":6},"end":{"line":273,"column":7}},"type":"if","locations":[{"start":{"line":268,"column":6},"end":{"line":273,"column":7}},{"start":{},"end":{}}],"line":268}},"s":{"0":2,"1":2,"2":2,"3":2,"4":2,"5":2,"6":2,"7":2,"8":2,"9":0,"10":0,"11":0,"12":0,"13":0,"14":0,"15":0,"16":0,"17":0,"18":0,"19":0,"20":0,"21":0,"22":0,"23":0,"24":0,"25":0,"26":0,"27":0,"28":0,"29":0,"30":0,"31":0,"32":0,"33":0,"34":0,"35":0,"36":0,"37":0,"38":0,"39":0,"40":0,"41":0,"42":0,"43":0,"44":0,"45":0,"46":0,"47":0,"48":0,"49":0,"50":0,"51":0,"52":0,"53":0,"54":0,"55":0,"56":0,"57":0,"58":0,"59":0,"60":0,"61":0,"62":0,"63":0,"64":0,"65":0,"66":0,"67":0,"68":0,"69":0,"70":0,"71":4,"72":4,"73":4,"74":4,"75":2,"76":2,"77":0,"78":1,"79":1,"80":1,"81":0,"82":1,"83":1,"84":1,"85":1,"86":0,"87":1,"88":1,"89":1,"90":1,"91":0,"92":2,"93":2,"94":2,"95":1,"96":1,"97":0,"98":2},"f":{"0":2,"1":2,"2":0,"3":0,"4":0,"5":0,"6":0,"7":
[...]
{"line":41,"column":1}},"line":32},"3":{"name":"getMoniteurByUserId","decl":{"start":{"line":43,"column":15},"end":{"line":43,"column":34}},"loc":{"start":{"line":43,"column":44},"end":{"line":51,"column":1}},"line":43},"4":{"name":"getMoniteurById","decl":{"start":{"line":56,"column":15},"end":{"line":56,"column":30}},"loc":{"start":{"line":56,"column":56},"end":{"line":67,"column":1}},"line":56},"5":{"name":"getPresidentIdForMoniteur","decl":{"start":{"line":69,"column":15},"end":{"line":69,"column":40}},"loc":{"start":{"line":69,"column":54},"end":{"line":78,"column":1}},"line":69},"6":{"name":"getUserBasicById","decl":{"start":{"line":81,"column":15},"end":{"line":81,"column":31}},"loc":{"start":{"line":81,"column":41},"end":{"line":89,"column":1}},"line":81},"7":{"name":"incrementPlongeesCount","decl":{"start":{"line":93,"column":15},"end":{"line":93,"column":37}},"loc":{"start":{"line":93,"column":64},"end":{"line":103,"column":1}},"line":93}},"branchMap":{"0":{"loc":{"start":{"line":7,"column":17},"end":{"line":7,"column":80}},"type":"binary-expr","locations":[{"start":{"line":7,"column":17},"end":{"line":7,"column":49}},{"start":{"line":7,"column":53},"end":{"line":7,"column":80}}],"line":7},"1":{"loc":{"start":{"line":11,"column":13},"end":{"line":11,"column":60}},"type":"cond-expr","locations":[{"start":{"line":11,"column":26},"end":{"line":11,"column":55}},{"start":{"line":11,"column":58},"end":{"line":11,"column":60}}],"line":11},"2":{"loc":{"start":{"line":13,"column":2},"end":{"line":13,"column":43}},"type":"if","locations":[{"start":{"line":13,"column":2},"end":{"line":13,"column":43}},{"start":{},"end":{}}],"line":13},"3":{"loc":{"start":{"line":14,"column":2},"end":{"line":16,"column":3}},"type":"if","locations":[{"start":{"line":14,"column":2},"end":{"line":16,"column":3}},{"start":{},"end":{}}],"line":14},"4":{"loc":{"start":{"line":22,"column":2},"end":{"line":22,"column":53}},"type":"if","locations":[{"start":{"line":22,"column":2},"end":{"line":22,"column":53}},{"start":{},"end":{}}],"line":22},"5":{"loc":{"start":{"line":22,"column":6},"end":{"line":22,"column":39}},"type":"binary-expr","locations":[{"start":{"line":22,"column":6},"end":{"line":22,"column":11}},{"start":{"line":22,"column":15},"end":{"line":22,"column":39}}],"line":22},"6":{"loc":{"start":{"line":24,"column":2},"end":{"line":24,"column":43}},"type":"if","locations":[{"start":{"line":24,"column":2},"end":{"line":24,"column":43}},{"start":{},"end":{}}],"line":24},"7":{"loc":{"start":{"line":25,"column":2},"end":{"line":27,"column":3}},"type":"if","locations":[{"start":{"line":25,"column":2},"end":{"line":27,"column":3}},{"start":{},"end":{}}],"line":25},"8":{"loc":{"start":{"line":33,"column":2},"end":{"line":33,"column":25}},"type":"if","locations":[{"start":{"line":33,"column":2},"end":{"line":33,"column":25}},{"start":{},"end":{}}],"line":33},"9":{"loc":{"start":{"line":35,"column":2},"end":{"line":35,"column":43}},"type":"if","locations":[{"start":{"line":35,"column":2},"end":{"line":35,"column":43}},{"start":{},"end":{}}],"line":35},"10":{"loc":{"start":{"line":36,"column":2},"end":{"line":38,"column":3}},"type":"if","locations":[{"start":{"line":36,"column":2},"end":{"line":38,"column":3}},{"start":{},"end":{}}],"line":36},"11":{"loc":{"start":{"line":40,"column":9},"end":{"line":40,"column":50}},"type":"cond-expr","locations":[{"start":{"line":40,"column":21},"end":{"line":40,"column":43}},{"start":{"line":40,"column":46},"end":{"line":40,"column":50}}],"line":40},"12":{"loc":{"start":{"line":45,"column":2},"end":{"line":45,"column":43}},"type":"if","locations":[{"start":{"line":45,"column":2},"end":{"line":45,"column":43}},{"start":{},"end":{}}],"line":45},"13":{"loc":{"start":{"line":46,"column":2},"end":{"line":48,"column":3}},"type":"if","locations":[{"start":{"line":46,"column":2},"end":{"line":48,"column":3}},{"start":{},"end":{}}],"line":46},"14":{"loc":{"start":{"line":57,"column":2},"end":{"line":57,"column":32}},"type":"if","locations":[{"start":{"line":57,"column":2},"end":{"line":57,"column":32}},{"start":{},"end":{}}],"line":57},"15":{"loc":{"start":{"line":59,"column":13},"end":{"line":59,"column":60}},"type":"cond-expr","locations":[{"start":{"line":59,"column":26},"end":{"line":59,"column":55}},{"start":{"line":59,"column":58},"end":{"line":59,"column":60}}],"line":59},"16":{"loc":{"start":{"line":61,"column":2},"end":{"line":61,"column":43}},"type":"if","locations":[{"start":{"line":61,"column":2},"end":{"line":61,"column":43}},{"start":{},"end":{}}],"line":61},"17":{"loc":{"start":{"line":62,"column":2},"end":{"line":64,"column":3}},"type":"if","locations":[{"start":{"line":62,"column":2},"end":{"line":64,"column":3}},{"start":{},"end":{}}],"line":62},"18":{"loc":{"start":{"line":70,"column":2},"end":{"line":70,"column":32}},"type":"if","locations":[{"start":{"line":70,"column":2},"end":{"line":70,"column":32}},{"start":{},"end":{}}],"line":70},"19":{"loc":{"start":{"line":72,"column":2},"end":{"line":72,"column":43}},"type":"if","locations":[{"start":{"line":72,"column":2},"end":{"line":72,"column":43}},{"start":{},"end":{}}],"line":72},"20":{"loc":{"start":{"line":73,"column":2},"end":{"line":75,"column":3}},"type":"if","locations":[{"start":{"line":73,"column":2},"end":{"line":75,"column":3}},{"start":{},"end":{}}],"line":73},"21":{"loc":{"start":{"line":77,"column":9},"end":{"line":77,"column":50}},"type":"cond-expr","locations":[{"start":{"line":77,"column":21},"end":{"line":77,"column":43}},{"start":{"line":77,"column":46},"end":{"line":77,"column":50}}],"line":77},"22":{"loc":{"start":{"line":83,"column":2},"end":{"line":83,"column":43}},"type":"if","locations":[{"start":{"line":83,"column":2},"end":{"line":83,"column":43}},{"start":{},"end":{}}],"line":83},"23":{"loc":{"start":{"line":84,"column":2},"end":{"line":86,"column":3}},"type":"if","locations":[{"start":{"line":84,"column":2},"end":{"line":86,"column":3}},{"start":{},"end":{}}],"line":84},"24":{"loc":{"start":{"line":96,"column":13},"end":{"line":96,"column":60}},"type":"cond-expr","locations":[{"start":{"line":96,"column":26},"end":{"line":96,"column":55}},{"start":{"line":96,"column":58},"end":{"line":96,"column":60}}],"line":96},"25":{"loc":{"start":{"line":98,"column":2},"end":{"line":100,"column":3}},"type":"if","locations":[{"start":{"line":98,"column":2},"end":{"line":100,"column":3}},{"start":{},"end":{}}],"line":98}},"s":{"0":3,"1":0,"2":0,"3":0,"4":0,"5":0,"6":0,"7":0,"8":2,"9":2,"10":0,"11":0,"12":0,"13":0,"14":0,"15":0,"16":0,"17":0,"18":0,"19":0,"20":0,"21":0,"22":0,"23":0,"24":0,"25":0,"26":0,"27":0,"28":0,"29":0,"30":0,"31":0,"32":0,"33":0,"34":0,"35":0,"36":0,"37":0,"38":0,"39":0,"40":0,"41":0,"42":0,"43":0,"44":0,"45":0,"46":0,"47":0,"48":0,"49":0,"50":0,"51":0,"52":0,"53":0,"54":0,"55":0,"56":0,"57":0,"58":0,"59":0,"60":0,"61":0,"62":0,"63":3},"f":{"0":0,"1":2,"2":0,"3":0,"4":0,"5":0,"6":0,"7":0},"b":{"0":[3,0],"1":[0,0],"2":[0,0],"3":[0,0],"4":[2,0],"5":[2,2],"6":[0,0],"7":[0,0],"8":[0,0],"9":[0,0],"10":[0,0],"11":[0,0],"12":[0,0],"13":[0,0],"14":[0,0],"15":[0,0],"16":[0,0],"17":[0,0],"18":[0,0],"19":[0,0],"20":[0,0],"21":[0,0],"22":[0,0],"23":[0,0],"24":[0,0],"25":[0,0]},"_coverageSchema":"1a1c01bbd47fc00a2c39e90264f33305004495a9","hash":"45b2b017120e9f4658d3cdba6563f4e59f59e53b"}
,"D:\\Mes Projets\\plongee-app\\backend\\activites-service\\src\\utils\\serviceClients\\materielClient.js": {"path":"D:\\Mes Projets\\plongee-app\\backend\\activites-service\\src\\utils\\serviceClients\\materielClient.js","statementMap":{"0":{"start":{"line":4,"column":17},"end":{"line":6,"column":31}},"1":{"start":{"line":9,"column":19},"end":{"line":9,"column":86}},"2":{"start":{"line":10,"column":2},"end":{"line":12,"column":3}},"3":{"start":{"line":11,"column":4},"end":{"line":11,"column":95}},"4":{"start":{"line":13,"column":15},"end":{"line":13,"column":36}},"5":{"start":{"line":14,"column":2},"end":{"line":14,"column":29}},"6":{"start":{"line":18,"column":19},"end":{"line":18,"column":73}},"7":{"start":{"line":19,"column":2},"end":{"line":19,"column":32}},"8":{"start":{"line":19,"column":20},"end":{"line":19,"column":32}},"9":{"start":{"line":20,"column":15},"end":{"line":20,"column":36}},"10":{"start":{"line":21,"column":2},"end":{"line":21,"column":19}},"11":{"start":{"line":27,"column":19},"end":{"line":34,"column":4}},"12":{"start":{"line":35,"column":2},"end":{"line":37,"column":3}},"13":{"start":{"line":36,"column":4},"end":{"line":36,"column":111}},"14":{"start":{"line":38,"column":15},"end":{"line":38,"column":36}},"15":{"start":{"line":39,"column":2},"end":{"line":39,"column":19}},"16":{"start":{"line":43,"column":19},"end":{"line":50,"column":4}},"17":{"start":{"line":51,"column":15},"end":{"line":51,"column":54}},"18":{"start":{"line":51,"column":50},"end":{"line":51,"column":52}},"19":{"start":{"line":52,"column":2},"end":{"line":54,"column":3}},"20":{"start":{"line":53,"column":4},"end":{"line":53,"column":104}},"21":{"start":{"line":55,"column":2},"end":{"line":55,"column":19}},"22":{"start":{"line":58,"column":0},"end":{"line":58,"column":97}}},"fnMap":{"0":{"name":"checkAvailability","decl":{"start":{"line":8,"column":15},"end":{"line":8,"column":32}},"loc":{"start":{"line":8,"column":49},"end":{"line":15,"column":1}},"line":8},"1":{"name":"getByNumInventaire","decl":{"start":{"line":17,"column":15},"end":{"line":17,"column":33}},"loc":{"start":{"line":17,"column":50},"end":{"line":22,"column":1}},"line":17},"2":{"name":"updateLocalisation","decl":{"start":{"line":26,"column":15},"end":{"line":26,"column":33}},"loc":{"start":{"line":26,"column":76},"end":{"line":40,"column":1}},"line":26},"3":{"name":"createReparation","decl":{"start":{"line":42,"column":15},"end":{"line":42,"column":31}},"loc":{"start":{"line":42,"column":53},"end":{"line":56,"column":1}},"line":42},"4":{"name":"(anonymous_4)","decl":{"start":{"line":51,"column":43},"end":{"line":51,"column":44}},"loc":{"start":{"line":51,"column":50},"end":{"line":51,"column":52}},"line":51}},"branchMap":{"0":{"loc":{"start":{"line":4,"column":17},"end":{"line":6,"column":31}},"type":"cond-expr","locations":[{"start":{"line":5,"column":4},"end":{"line":5,"column":45}},{"start":{"line":6,"column":4},"end":{"line":6,"column":31}}],"line":4},"1":{"loc":{"start":{"line":10,"column":2},"end":{"line":12,"column":3}},"type":"if","locations":[{"start":{"line":10,"column":2},"end":{"line":12,"column":3}},{"start":{},"end":{}}],"line":10},"2":{"loc":{"start":{"line":19,"column":2},"end":{"line":19,"column":32}},"type":"if","locations":[{"start":{"line":19,"column":2},"end":{"line":19,"column":32}},{"start":{},"end":{}}],"line":19},"3":{"loc":{"start":{"line":31,"column":10},"end":{"line":31,"column":57}},"type":"cond-expr","locations":[{"start":{"line":31,"column":23},"end":{"line":31,"column":52}},{"start":{"line":31,"column":55},"end":{"line":31,"column":57}}],"line":31},"4":{"loc":{"start":{"line":35,"column":2},"end":{"line":37,"column":3}},"type":"if","locations":[{"start":{"line":35,"column":2},"end":{"line":37,"column":3}},{"start":{},"end":{}}],"line":35},"5":{"loc":{"start":{"line":47,"column":10},"end":{"line":47,"column":57}},"type":"cond-expr","locations":[{"start":{"line":47,"column":23},"end":{"line":47,"column":52}},{"start":{"line":47,"column":55},"end":{"line":47,"column":57}}],"line":47},"6":{"loc":{"start":{"line":52,"column":2},"end":{"line":54,"column":3}},"type":"if","locations":[{"start":{"line":52,"column":2},"end":{"line":54,"column":3}},{"start":{},"end":{}}],"line":52},"7":{"loc":{"start":{"line":53,"column":20},"end":{"line":53,"column":102}},"type":"binary-expr","locations":[{"start":{"line":53,"column":20},"end":{"line":53,"column":32}},{"start":{"line":53,"column":36},"end":{"line":53,"column":102}}],"line":53}},"s":{"0":2,"1":0,"2":0,"3":0,"4":0,"5":0,"6":0,"7":0,"8":0,"9":0,"10":0,"11":0,"12":0,"13":0,"14":0,"15":0,"16":0,"17":0,"18":0,"19":0,"20":0,"21":0,"22":2},"f":{"0":0,"1":0,"2":0,"3":0,"4":0},"b":{"0":[2,0],"1":[0,0],"2":[0,0],"3":[0,0],"4":[0,0],"5":[0,0],"6":[0,0],"7":[0,0]},"_coverageSchema":"1a1c01bbd47fc00a2c39e90264f33305004495a9","hash":"39eb0d68a5ad9e1f7e911ed4574410fcbed051dc"}
,"D:\\Mes Projets\\plongee-app\\backend\\activites-service\\src\\utils\\serviceClients\\paiementClient.js": {"path":"D:\\Mes Projets\\plongee-app\\backend\\activites-service\\src\\utils\\serviceClients\\paiementClient.js","statementMap":{"0":{"start":{"line":4,"column":17},"end":{"line":6,"column":31}},"1":{"start":{"line":9,"column":19},"end":{"line":16,"column":4}},"2":{"start":{"line":17,"column":15},"end":{"line":17,"column":54}},"3":{"start":{"line":17,"column":50},"end":{"line":17,"column":52}},"4":{"start":{"line":18,"column":2},"end":{"line":20,"column":3}},"5":{"start":{"line":19,"column":4},"end":{"line":19,"column":105}},"6":{"start":{"line":21,"column":2},"end":{"line":21,"column":66}},"7":{"start":{"line":25,"column":19},"end":{"line":32,"column":4}},"8":{"start":{"line":33,"column":2},"end":{"line":35,"column":3}},"9":{"start":{"line":34,"column":4},"end":{"line":34,"column":90}},"10":{"start":{"line":36,"column":15},"end":{"line":36,"column":36}},"11":{"start":{"line":37,"column":2},"end":{"line":37,"column":19}},"12":{"start":{"line":40,"column":0},"end":{"line":40,"column":59}}},"fnMap":{"0":{"name":"createLinkedPayment","decl":{"start":{"line":8,"column":15},"end":{"line":8,"column":34}},"loc":{"start":{"line":8,"column":56},"end":{"line":22,"column":1}},"line":8},"1":{"name":"(anonymous_1)","decl":{"start":{"line":17,"column":43},"end":{"line":17,"column":44}},"loc":{"start":{"line":17,"column":50},"end":{"line":17,"column":52}},"line":17},"2":{"name":"marquerRembourse","decl":{"start":{"line":24,"column":15},"end":{"line":24,"column":31}},"loc":{"start":{"line":24,"column":73},"end":{"line":38,"column":1}},"line":24}},"branchMap":{"0":{"loc":{"start":{"line":4,"column":17},"end":{"line":6,"column":31}},"type":"cond-expr","locations":[{"start":{"line":5,"column":4},"end":{"line":5,"column":44}},{"start":{"line":6,"column":4},"end":{"line":6,"column":31}}],"line":4},"1":{"loc":{"start":{"line":13,"column":10},"end":{"line":13,"column":57}},"type":"cond-expr","locations":[{"start":{"line":13,"column":23},"end":{"line":13,"column":52}},{"start":{"line":13,"column":55},"end":{"line":13,"column":57}}],"line":13},"2":{"loc":{"start":{"line":18,"column":2},"end":{"line":20,"column":3}},"type":"if","locations":[{"start":{"line":18,"column":2},"end":{"line":20,"column":3}},{"start":{},"end":{}}],"line":18},"3":{"loc":{"start":{"line":19,"column":20},"end":{"line":19,"column":103}},"type":"binary-expr","locations":[{"start":{"line":19,"column":20},"end":{"line":19,"column":32}},{"start":{"line":19,"column":36},"end":{"line":19,"column":103}}],"line":19},"4":{"loc":{"start":{"line":29,"column":10},"end":{"line":29,"column":57}},"type":"cond-expr","locations":[{"start":{"line":29,"column":23},"end":{"line":29,"column":52}},{"start":{"line":29,"column":55},"end":{"line":29,"column":57}}],"line":29},"5":{"loc":{"start":{"line":33,"column":2},"end":{"line":35,"column":3}},"type":"if","locations":[{"start":{"line":33,"column":2},"end":{"line":35,"column":3}},{"start":{},"end":{}}],"line":33}},"s":{"0":2,"1":0,"2":0,"3":0,"4":0,"5":0,"6":0,"7":0,"8":0,"9":0,"10":0,"11":0,"12":2},"f":{"0":0,"1":0,"2":0},"b":{"0":[2,0],"1":[0,0],"2":[0,0],"3":[0,0],"4":[0,0],"5":[0,0]},"_coverageSchema":"1a1c01bbd47fc00a2c39e90264f33305004495a9","hash":"675a8ab81aff697e531e4f0a89740d06930582c9"}
,"D:\\Mes Projets\\plongee-app\\backend\\activites-service\\src\\utils\\serviceClients\\vieAssociativeClient.js": {"path":"D:\\Mes Projets\\plongee-app\\backend\\activites-service\\src\\utils\\serviceClients\\vieAssociativeClient.js","statementMap":{"0":{"start":{"line":5,"column":32},"end":{"line":5,"column":58}},"1":{"start":{"line":7,"column":17},"end":{"line":9,"column":31}},"2":{"start":{"line":12,"column":16},"end":{"line":12,"column":96}},"3":{"start":{"line":13,"column":19},"end":{"line":15,"column":4}},"4":{"start":{"line":16,"column":2},"end":{"line":18,"column":3}},"5":{"start":{"line":17,"column":4},"end":{"line":17,"column":96}},"6":{"start":{"line":19,"column":15},"end":{"line":19,"column":36}},"7":{"start":{"line":20,"column":2},"end":{"line":20,"column":19}},"8":{"start":{"line":24,"column":19},"end":{"line":26,"column":4}},"9":{"start":{"line":27,"column":2},"end":{"line":29,"column":3}},"10":{"start":{"line":28,"column":4},"end":{"line":28,"column":99}},"11":{"start":{"line":30,"column":15},"end":{"line":30,"column":36}},"12":{"start":{"line":31,"column":2},"end":{"line":31,"column":19}},"13":{"start":{"line":38,"column":19},"end":{"line":45,"column":4}},"14":{"start":{"line":46,"column":2},"end":{"line":49,"column":3}},"15":{"start":{"line":47,"column":17},"end":{"line":47,"column":56}},"16":{"start":{"line":47,"column":52},"end":{"line":47,"column":54}},"17":{"start":{"line":48,"column":4},"end":{"line":48,"column":107}},"18":{"start":{"line":52,"column":0},"end":{"line":56,"column":2}}},"fnMap":{"0":{"name":"checkDossierValidity","decl":{"start":{"line":11,"column":15},"end":{"line":11,"column":35}},"loc":{"start":{"line":11,"column":77},"end":{"line":21,"column":1}},"line":11},"1":{"name":"checkCertificateStatus","decl":{"start":{"line":23,"column":15},"end":{"line":23,"column":37}},"loc":{"start":{"line":23,"column":64},"end":{"line":32,"column":1}},"line":23},"2":{"name":"createAlerte","decl":{"start":{"line":37,"column":15},"end":{"line":37,"column":27}},"loc":{"start":{"line":37,"column":48},"end":{"line":50,"column":1}},"line":37},"3":{"name":"(anonymous_3)","decl":{"start":{"line":47,"column":45},"end":{"line":47,"column":46}},"loc":{"start":{"line":47,"column":52},"end":{"line":47,"column":54}},"line":47}},"branchMap":{"0":{"loc":{"start":{"line":7,"column":17},"end":{"line":9,"column":31}},"type":"cond-expr","locations":[{"start":{"line":8,"column":4},"end":{"line":8,"column":52}},{"start":{"line":9,"column":4},"end":{"line":9,"column":31}}],"line":7},"1":{"loc":{"start":{"line":12,"column":16},"end":{"line":12,"column":96}},"type":"cond-expr","locations":[{"start":{"line":12,"column":32},"end":{"line":12,"column":91}},{"start":{"line":12,"column":94},"end":{"line":12,"column":96}}],"line":12},"2":{"loc":{"start":{"line":14,"column":13},"end":{"line":14,"column":60}},"type":"cond-expr","locations":[{"start":{"line":14,"column":26},"end":{"line":14,"column":55}},{"start":{"line":14,"column":58},"end":{"line":14,"column":60}}],"line":14},"3":{"loc":{"start":{"line":16,"column":2},"end":{"line":18,"column":3}},"type":"if","locations":[{"start":{"line":16,"column":2},"end":{"line":18,"column":3}},{"start":{},"end":{}}],"line":16},"4":{"loc":{"start":{"line":25,"column":13},"end":{"line":25,"column":60}},"type":"cond-expr","locations":[{"start":{"line":25,"column":26},"end":{"line":25,"column":55}},{"start":{"line":25,"column":58},"end":{"line":25,"column":60}}],"line":25},"5":{"loc":{"start":{"line":27,"column":2},"end":{"line":29,"column":3}},"type":"if","locations":[{"start":{"line":27,"column":2},"end":{"line":29,"column":3}},{"start":{},"end":{}}],"line":27},"6":{"loc":{"start":{"line":46,"column":2},"end":{"line":49,"column":3}},"type":"if","locations":[{"start":{"line":46,"column":2},"end":{"line":49,"column":3}},{"start":{},"end":{}}],"line":46},"7":{"loc":{"start":{"line":48,"column":20},"end":{"line":48,"column":105}},"type":"binary-expr","locations":[{"start":{"line":48,"column":20},"end":{"line":48,"column":32}},{"start":{"line":48,"column":36},"end":{"line":48,"column":105}}],"line":48}},"s":{"0":2,"1":2,"2":0,"3":0,"4":0,"5":0,"6":0,"7":0,"8":0,"9":0,"10":0,"11":0,"12":0,"13":0,"14":0,"15":0,"16":0,"17":0,"18":2},"f":{"0":0,"1":0,"2":0,"3":0},"b":{"0":[2,0],"1":[0,0],"2":[0,0],"3":[0,0],"4":[0,0],"5":[0,0],"6":[0,0],"7":[0,0]},"_coverageSchema":"1a1c01bbd47fc00a2c39e90264f33305004495a9","hash":"adb432567f9d68fc865c4bb6e5f1c38072b36f42"}
}
