TN:
SF:src\app.js
FN:50,(anonymous_0)
FN:64,(anonymous_1)
FN:78,(anonymous_2)
FN:92,(anonymous_3)
FN:93,(anonymous_4)
FN:101,(anonymous_5)
FN:105,(anonymous_6)
FN:110,(anonymous_7)
FNF:8
FNH:2
FNDA:13,(anonymous_0)
FNDA:1,(anonymous_1)
FNDA:0,(anonymous_2)
FNDA:0,(anonymous_3)
FNDA:0,(anonymous_4)
FNDA:0,(anonymous_5)
FNDA:0,(anonymous_6)
FNDA:0,(anonymous_7)
DA:1,2
DA:2,2
DA:3,2
DA:4,2
DA:5,2
DA:6,2
DA:7,2
DA:9,2
DA:10,2
DA:11,2
DA:12,2
DA:13,2
DA:14,2
DA:15,2
DA:16,2
DA:18,2
DA:20,2
DA:29,2
DA:45,2
DA:46,2
DA:48,2
DA:50,13
DA:54,2
DA:62,2
DA:64,2
DA:65,1
DA:73,2
DA:75,2
DA:76,2
DA:78,2
DA:79,0
DA:80,0
DA:81,0
DA:82,0
DA:88,0
DA:89,0
DA:90,0
DA:91,0
DA:92,0
DA:93,0
DA:94,0
DA:98,0
DA:99,0
DA:100,0
DA:101,0
DA:102,0
DA:105,2
DA:106,0
DA:107,0
DA:110,2
DA:111,0
DA:112,0
DA:115,2
LF:53
LH:33
BRDA:55,0,0,2
BRDA:55,0,1,2
BRDA:56,1,0,2
BRDA:56,1,1,2
BRDA:80,2,0,0
BRDA:80,2,1,0
BRF:6
BRH:4
end_of_record
TN:
SF:src\config\database.js
FN:37,(anonymous_0)
FNF:1
FNH:0
FNDA:0,(anonymous_0)
DA:1,3
DA:2,3
DA:8,3
DA:37,3
DA:38,0
DA:39,0
DA:40,0
DA:41,0
DA:43,0
DA:44,0
DA:48,3
LF:11
LH:5
BRDA:14,0,0,3
BRDA:14,0,1,0
BRDA:20,1,0,3
BRDA:20,1,1,0
BRDA:21,2,0,0
BRDA:21,2,1,3
BRF:6
BRH:3
end_of_record
TN:
SF:src\controllers\AttributionController.js
FN:6,(anonymous_0)
FN:12,(anonymous_1)
FN:26,(anonymous_2)
FN:40,(anonymous_3)
FN:54,(anonymous_4)
FN:68,(anonymous_5)
FN:81,(anonymous_6)
FN:94,(anonymous_7)
FN:113,(anonymous_8)
FN:127,(anonymous_9)
FN:141,(anonymous_10)
FN:155,(anonymous_11)
FNF:12
FNH:1
FNDA:2,(anonymous_0)
FNDA:0,(anonymous_1)
FNDA:0,(anonymous_2)
FNDA:0,(anonymous_3)
FNDA:0,(anonymous_4)
FNDA:0,(anonymous_5)
FNDA:0,(anonymous_6)
FNDA:0,(anonymous_7)
FNDA:0,(anonymous_8)
FNDA:0,(anonymous_9)
FNDA:0,(anonymous_10)
FNDA:0,(anonymous_11)
DA:1,2
DA:2,2
DA:3,2
DA:7,2
DA:8,2
DA:9,2
DA:13,0
DA:14,0
DA:15,0
DA:16,0
DA:22,0
DA:27,0
DA:28,0
DA:29,0
DA:30,0
DA:36,0
DA:41,0
DA:42,0
DA:43,0
DA:44,0
DA:50,0
DA:55,0
DA:56,0
DA:57,0
DA:58,0
DA:64,0
DA:69,0
DA:70,0
DA:71,0
DA:77,0
DA:82,0
DA:83,0
DA:84,0
DA:90,0
DA:95,0
DA:96,0
DA:97,0
DA:98,0
DA:103,0
DA:109,0
DA:114,0
DA:115,0
DA:116,0
DA:117,0
DA:123,0
DA:128,0
DA:129,0
DA:130,0
DA:131,0
DA:137,0
DA:142,0
DA:143,0
DA:144,0
DA:145,0
DA:151,0
DA:156,0
DA:157,0
DA:158,0
DA:163,0
DA:167,2
LF:60
LH:7
BRDA:157,0,0,0
BRDA:157,0,1,0
BRF:2
BRH:0
end_of_record
TN:
SF:src\controllers\BaseController.js
FN:4,(anonymous_0)
FN:8,(anonymous_1)
FN:21,(anonymous_2)
FN:39,(anonymous_3)
FN:52,(anonymous_4)
FN:65,(anonymous_5)
FNF:6
FNH:1
FNDA:12,(anonymous_0)
FNDA:0,(anonymous_1)
FNDA:0,(anonymous_2)
FNDA:0,(anonymous_3)
FNDA:0,(anonymous_4)
FNDA:0,(anonymous_5)
DA:1,2
DA:5,12
DA:9,0
DA:10,0
DA:11,0
DA:17,0
DA:22,0
DA:23,0
DA:24,0
DA:25,0
DA:30,0
DA:35,0
DA:40,0
DA:41,0
DA:42,0
DA:48,0
DA:53,0
DA:54,0
DA:55,0
DA:61,0
DA:66,0
DA:67,0
DA:68,0
DA:73,0
DA:78,2
LF:25
LH:3
BRDA:24,0,0,0
BRDA:24,0,1,0
BRF:2
BRH:0
end_of_record
TN:
SF:src\controllers\IncidentController.js
FN:7,(anonymous_0)
FN:13,(anonymous_1)
FN:27,(anonymous_2)
FN:40,(anonymous_3)
FN:57,(anonymous_4)
FN:78,(anonymous_5)
FNF:6
FNH:1
FNDA:2,(anonymous_0)
FNDA:0,(anonymous_1)
FNDA:0,(anonymous_2)
FNDA:0,(anonymous_3)
FNDA:0,(anonymous_4)
FNDA:0,(anonymous_5)
DA:1,2
DA:2,2
DA:3,2
DA:4,2
DA:8,2
DA:9,2
DA:10,2
DA:14,0
DA:15,0
DA:16,0
DA:17,0
DA:23,0
DA:28,0
DA:29,0
DA:30,0
DA:36,0
DA:41,0
DA:42,0
DA:43,0
DA:44,0
DA:45,0
DA:51,0
DA:58,0
DA:59,0
DA:60,0
DA:61,0
DA:64,0
DA:67,0
DA:68,0
DA:74,0
DA:79,0
DA:80,0
DA:81,0
DA:86,0
DA:90,2
LF:35
LH:8
BRDA:59,0,0,0
BRDA:59,0,1,0
BRDA:59,1,0,0
BRDA:59,1,1,0
BRDA:61,2,0,0
BRDA:61,2,1,0
BRDA:80,3,0,0
BRDA:80,3,1,0
BRF:8
BRH:0
end_of_record
TN:
SF:src\controllers\InscriptionController.js
FN:6,(anonymous_0)
FN:12,(anonymous_1)
FN:33,(anonymous_2)
FN:58,(anonymous_3)
FN:93,(anonymous_4)
FN:118,(anonymous_5)
FN:137,(anonymous_6)
FN:151,(anonymous_7)
FN:170,(anonymous_8)
FN:189,(anonymous_9)
FN:213,(anonymous_10)
FN:235,(anonymous_11)
FN:252,(anonymous_12)
FN:271,(anonymous_13)
FN:289,(anonymous_14)
FN:302,(anonymous_15)
FN:335,(anonymous_16)
FNF:17
FNH:1
FNDA:2,(anonymous_0)
FNDA:0,(anonymous_1)
FNDA:0,(anonymous_2)
FNDA:0,(anonymous_3)
FNDA:0,(anonymous_4)
FNDA:0,(anonymous_5)
FNDA:0,(anonymous_6)
FNDA:0,(anonymous_7)
FNDA:0,(anonymous_8)
FNDA:0,(anonymous_9)
FNDA:0,(anonymous_10)
FNDA:0,(anonymous_11)
FNDA:0,(anonymous_12)
FNDA:0,(anonymous_13)
FNDA:0,(anonymous_14)
FNDA:0,(anonymous_15)
FNDA:0,(anonymous_16)
DA:1,2
DA:2,2
DA:3,2
DA:7,2
DA:8,2
DA:9,2
DA:13,0
DA:14,0
DA:18,0
DA:24,0
DA:25,0
DA:34,0
DA:35,0
DA:36,0
DA:41,0
DA:42,0
DA:48,0
DA:53,0
DA:54,0
DA:59,0
DA:60,0
DA:62,0
DA:63,0
DA:68,0
DA:69,0
DA:75,0
DA:82,0
DA:88,0
DA:89,0
DA:94,0
DA:95,0
DA:96,0
DA:98,0
DA:99,0
DA:100,0
DA:101,0
DA:102,0
DA:107,0
DA:113,0
DA:114,0
DA:119,0
DA:120,0
DA:121,0
DA:127,0
DA:133,0
DA:138,0
DA:139,0
DA:140,0
DA:141,0
DA:146,0
DA:147,0
DA:152,0
DA:153,0
DA:154,0
DA:159,0
DA:165,0
DA:166,0
DA:171,0
DA:172,0
DA:173,0
DA:178,0
DA:184,0
DA:185,0
DA:190,0
DA:191,0
DA:192,0
DA:198,0
DA:204,0
DA:205,0
DA:214,0
DA:215,0
DA:216,0
DA:220,0
DA:226,0
DA:227,0
DA:236,0
DA:237,0
DA:238,0
DA:242,0
DA:247,0
DA:248,0
DA:253,0
DA:254,0
DA:255,0
DA:256,0
DA:262,0
DA:263,0
DA:272,0
DA:273,0
DA:274,0
DA:279,0
DA:284,0
DA:285,0
DA:290,0
DA:291,0
DA:292,0
DA:297,0
DA:298,0
DA:303,0
DA:305,0
DA:306,0
DA:307,0
DA:308,0
DA:310,0
DA:314,0
DA:315,0
DA:318,0
DA:319,0
DA:322,0
DA:323,0
DA:326,0
DA:327,0
DA:332,0
DA:336,0
DA:339,0
DA:340,0
DA:345,0
DA:349,2
LF:118
LH:7
BRDA:20,0,0,0
BRDA:20,0,1,0
BRDA:21,1,0,0
BRDA:21,1,1,0
BRDA:41,2,0,0
BRDA:41,2,1,0
BRDA:62,3,0,0
BRDA:62,3,1,0
BRDA:68,4,0,0
BRDA:68,4,1,0
BRDA:77,5,0,0
BRDA:77,5,1,0
BRDA:99,6,0,0
BRDA:99,6,1,0
BRDA:200,7,0,0
BRDA:200,7,1,0
BRDA:201,8,0,0
BRDA:201,8,1,0
BRDA:222,9,0,0
BRDA:222,9,1,0
BRDA:223,10,0,0
BRDA:223,10,1,0
BRDA:258,11,0,0
BRDA:258,11,1,0
BRDA:259,12,0,0
BRDA:259,12,1,0
BRDA:281,13,0,0
BRDA:281,13,1,0
BRDA:305,14,0,0
BRDA:305,14,1,0
BRDA:307,15,0,0
BRDA:307,15,1,0
BRDA:314,16,0,0
BRDA:314,16,1,0
BRDA:318,17,0,0
BRDA:318,17,1,0
BRDA:322,18,0,0
BRDA:322,18,1,0
BRDA:326,19,0,0
BRDA:326,19,1,0
BRDA:327,20,0,0
BRDA:327,20,1,0
BRDA:339,21,0,0
BRDA:339,21,1,0
BRF:44
BRH:0
end_of_record
TN:
SF:src\controllers\PalanqueeController.js
FN:6,(anonymous_0)
FN:12,(anonymous_1)
FN:21,(anonymous_2)
FN:34,(anonymous_3)
FN:43,(anonymous_4)
FN:53,(anonymous_5)
FN:63,(anonymous_6)
FN:73,(anonymous_7)
FN:83,(anonymous_8)
FN:99,(anonymous_9)
FN:109,(anonymous_10)
FN:125,(anonymous_11)
FN:139,(anonymous_12)
FN:155,(anonymous_13)
FN:165,(anonymous_14)
FNF:15
FNH:1
FNDA:2,(anonymous_0)
FNDA:0,(anonymous_1)
FNDA:0,(anonymous_2)
FNDA:0,(anonymous_3)
FNDA:0,(anonymous_4)
FNDA:0,(anonymous_5)
FNDA:0,(anonymous_6)
FNDA:0,(anonymous_7)
FNDA:0,(anonymous_8)
FNDA:0,(anonymous_9)
FNDA:0,(anonymous_10)
FNDA:0,(anonymous_11)
FNDA:0,(anonymous_12)
FNDA:0,(anonymous_13)
FNDA:0,(anonymous_14)
DA:1,2
DA:2,2
DA:3,2
DA:7,2
DA:8,2
DA:9,2
DA:13,0
DA:14,0
DA:15,0
DA:17,0
DA:22,0
DA:23,0
DA:24,0
DA:25,0
DA:26,0
DA:28,0
DA:30,0
DA:35,0
DA:36,0
DA:37,0
DA:39,0
DA:44,0
DA:45,0
DA:46,0
DA:47,0
DA:49,0
DA:54,0
DA:55,0
DA:56,0
DA:57,0
DA:59,0
DA:64,0
DA:65,0
DA:66,0
DA:67,0
DA:69,0
DA:74,0
DA:75,0
DA:76,0
DA:77,0
DA:79,0
DA:84,0
DA:85,0
DA:86,0
DA:88,0
DA:89,0
DA:92,0
DA:93,0
DA:95,0
DA:100,0
DA:101,0
DA:102,0
DA:103,0
DA:105,0
DA:110,0
DA:111,0
DA:112,0
DA:113,0
DA:119,0
DA:121,0
DA:126,0
DA:127,0
DA:128,0
DA:133,0
DA:135,0
DA:140,0
DA:141,0
DA:142,0
DA:143,0
DA:149,0
DA:151,0
DA:156,0
DA:157,0
DA:158,0
DA:159,0
DA:161,0
DA:166,0
DA:167,0
DA:168,0
DA:170,0
DA:174,2
LF:81
LH:7
BRDA:25,0,0,0
BRDA:25,0,1,0
BRDA:88,1,0,0
BRDA:88,1,1,0
BRDA:145,2,0,0
BRDA:145,2,1,0
BRDA:167,3,0,0
BRDA:167,3,1,0
BRF:8
BRH:0
end_of_record
TN:
SF:src\controllers\PlongeeController.js
FN:8,(anonymous_0)
FN:14,(anonymous_1)
FN:27,(anonymous_2)
FN:45,(anonymous_3)
FN:52,(anonymous_4)
FN:53,(anonymous_5)
FN:69,(anonymous_6)
FN:77,(anonymous_7)
FN:78,(anonymous_8)
FN:90,(anonymous_9)
FN:98,(anonymous_10)
FN:100,(anonymous_11)
FN:102,(anonymous_12)
FN:102,(anonymous_13)
FN:115,(anonymous_14)
FN:133,(anonymous_15)
FN:145,(anonymous_16)
FN:154,(anonymous_17)
FN:163,(anonymous_18)
FN:188,(anonymous_19)
FN:210,(anonymous_20)
FNF:21
FNH:1
FNDA:2,(anonymous_0)
FNDA:0,(anonymous_1)
FNDA:0,(anonymous_2)
FNDA:0,(anonymous_3)
FNDA:0,(anonymous_4)
FNDA:0,(anonymous_5)
FNDA:0,(anonymous_6)
FNDA:0,(anonymous_7)
FNDA:0,(anonymous_8)
FNDA:0,(anonymous_9)
FNDA:0,(anonymous_10)
FNDA:0,(anonymous_11)
FNDA:0,(anonymous_12)
FNDA:0,(anonymous_13)
FNDA:0,(anonymous_14)
FNDA:0,(anonymous_15)
FNDA:0,(anonymous_16)
FNDA:0,(anonymous_17)
FNDA:0,(anonymous_18)
FNDA:0,(anonymous_19)
FNDA:0,(anonymous_20)
DA:1,2
DA:2,2
DA:3,2
DA:4,2
DA:5,2
DA:9,2
DA:10,2
DA:11,2
DA:15,0
DA:16,0
DA:17,0
DA:23,0
DA:28,0
DA:29,0
DA:30,0
DA:31,0
DA:36,0
DA:41,0
DA:46,0
DA:47,0
DA:48,0
DA:52,0
DA:53,0
DA:54,0
DA:62,0
DA:70,0
DA:71,0
DA:72,0
DA:73,0
DA:74,0
DA:75,0
DA:77,0
DA:78,0
DA:79,0
DA:81,0
DA:91,0
DA:92,0
DA:93,0
DA:94,0
DA:95,0
DA:96,0
DA:98,0
DA:99,0
DA:100,0
DA:102,0
DA:103,0
DA:111,0
DA:116,0
DA:117,0
DA:118,0
DA:119,0
DA:124,0
DA:129,0
DA:134,0
DA:135,0
DA:136,0
DA:141,0
DA:146,0
DA:147,0
DA:148,0
DA:150,0
DA:155,0
DA:156,0
DA:157,0
DA:159,0
DA:164,0
DA:165,0
DA:166,0
DA:167,0
DA:172,0
DA:176,0
DA:182,0
DA:189,0
DA:190,0
DA:191,0
DA:192,0
DA:193,0
DA:195,0
DA:200,0
DA:206,0
DA:211,0
DA:212,0
DA:213,0
DA:218,0
DA:222,2
LF:85
LH:9
BRDA:30,0,0,0
BRDA:30,0,1,0
BRDA:52,1,0,0
BRDA:52,1,1,0
BRDA:53,2,0,0
BRDA:53,2,1,0
BRDA:74,3,0,0
BRDA:74,3,1,0
BRDA:77,4,0,0
BRDA:77,4,1,0
BRDA:78,5,0,0
BRDA:78,5,1,0
BRDA:95,6,0,0
BRDA:95,6,1,0
BRDA:99,7,0,0
BRDA:99,7,1,0
BRDA:100,8,0,0
BRDA:100,8,1,0
BRDA:107,9,0,0
BRDA:107,9,1,0
BRDA:108,10,0,0
BRDA:108,10,1,0
BRDA:118,11,0,0
BRDA:118,11,1,0
BRDA:166,12,0,0
BRDA:166,12,1,0
BRDA:166,13,0,0
BRDA:166,13,1,0
BRDA:191,14,0,0
BRDA:191,14,1,0
BRDA:191,15,0,0
BRDA:191,15,1,0
BRDA:212,16,0,0
BRDA:212,16,1,0
BRF:34
BRH:0
end_of_record
TN:
SF:src\controllers\SortieController.js
FN:6,(anonymous_0)
FN:12,(anonymous_1)
FN:25,(anonymous_2)
FN:38,(anonymous_3)
FN:51,(anonymous_4)
FN:63,(anonymous_5)
FN:75,(anonymous_6)
FN:84,(anonymous_7)
FN:93,(anonymous_8)
FN:114,(anonymous_9)
FN:136,(anonymous_10)
FN:160,(anonymous_11)
FN:183,(anonymous_12)
FN:204,(anonymous_13)
FN:225,(anonymous_14)
FN:238,(anonymous_15)
FN:252,(anonymous_16)
FN:265,(anonymous_17)
FNF:18
FNH:7
FNDA:2,(anonymous_0)
FNDA:2,(anonymous_1)
FNDA:0,(anonymous_2)
FNDA:0,(anonymous_3)
FNDA:0,(anonymous_4)
FNDA:0,(anonymous_5)
FNDA:0,(anonymous_6)
FNDA:0,(anonymous_7)
FNDA:0,(anonymous_8)
FNDA:0,(anonymous_9)
FNDA:0,(anonymous_10)
FNDA:0,(anonymous_11)
FNDA:0,(anonymous_12)
FNDA:4,(anonymous_13)
FNDA:1,(anonymous_14)
FNDA:1,(anonymous_15)
FNDA:1,(anonymous_16)
FNDA:2,(anonymous_17)
DA:1,2
DA:2,2
DA:3,2
DA:7,2
DA:8,2
DA:9,2
DA:13,2
DA:14,2
DA:15,2
DA:21,0
DA:26,0
DA:27,0
DA:28,0
DA:34,0
DA:39,0
DA:40,0
DA:41,0
DA:47,0
DA:52,0
DA:53,0
DA:54,0
DA:59,0
DA:64,0
DA:65,0
DA:66,0
DA:71,0
DA:76,0
DA:77,0
DA:78,0
DA:80,0
DA:85,0
DA:86,0
DA:87,0
DA:89,0
DA:94,0
DA:95,0
DA:96,0
DA:98,0
DA:99,0
DA:105,0
DA:110,0
DA:115,0
DA:116,0
DA:117,0
DA:119,0
DA:120,0
DA:126,0
DA:132,0
DA:137,0
DA:138,0
DA:139,0
DA:140,0
DA:142,0
DA:149,0
DA:155,0
DA:156,0
DA:161,0
DA:162,0
DA:163,0
DA:164,0
DA:166,0
DA:172,0
DA:178,0
DA:179,0
DA:184,0
DA:185,0
DA:186,0
DA:188,0
DA:193,0
DA:199,0
DA:200,0
DA:205,4
DA:206,4
DA:207,4
DA:209,4
DA:210,2
DA:216,2
DA:221,0
DA:226,1
DA:227,1
DA:228,1
DA:234,0
DA:239,1
DA:240,1
DA:241,1
DA:242,1
DA:248,0
DA:253,1
DA:254,1
DA:255,1
DA:256,1
DA:261,0
DA:266,2
DA:267,2
DA:268,2
DA:269,1
DA:274,1
DA:276,0
DA:281,2
LF:99
LH:32
BRDA:98,0,0,0
BRDA:98,0,1,0
BRDA:119,1,0,0
BRDA:119,1,1,0
BRDA:209,2,0,2
BRDA:209,2,1,2
BRDA:268,3,0,1
BRDA:268,3,1,1
BRF:8
BRH:4
end_of_record
TN:
SF:src\middlewares\authMiddleware.js
FN:4,(anonymous_0)
FN:31,(anonymous_1)
FN:100,(anonymous_2)
FN:101,(anonymous_3)
FNF:4
FNH:3
FNDA:12,(anonymous_0)
FNDA:0,(anonymous_1)
FNDA:56,(anonymous_2)
FNDA:5,(anonymous_3)
DA:1,2
DA:5,12
DA:6,12
DA:8,12
DA:9,1
DA:15,11
DA:17,11
DA:18,0
DA:24,11
DA:26,11
DA:32,0
DA:70,0
DA:71,0
DA:78,11
DA:80,0
DA:81,0
DA:86,0
DA:87,0
DA:93,0
DA:101,56
DA:102,5
DA:103,0
DA:109,5
DA:110,0
DA:113,5
DA:114,1
DA:120,4
DA:125,2
LF:28
LH:17
BRDA:8,0,0,1
BRDA:8,0,1,11
BRDA:17,1,0,0
BRDA:17,1,1,11
BRDA:70,2,0,0
BRDA:70,2,1,0
BRDA:72,3,0,0
BRDA:72,3,1,0
BRDA:80,4,0,0
BRDA:80,4,1,0
BRDA:86,5,0,0
BRDA:86,5,1,0
BRDA:100,6,0,0
BRDA:102,7,0,0
BRDA:102,7,1,5
BRDA:109,8,0,0
BRDA:109,8,1,5
BRDA:113,9,0,1
BRDA:113,9,1,4
BRF:19
BRH:7
end_of_record
TN:
SF:src\middlewares\errorHandler.js
FN:4,(anonymous_0)
FN:17,(anonymous_1)
FN:25,(anonymous_2)
FN:54,(anonymous_3)
FNF:4
FNH:0
FNDA:0,(anonymous_0)
FNDA:0,(anonymous_1)
FNDA:0,(anonymous_2)
FNDA:0,(anonymous_3)
DA:1,2
DA:5,0
DA:13,0
DA:14,0
DA:17,0
DA:21,0
DA:22,0
DA:25,0
DA:29,0
DA:30,0
DA:37,0
DA:38,0
DA:44,0
DA:45,0
DA:47,0
DA:55,0
DA:62,2
LF:17
LH:2
BRDA:13,0,0,0
BRDA:13,0,1,0
BRDA:21,1,0,0
BRDA:21,1,1,0
BRDA:29,2,0,0
BRDA:29,2,1,0
BRDA:37,3,0,0
BRDA:37,3,1,0
BRDA:37,4,0,0
BRDA:37,4,1,0
BRDA:44,5,0,0
BRDA:44,5,1,0
BRDA:45,6,0,0
BRDA:45,6,1,0
BRDA:50,7,0,0
BRDA:50,7,1,0
BRF:16
BRH:0
end_of_record
TN:
SF:src\models\Attribution.js
FNF:0
FNH:0
DA:1,3
DA:2,3
DA:4,3
DA:84,3
LF:4
LH:4
BRDA:77,0,0,3
BRDA:77,0,1,0
BRF:2
BRH:1
end_of_record
TN:
SF:src\models\Composer.js
FNF:0
FNH:0
DA:1,3
DA:2,3
DA:4,3
DA:25,3
LF:4
LH:4
BRDA:18,0,0,3
BRDA:18,0,1,0
BRF:2
BRH:1
end_of_record
TN:
SF:src\models\Incident.js
FNF:0
FNH:0
DA:1,3
DA:2,3
DA:4,3
DA:55,3
LF:4
LH:4
BRDA:48,0,0,3
BRDA:48,0,1,0
BRF:2
BRH:1
end_of_record
TN:
SF:src\models\Inscription.js
FNF:0
FNH:0
DA:1,3
DA:2,3
DA:4,3
DA:87,3
LF:4
LH:4
BRDA:80,0,0,3
BRDA:80,0,1,0
BRF:2
BRH:1
end_of_record
TN:
SF:src\models\Palanquee.js
FNF:0
FNH:0
DA:1,3
DA:2,3
DA:4,3
DA:68,3
LF:4
LH:4
BRDA:61,0,0,3
BRDA:61,0,1,0
BRF:2
BRH:1
end_of_record
TN:
SF:src\models\Plongee.js
FNF:0
FNH:0
DA:1,3
DA:2,3
DA:4,3
DA:88,3
LF:4
LH:4
BRDA:81,0,0,3
BRDA:81,0,1,0
BRF:2
BRH:1
end_of_record
TN:
SF:src\models\Sortie.js
FNF:0
FNH:0
DA:1,3
DA:2,3
DA:4,3
DA:105,3
LF:4
LH:4
BRDA:94,0,0,3
BRDA:94,0,1,0
BRF:2
BRH:1
end_of_record
TN:
SF:src\models\index.js
FNF:0
FNH:0
DA:1,3
DA:2,3
DA:3,3
DA:4,3
DA:5,3
DA:6,3
DA:7,3
DA:8,3
DA:17,3
DA:21,3
DA:27,3
DA:31,3
DA:37,3
DA:41,3
DA:48,3
DA:52,3
DA:58,3
DA:62,3
DA:68,3
DA:72,3
DA:78,3
DA:82,3
DA:89,3
DA:93,3
DA:98,3
LF:25
LH:25
BRF:0
BRH:0
end_of_record
TN:
SF:src\repositories\AttributionRepository.js
FN:6,(anonymous_0)
FN:11,(anonymous_1)
FN:20,(anonymous_2)
FN:27,(anonymous_3)
FN:35,(anonymous_4)
FN:42,(anonymous_5)
FN:50,(anonymous_6)
FN:59,(anonymous_7)
FNF:8
FNH:1
FNDA:2,(anonymous_0)
FNDA:0,(anonymous_1)
FNDA:0,(anonymous_2)
FNDA:0,(anonymous_3)
FNDA:0,(anonymous_4)
FNDA:0,(anonymous_5)
FNDA:0,(anonymous_6)
FNDA:0,(anonymous_7)
DA:1,2
DA:2,2
DA:3,2
DA:7,2
DA:12,0
DA:21,0
DA:28,0
DA:36,0
DA:43,0
DA:51,0
DA:60,0
DA:67,2
LF:12
LH:5
BRF:0
BRH:0
end_of_record
TN:
SF:src\repositories\BaseRepository.js
FN:11,sanitizeDateFields
FN:25,(anonymous_1)
FN:29,(anonymous_2)
FN:33,(anonymous_3)
FN:37,(anonymous_4)
FN:41,(anonymous_5)
FN:47,(anonymous_6)
FN:54,(anonymous_7)
FN:58,(anonymous_8)
FNF:9
FNH:3
FNDA:1,sanitizeDateFields
FNDA:13,(anonymous_1)
FNDA:0,(anonymous_2)
FNDA:0,(anonymous_3)
FNDA:1,(anonymous_4)
FNDA:0,(anonymous_5)
FNDA:0,(anonymous_6)
FNDA:0,(anonymous_7)
FNDA:0,(anonymous_8)
DA:1,3
DA:9,3
DA:12,1
DA:13,1
DA:14,1
DA:15,9
DA:16,0
DA:17,0
DA:18,0
DA:21,1
DA:26,13
DA:30,0
DA:34,0
DA:38,1
DA:42,0
DA:43,0
DA:44,0
DA:48,0
DA:49,0
DA:50,0
DA:51,0
DA:55,0
DA:59,0
DA:63,3
LF:24
LH:10
BRDA:12,0,0,0
BRDA:12,0,1,1
BRDA:12,1,0,1
BRDA:12,1,1,1
BRDA:15,2,0,9
BRDA:15,2,1,0
BRDA:17,3,0,0
BRDA:17,3,1,0
BRDA:17,4,0,0
BRDA:17,4,1,0
BRDA:29,5,0,0
BRDA:33,6,0,0
BRDA:41,7,0,0
BRDA:43,8,0,0
BRDA:43,8,1,0
BRDA:49,9,0,0
BRDA:49,9,1,0
BRDA:54,10,0,0
BRDA:58,11,0,0
BRF:19
BRH:4
end_of_record
TN:
SF:src\repositories\IncidentRepository.js
FN:5,(anonymous_0)
FN:9,(anonymous_1)
FN:16,(anonymous_2)
FNF:3
FNH:1
FNDA:2,(anonymous_0)
FNDA:0,(anonymous_1)
FNDA:0,(anonymous_2)
DA:1,2
DA:2,2
DA:6,2
DA:10,0
DA:17,0
DA:24,2
LF:6
LH:4
BRF:0
BRH:0
end_of_record
TN:
SF:src\repositories\InscriptionRepository.js
FN:8,(anonymous_0)
FN:15,(anonymous_1)
FN:23,(anonymous_2)
FN:37,(anonymous_3)
FN:52,(anonymous_4)
FN:62,(anonymous_5)
FN:71,(anonymous_6)
FN:80,(anonymous_7)
FN:89,(anonymous_8)
FN:99,(anonymous_9)
FN:104,(anonymous_10)
FN:111,(anonymous_11)
FN:120,(anonymous_12)
FNF:13
FNH:0
FNDA:0,(anonymous_0)
FNDA:0,(anonymous_1)
FNDA:0,(anonymous_2)
FNDA:0,(anonymous_3)
FNDA:0,(anonymous_4)
FNDA:0,(anonymous_5)
FNDA:0,(anonymous_6)
FNDA:0,(anonymous_7)
FNDA:0,(anonymous_8)
FNDA:0,(anonymous_9)
FNDA:0,(anonymous_10)
FNDA:0,(anonymous_11)
FNDA:0,(anonymous_12)
DA:1,3
DA:2,3
DA:9,0
DA:16,0
DA:28,0
DA:29,0
DA:31,0
DA:38,0
DA:49,0
DA:53,0
DA:54,0
DA:55,0
DA:58,0
DA:59,0
DA:63,0
DA:64,0
DA:65,0
DA:67,0
DA:68,0
DA:72,0
DA:81,0
DA:90,0
DA:100,0
DA:101,0
DA:105,0
DA:108,0
DA:112,0
DA:120,0
DA:121,0
DA:123,0
DA:124,0
DA:126,0
DA:127,0
DA:129,0
DA:130,0
DA:132,0
DA:133,0
DA:137,0
DA:141,3
LF:39
LH:3
BRDA:23,0,0,0
BRDA:28,1,0,0
BRDA:28,1,1,0
BRDA:41,2,0,0
BRDA:41,2,1,0
BRDA:42,3,0,0
BRDA:42,3,1,0
BRDA:43,4,0,0
BRDA:43,4,1,0
BRDA:46,5,0,0
BRDA:46,5,1,0
BRDA:52,6,0,0
BRDA:54,7,0,0
BRDA:54,7,1,0
BRDA:64,8,0,0
BRDA:64,8,1,0
BRDA:121,9,0,0
BRDA:121,9,1,0
BRDA:121,9,2,0
BRDA:121,9,3,0
BRF:20
BRH:0
end_of_record
TN:
SF:src\repositories\PalanqueeRepository.js
FN:15,(anonymous_0)
FN:19,(anonymous_1)
FN:23,(anonymous_2)
FN:30,(anonymous_3)
FN:37,(anonymous_4)
FN:48,(anonymous_5)
FN:56,(anonymous_6)
FNF:7
FNH:1
FNDA:2,(anonymous_0)
FNDA:0,(anonymous_1)
FNDA:0,(anonymous_2)
FNDA:0,(anonymous_3)
FNDA:0,(anonymous_4)
FNDA:0,(anonymous_5)
FNDA:0,(anonymous_6)
DA:1,2
DA:2,2
DA:7,2
DA:16,2
DA:20,0
DA:24,0
DA:31,0
DA:38,0
DA:49,0
DA:57,0
DA:70,2
LF:11
LH:5
BRF:0
BRH:0
end_of_record
TN:
SF:src\repositories\PlongeeRepository.js
FN:22,(anonymous_0)
FN:26,(anonymous_1)
FN:30,(anonymous_2)
FN:40,(anonymous_3)
FN:44,(anonymous_4)
FN:56,(anonymous_5)
FN:67,(anonymous_6)
FN:76,(anonymous_7)
FNF:8
FNH:1
FNDA:2,(anonymous_0)
FNDA:0,(anonymous_1)
FNDA:0,(anonymous_2)
FNDA:0,(anonymous_3)
FNDA:0,(anonymous_4)
FNDA:0,(anonymous_5)
FNDA:0,(anonymous_6)
FNDA:0,(anonymous_7)
DA:1,2
DA:2,2
DA:3,2
DA:8,2
DA:23,2
DA:27,0
DA:31,0
DA:41,0
DA:45,0
DA:53,0
DA:57,0
DA:68,0
DA:77,0
DA:85,0
DA:89,2
LF:15
LH:6
BRF:0
BRH:0
end_of_record
TN:
SF:src\repositories\SortieRepository.js
FN:6,(anonymous_0)
FN:10,(anonymous_1)
FN:16,(anonymous_2)
FN:22,(anonymous_3)
FN:36,(anonymous_4)
FN:49,(anonymous_5)
FN:70,(anonymous_6)
FN:82,(anonymous_7)
FN:94,(anonymous_8)
FN:108,(anonymous_9)
FN:126,(anonymous_10)
FNF:11
FNH:4
FNDA:5,(anonymous_0)
FNDA:0,(anonymous_1)
FNDA:2,(anonymous_2)
FNDA:0,(anonymous_3)
FNDA:2,(anonymous_4)
FNDA:0,(anonymous_5)
FNDA:0,(anonymous_6)
FNDA:0,(anonymous_7)
FNDA:4,(anonymous_8)
FNDA:0,(anonymous_9)
FNDA:0,(anonymous_10)
DA:1,3
DA:2,3
DA:3,3
DA:7,5
DA:11,0
DA:17,2
DA:23,0
DA:24,0
DA:37,2
DA:50,0
DA:51,0
DA:71,0
DA:83,0
DA:95,4
DA:109,0
DA:110,0
DA:111,0
DA:112,0
DA:127,0
DA:133,3
LF:20
LH:8
BRF:0
BRH:0
end_of_record
TN:
SF:src\routes\attributionRoutes.js
FNF:0
FNH:0
DA:1,2
DA:2,2
DA:3,2
DA:4,2
DA:5,2
DA:7,2
DA:8,2
DA:10,2
DA:11,2
DA:12,2
DA:13,2
DA:14,2
DA:15,2
DA:16,2
DA:18,2
DA:25,2
DA:31,2
DA:37,2
DA:43,2
DA:49,2
DA:55,2
DA:61,2
LF:22
LH:22
BRF:0
BRH:0
end_of_record
TN:
SF:src\routes\incidentRoutes.js
FNF:0
FNH:0
DA:1,2
DA:2,2
DA:3,2
DA:4,2
DA:5,2
DA:7,2
DA:9,2
DA:10,2
DA:11,2
DA:12,2
DA:14,2
DA:21,2
DA:27,2
DA:33,2
DA:39,2
LF:15
LH:15
BRF:0
BRH:0
end_of_record
TN:
SF:src\routes\index.js
FN:18,(anonymous_0)
FNF:1
FNH:0
FNDA:0,(anonymous_0)
DA:1,2
DA:2,2
DA:4,2
DA:5,2
DA:6,2
DA:7,2
DA:8,2
DA:9,2
DA:11,2
DA:12,2
DA:13,2
DA:14,2
DA:15,2
DA:16,2
DA:18,2
DA:19,0
DA:34,2
LF:17
LH:16
BRF:0
BRH:0
end_of_record
TN:
SF:src\routes\inscriptionRoutes.js
FNF:0
FNH:0
DA:1,2
DA:2,2
DA:3,2
DA:4,2
DA:5,2
DA:7,2
DA:9,2
DA:10,2
DA:11,2
DA:12,2
DA:13,2
DA:14,2
DA:15,2
DA:16,2
DA:18,2
DA:24,2
DA:29,2
DA:34,2
DA:40,2
DA:45,2
DA:50,2
LF:21
LH:21
BRF:0
BRH:0
end_of_record
TN:
SF:src\routes\palanqueeRoutes.js
FNF:0
FNH:0
DA:1,2
DA:2,2
DA:3,2
DA:4,2
DA:5,2
DA:7,2
DA:8,2
DA:10,2
DA:11,2
DA:12,2
DA:13,2
DA:14,2
DA:15,2
DA:17,2
DA:24,2
DA:30,2
DA:36,2
DA:42,2
DA:48,2
DA:54,2
DA:60,2
DA:66,2
DA:72,2
LF:23
LH:23
BRF:0
BRH:0
end_of_record
TN:
SF:src\routes\plongeeRoutes.js
FNF:0
FNH:0
DA:1,2
DA:2,2
DA:3,2
DA:4,2
DA:5,2
DA:7,2
DA:9,2
DA:14,2
DA:15,2
DA:20,2
DA:21,2
DA:25,2
DA:30,2
DA:35,2
DA:40,2
DA:45,2
DA:51,2
DA:59,2
DA:66,2
DA:73,2
DA:80,2
LF:21
LH:21
BRF:0
BRH:0
end_of_record
TN:
SF:src\routes\sortieRoutes.js
FNF:0
FNH:0
DA:1,2
DA:2,2
DA:3,2
DA:4,2
DA:5,2
DA:7,2
DA:9,2
DA:14,2
DA:19,2
DA:24,2
DA:29,2
DA:30,2
DA:31,2
DA:32,2
DA:37,2
DA:43,2
DA:49,2
DA:55,2
DA:61,2
DA:67,2
DA:75,2
DA:82,2
DA:89,2
LF:23
LH:23
BRF:0
BRH:0
end_of_record
TN:
SF:src\services\AttributionService.js
FN:10,(anonymous_0)
FN:19,(anonymous_1)
FN:26,(anonymous_2)
FN:34,(anonymous_3)
FN:38,(anonymous_4)
FN:46,(anonymous_5)
FN:49,(anonymous_6)
FN:58,(anonymous_7)
FN:62,(anonymous_8)
FN:84,(anonymous_9)
FN:100,(anonymous_10)
FN:125,(anonymous_11)
FN:144,(anonymous_12)
FN:182,(anonymous_13)
FN:198,(anonymous_14)
FNF:15
FNH:1
FNDA:2,(anonymous_0)
FNDA:0,(anonymous_1)
FNDA:0,(anonymous_2)
FNDA:0,(anonymous_3)
FNDA:0,(anonymous_4)
FNDA:0,(anonymous_5)
FNDA:0,(anonymous_6)
FNDA:0,(anonymous_7)
FNDA:0,(anonymous_8)
FNDA:0,(anonymous_9)
FNDA:0,(anonymous_10)
FNDA:0,(anonymous_11)
FNDA:0,(anonymous_12)
FNDA:0,(anonymous_13)
FNDA:0,(anonymous_14)
DA:1,2
DA:2,2
DA:3,2
DA:4,2
DA:5,2
DA:6,2
DA:7,2
DA:11,2
DA:12,2
DA:13,2
DA:20,0
DA:21,0
DA:22,0
DA:24,0
DA:25,0
DA:27,0
DA:28,0
DA:29,0
DA:35,0
DA:39,0
DA:47,0
DA:48,0
DA:50,0
DA:51,0
DA:52,0
DA:55,0
DA:59,0
DA:63,0
DA:64,0
DA:65,0
DA:67,0
DA:68,0
DA:69,0
DA:71,0
DA:75,0
DA:76,0
DA:78,0
DA:81,0
DA:85,0
DA:90,0
DA:91,0
DA:93,0
DA:96,0
DA:101,0
DA:102,0
DA:103,0
DA:105,0
DA:110,0
DA:111,0
DA:121,0
DA:126,0
DA:127,0
DA:128,0
DA:129,0
DA:132,0
DA:136,0
DA:138,0
DA:145,0
DA:146,0
DA:147,0
DA:148,0
DA:151,0
DA:152,0
DA:153,0
DA:154,0
DA:156,0
DA:168,0
DA:169,0
DA:170,0
DA:172,0
DA:176,0
DA:183,0
DA:185,0
DA:186,0
DA:187,0
DA:188,0
DA:189,0
DA:191,0
DA:199,0
DA:200,0
DA:201,0
DA:202,0
DA:204,0
DA:207,0
DA:211,2
LF:85
LH:11
BRDA:19,0,0,0
BRDA:21,1,0,0
BRDA:21,1,1,0
BRDA:21,2,0,0
BRDA:21,2,1,0
BRDA:62,3,0,0
BRDA:64,4,0,0
BRDA:64,4,1,0
BRDA:68,5,0,0
BRDA:68,5,1,0
BRDA:84,6,0,0
BRDA:100,7,0,0
BRDA:100,8,0,0
BRDA:102,9,0,0
BRDA:102,9,1,0
BRDA:103,10,0,0
BRDA:103,10,1,0
BRDA:103,11,0,0
BRDA:103,11,1,0
BRDA:114,12,0,0
BRDA:114,12,1,0
BRDA:125,13,0,0
BRDA:127,14,0,0
BRDA:127,14,1,0
BRDA:128,15,0,0
BRDA:128,15,1,0
BRDA:144,16,0,0
BRDA:146,17,0,0
BRDA:146,17,1,0
BRDA:147,18,0,0
BRDA:147,18,1,0
BRDA:147,19,0,0
BRDA:147,19,1,0
BRDA:151,20,0,0
BRDA:151,20,1,0
BRDA:159,21,0,0
BRDA:159,21,1,0
BRDA:169,22,0,0
BRDA:169,22,1,0
BRDA:170,23,0,0
BRDA:170,23,1,0
BRDA:185,24,0,0
BRDA:185,24,1,0
BRDA:186,25,0,0
BRDA:186,25,1,0
BRDA:187,26,0,0
BRDA:187,26,1,0
BRDA:188,27,0,0
BRDA:188,27,1,0
BRDA:189,28,0,0
BRDA:189,28,1,0
BRF:51
BRH:0
end_of_record
TN:
SF:src\services\BaseService.js
FN:2,(anonymous_0)
FN:6,(anonymous_1)
FN:10,(anonymous_2)
FN:14,(anonymous_3)
FN:18,(anonymous_4)
FN:22,(anonymous_5)
FNF:6
FNH:1
FNDA:15,(anonymous_0)
FNDA:0,(anonymous_1)
FNDA:0,(anonymous_2)
FNDA:0,(anonymous_3)
FNDA:0,(anonymous_4)
FNDA:0,(anonymous_5)
DA:3,15
DA:7,0
DA:11,0
DA:15,0
DA:19,0
DA:23,0
DA:27,3
LF:7
LH:2
BRDA:6,0,0,0
BRDA:10,1,0,0
BRF:2
BRH:0
end_of_record
TN:
SF:src\services\IncidentService.js
FN:5,(anonymous_0)
FN:11,(anonymous_1)
FN:15,(anonymous_2)
FN:19,(anonymous_3)
FN:29,(anonymous_4)
FNF:5
FNH:1
FNDA:2,(anonymous_0)
FNDA:0,(anonymous_1)
FNDA:0,(anonymous_2)
FNDA:0,(anonymous_3)
FNDA:0,(anonymous_4)
DA:1,2
DA:2,2
DA:6,2
DA:7,2
DA:8,2
DA:12,0
DA:16,0
DA:20,0
DA:24,0
DA:26,0
DA:30,0
DA:32,0
DA:33,0
DA:34,0
DA:36,0
DA:40,2
LF:16
LH:6
BRDA:24,0,0,0
BRDA:24,0,1,0
BRDA:32,1,0,0
BRDA:32,1,1,0
BRDA:33,2,0,0
BRDA:33,2,1,0
BRDA:34,3,0,0
BRDA:34,3,1,0
BRF:8
BRH:0
end_of_record
TN:
SF:src\services\InscriptionService.js
FN:15,formatSortieLabel
FN:23,(anonymous_1)
FN:34,(anonymous_2)
FN:40,(anonymous_3)
FN:49,(anonymous_4)
FN:57,(anonymous_5)
FN:61,(anonymous_6)
FN:74,(anonymous_7)
FN:87,(anonymous_8)
FN:112,(anonymous_9)
FN:192,(anonymous_10)
FN:196,(anonymous_11)
FN:201,(anonymous_12)
FN:205,(anonymous_13)
FN:210,(anonymous_14)
FN:221,(anonymous_15)
FN:226,(anonymous_16)
FN:230,(anonymous_17)
FN:251,(anonymous_18)
FN:371,(anonymous_19)
FN:379,(anonymous_20)
FN:409,(anonymous_21)
FN:434,(anonymous_22)
FN:483,(anonymous_23)
FNF:24
FNH:1
FNDA:0,formatSortieLabel
FNDA:2,(anonymous_1)
FNDA:0,(anonymous_2)
FNDA:0,(anonymous_3)
FNDA:0,(anonymous_4)
FNDA:0,(anonymous_5)
FNDA:0,(anonymous_6)
FNDA:0,(anonymous_7)
FNDA:0,(anonymous_8)
FNDA:0,(anonymous_9)
FNDA:0,(anonymous_10)
FNDA:0,(anonymous_11)
FNDA:0,(anonymous_12)
FNDA:0,(anonymous_13)
FNDA:0,(anonymous_14)
FNDA:0,(anonymous_15)
FNDA:0,(anonymous_16)
FNDA:0,(anonymous_17)
FNDA:0,(anonymous_18)
FNDA:0,(anonymous_19)
FNDA:0,(anonymous_20)
FNDA:0,(anonymous_21)
FNDA:0,(anonymous_22)
FNDA:0,(anonymous_23)
DA:1,2
DA:2,2
DA:3,2
DA:4,2
DA:5,2
DA:6,2
DA:7,2
DA:8,2
DA:9,2
DA:13,2
DA:16,0
DA:19,0
DA:24,2
DA:25,2
DA:26,2
DA:27,2
DA:28,2
DA:35,0
DA:41,0
DA:42,0
DA:43,0
DA:44,0
DA:46,0
DA:50,0
DA:51,0
DA:52,0
DA:53,0
DA:58,0
DA:62,0
DA:63,0
DA:64,0
DA:67,0
DA:69,0
DA:70,0
DA:75,0
DA:76,0
DA:77,0
DA:78,0
DA:80,0
DA:82,0
DA:83,0
DA:88,0
DA:89,0
DA:90,0
DA:91,0
DA:92,0
DA:95,0
DA:96,0
DA:97,0
DA:99,0
DA:100,0
DA:101,0
DA:102,0
DA:105,0
DA:107,0
DA:108,0
DA:113,0
DA:114,0
DA:115,0
DA:118,0
DA:119,0
DA:120,0
DA:122,0
DA:133,0
DA:135,0
DA:136,0
DA:138,0
DA:139,0
DA:140,0
DA:143,0
DA:144,0
DA:145,0
DA:146,0
DA:149,0
DA:150,0
DA:153,0
DA:154,0
DA:159,0
DA:160,0
DA:162,0
DA:163,0
DA:166,0
DA:167,0
DA:171,0
DA:174,0
DA:175,0
DA:178,0
DA:180,0
DA:181,0
DA:182,0
DA:186,0
DA:189,0
DA:193,0
DA:197,0
DA:200,0
DA:201,0
DA:203,0
DA:204,0
DA:205,0
DA:207,0
DA:211,0
DA:212,0
DA:213,0
DA:215,0
DA:222,0
DA:223,0
DA:224,0
DA:225,0
DA:226,0
DA:231,0
DA:232,0
DA:233,0
DA:234,0
DA:238,0
DA:240,0
DA:241,0
DA:252,0
DA:253,0
DA:255,0
DA:256,0
DA:259,0
DA:260,0
DA:261,0
DA:262,0
DA:263,0
DA:264,0
DA:265,0
DA:269,0
DA:270,0
DA:271,0
DA:274,0
DA:275,0
DA:276,0
DA:279,0
DA:280,0
DA:285,0
DA:286,0
DA:294,0
DA:299,0
DA:307,0
DA:308,0
DA:309,0
DA:319,0
DA:320,0
DA:321,0
DA:322,0
DA:326,0
DA:327,0
DA:328,0
DA:331,0
DA:333,0
DA:334,0
DA:336,0
DA:337,0
DA:338,0
DA:339,0
DA:340,0
DA:341,0
DA:342,0
DA:343,0
DA:344,0
DA:350,0
DA:351,0
DA:364,0
DA:366,0
DA:367,0
DA:372,0
DA:376,0
DA:380,0
DA:381,0
DA:383,0
DA:384,0
DA:386,0
DA:387,0
DA:390,0
DA:396,0
DA:397,0
DA:400,0
DA:401,0
DA:402,0
DA:403,0
DA:404,0
DA:406,0
DA:410,0
DA:411,0
DA:412,0
DA:414,0
DA:416,0
DA:417,0
DA:418,0
DA:420,0
DA:421,0
DA:422,0
DA:423,0
DA:426,0
DA:435,0
DA:437,0
DA:438,0
DA:440,0
DA:441,0
DA:451,0
DA:453,0
DA:454,0
DA:455,0
DA:457,0
DA:462,0
DA:463,0
DA:464,0
DA:465,0
DA:466,0
DA:477,0
DA:480,0
DA:484,0
DA:486,0
DA:487,0
DA:489,0
DA:490,0
DA:493,0
DA:497,2
LF:219
LH:16
BRDA:16,0,0,0
BRDA:16,0,1,0
BRDA:19,1,0,0
BRDA:19,1,1,0
BRDA:19,1,2,0
BRDA:41,2,0,0
BRDA:41,2,1,0
BRDA:41,3,0,0
BRDA:41,3,1,0
BRDA:43,4,0,0
BRDA:43,4,1,0
BRDA:50,5,0,0
BRDA:50,5,1,0
BRDA:52,6,0,0
BRDA:52,6,1,0
BRDA:61,7,0,0
BRDA:61,8,0,0
BRDA:64,9,0,0
BRDA:64,9,1,0
BRDA:74,10,0,0
BRDA:77,11,0,0
BRDA:77,11,1,0
BRDA:77,12,0,0
BRDA:77,12,1,0
BRDA:87,13,0,0
BRDA:87,14,0,0
BRDA:90,15,0,0
BRDA:90,15,1,0
BRDA:91,16,0,0
BRDA:91,16,1,0
BRDA:99,17,0,0
BRDA:99,17,1,0
BRDA:101,18,0,0
BRDA:101,18,1,0
BRDA:114,19,0,0
BRDA:114,19,1,0
BRDA:119,20,0,0
BRDA:119,20,1,0
BRDA:133,21,0,0
BRDA:133,21,1,0
BRDA:138,22,0,0
BRDA:138,22,1,0
BRDA:139,23,0,0
BRDA:139,23,1,0
BRDA:139,24,0,0
BRDA:139,24,1,0
BRDA:139,24,2,0
BRDA:145,25,0,0
BRDA:145,25,1,0
BRDA:149,26,0,0
BRDA:149,26,1,0
BRDA:149,27,0,0
BRDA:149,27,1,0
BRDA:153,28,0,0
BRDA:153,28,1,0
BRDA:153,29,0,0
BRDA:153,29,1,0
BRDA:159,30,0,0
BRDA:159,30,1,0
BRDA:163,31,0,0
BRDA:163,31,1,0
BRDA:166,32,0,0
BRDA:166,32,1,0
BRDA:166,33,0,0
BRDA:166,33,1,0
BRDA:174,34,0,0
BRDA:174,34,1,0
BRDA:174,35,0,0
BRDA:174,35,1,0
BRDA:180,36,0,0
BRDA:180,36,1,0
BRDA:180,37,0,0
BRDA:180,37,1,0
BRDA:182,38,0,0
BRDA:182,38,1,0
BRDA:183,39,0,0
BRDA:183,39,1,0
BRDA:183,39,2,0
BRDA:192,40,0,0
BRDA:196,41,0,0
BRDA:196,42,0,0
BRDA:196,43,0,0
BRDA:200,44,0,0
BRDA:200,44,1,0
BRDA:201,45,0,0
BRDA:201,45,1,0
BRDA:204,46,0,0
BRDA:204,46,1,0
BRDA:210,47,0,0
BRDA:212,48,0,0
BRDA:212,48,1,0
BRDA:212,49,0,0
BRDA:212,49,1,0
BRDA:221,50,0,0
BRDA:224,51,0,0
BRDA:224,51,1,0
BRDA:230,52,0,0
BRDA:233,53,0,0
BRDA:233,53,1,0
BRDA:252,54,0,0
BRDA:252,54,1,0
BRDA:255,55,0,0
BRDA:255,55,1,0
BRDA:262,56,0,0
BRDA:262,56,1,0
BRDA:264,57,0,0
BRDA:264,57,1,0
BRDA:270,58,0,0
BRDA:270,58,1,0
BRDA:275,59,0,0
BRDA:275,59,1,0
BRDA:279,60,0,0
BRDA:279,60,1,0
BRDA:285,61,0,0
BRDA:285,61,1,0
BRDA:294,62,0,0
BRDA:294,62,1,0
BRDA:295,63,0,0
BRDA:295,63,1,0
BRDA:295,63,2,0
BRDA:308,64,0,0
BRDA:308,64,1,0
BRDA:319,65,0,0
BRDA:319,65,1,0
BRDA:321,66,0,0
BRDA:321,66,1,0
BRDA:327,67,0,0
BRDA:327,67,1,0
BRDA:333,68,0,0
BRDA:333,68,1,0
BRDA:336,69,0,0
BRDA:336,69,1,0
BRDA:338,70,0,0
BRDA:338,70,1,0
BRDA:338,71,0,0
BRDA:338,71,1,0
BRDA:341,72,0,0
BRDA:341,72,1,0
BRDA:343,73,0,0
BRDA:343,73,1,0
BRDA:350,74,0,0
BRDA:350,74,1,0
BRDA:356,75,0,0
BRDA:356,75,1,0
BRDA:358,76,0,0
BRDA:358,76,1,0
BRDA:358,77,0,0
BRDA:358,77,1,0
BRDA:366,78,0,0
BRDA:366,78,1,0
BRDA:379,79,0,0
BRDA:379,80,0,0
BRDA:380,81,0,0
BRDA:380,81,1,0
BRDA:384,82,0,0
BRDA:384,82,1,0
BRDA:386,83,0,0
BRDA:386,83,1,0
BRDA:396,84,0,0
BRDA:396,84,1,0
BRDA:409,85,0,0
BRDA:409,86,0,0
BRDA:411,87,0,0
BRDA:411,87,1,0
BRDA:420,88,0,0
BRDA:420,88,1,0
BRDA:422,89,0,0
BRDA:422,89,1,0
BRDA:434,90,0,0
BRDA:434,91,0,0
BRDA:435,92,0,0
BRDA:435,92,1,0
BRDA:435,93,0,0
BRDA:435,93,1,0
BRDA:438,94,0,0
BRDA:438,94,1,0
BRDA:444,95,0,0
BRDA:444,95,1,0
BRDA:448,96,0,0
BRDA:448,96,1,0
BRDA:451,97,0,0
BRDA:451,97,1,0
BRDA:453,98,0,0
BRDA:453,98,1,0
BRDA:454,99,0,0
BRDA:454,99,1,0
BRDA:455,100,0,0
BRDA:455,100,1,0
BRDA:465,101,0,0
BRDA:465,101,1,0
BRDA:486,102,0,0
BRDA:486,102,1,0
BRDA:489,103,0,0
BRDA:489,103,1,0
BRF:194
BRH:0
end_of_record
TN:
SF:src\services\InscriptionWaitlistService.js
FN:5,formatSortieLabel
FN:17,(anonymous_1)
FN:22,(anonymous_2)
FN:29,(anonymous_3)
FN:33,(anonymous_4)
FN:36,(anonymous_5)
FN:47,(anonymous_6)
FN:51,(anonymous_7)
FN:55,(anonymous_8)
FN:61,(anonymous_9)
FN:73,(anonymous_10)
FN:104,(anonymous_11)
FN:108,(anonymous_12)
FNF:13
FNH:1
FNDA:0,formatSortieLabel
FNDA:2,(anonymous_1)
FNDA:0,(anonymous_2)
FNDA:0,(anonymous_3)
FNDA:0,(anonymous_4)
FNDA:0,(anonymous_5)
FNDA:0,(anonymous_6)
FNDA:0,(anonymous_7)
FNDA:0,(anonymous_8)
FNDA:0,(anonymous_9)
FNDA:0,(anonymous_10)
FNDA:0,(anonymous_11)
FNDA:0,(anonymous_12)
DA:1,2
DA:2,2
DA:3,2
DA:6,0
DA:9,0
DA:18,2
DA:19,2
DA:23,0
DA:24,0
DA:25,0
DA:28,0
DA:30,0
DA:32,0
DA:33,0
DA:35,0
DA:36,0
DA:39,0
DA:48,0
DA:52,0
DA:53,0
DA:56,0
DA:62,0
DA:63,0
DA:64,0
DA:65,0
DA:66,0
DA:67,0
DA:69,0
DA:74,0
DA:75,0
DA:77,0
DA:78,0
DA:79,0
DA:81,0
DA:82,0
DA:83,0
DA:84,0
DA:85,0
DA:87,0
DA:88,0
DA:89,0
DA:90,0
DA:91,0
DA:98,0
DA:101,0
DA:106,0
DA:107,0
DA:108,0
DA:111,0
DA:123,2
LF:50
LH:6
BRDA:6,0,0,0
BRDA:6,0,1,0
BRDA:9,1,0,0
BRDA:9,1,1,0
BRDA:9,1,2,0
BRDA:17,2,0,0
BRDA:22,3,0,0
BRDA:22,4,0,0
BRDA:24,5,0,0
BRDA:24,5,1,0
BRDA:28,6,0,0
BRDA:28,6,1,0
BRDA:51,7,0,0
BRDA:65,8,0,0
BRDA:65,8,1,0
BRDA:73,9,0,0
BRDA:75,10,0,0
BRDA:75,10,1,0
BRDA:79,11,0,0
BRDA:79,11,1,0
BRDA:90,12,0,0
BRDA:90,12,1,0
BRDA:104,13,0,0
BRDA:107,14,0,0
BRDA:107,14,1,0
BRF:25
BRH:0
end_of_record
TN:
SF:src\services\PalanqueeService.js
FN:30,(anonymous_0)
FN:38,(anonymous_1)
FN:42,(anonymous_2)
FN:53,(anonymous_3)
FN:61,(anonymous_4)
FN:68,(anonymous_5)
FN:72,(anonymous_6)
FN:76,(anonymous_7)
FN:82,(anonymous_8)
FN:88,(anonymous_9)
FN:93,(anonymous_10)
FN:96,(anonymous_11)
FN:97,(anonymous_12)
FN:101,(anonymous_13)
FN:112,(anonymous_14)
FN:125,(anonymous_15)
FN:144,(anonymous_16)
FN:172,(anonymous_17)
FN:175,(anonymous_18)
FN:176,(anonymous_19)
FN:189,(anonymous_20)
FN:222,(anonymous_21)
FN:240,(anonymous_22)
FN:241,(anonymous_23)
FN:245,(anonymous_24)
FN:251,(anonymous_25)
FN:259,(anonymous_26)
FN:269,(anonymous_27)
FN:280,(anonymous_28)
FN:303,(anonymous_29)
FN:310,(anonymous_30)
FN:343,(anonymous_31)
FN:362,(anonymous_32)
FN:414,(anonymous_33)
FN:458,(anonymous_34)
FN:472,(anonymous_35)
FN:476,(anonymous_36)
FN:486,(anonymous_37)
FNF:38
FNH:1
FNDA:2,(anonymous_0)
FNDA:0,(anonymous_1)
FNDA:0,(anonymous_2)
FNDA:0,(anonymous_3)
FNDA:0,(anonymous_4)
FNDA:0,(anonymous_5)
FNDA:0,(anonymous_6)
FNDA:0,(anonymous_7)
FNDA:0,(anonymous_8)
FNDA:0,(anonymous_9)
FNDA:0,(anonymous_10)
FNDA:0,(anonymous_11)
FNDA:0,(anonymous_12)
FNDA:0,(anonymous_13)
FNDA:0,(anonymous_14)
FNDA:0,(anonymous_15)
FNDA:0,(anonymous_16)
FNDA:0,(anonymous_17)
FNDA:0,(anonymous_18)
FNDA:0,(anonymous_19)
FNDA:0,(anonymous_20)
FNDA:0,(anonymous_21)
FNDA:0,(anonymous_22)
FNDA:0,(anonymous_23)
FNDA:0,(anonymous_24)
FNDA:0,(anonymous_25)
FNDA:0,(anonymous_26)
FNDA:0,(anonymous_27)
FNDA:0,(anonymous_28)
FNDA:0,(anonymous_29)
FNDA:0,(anonymous_30)
FNDA:0,(anonymous_31)
FNDA:0,(anonymous_32)
FNDA:0,(anonymous_33)
FNDA:0,(anonymous_34)
FNDA:0,(anonymous_35)
FNDA:0,(anonymous_36)
FNDA:0,(anonymous_37)
DA:1,2
DA:2,2
DA:7,2
DA:8,2
DA:9,2
DA:10,2
DA:11,2
DA:13,2
DA:15,2
DA:22,2
DA:31,2
DA:32,2
DA:33,2
DA:39,0
DA:40,0
DA:41,0
DA:43,0
DA:44,0
DA:45,0
DA:47,0
DA:50,0
DA:54,0
DA:55,0
DA:58,0
DA:62,0
DA:63,0
DA:64,0
DA:65,0
DA:69,0
DA:70,0
DA:71,0
DA:72,0
DA:73,0
DA:77,0
DA:78,0
DA:79,0
DA:83,0
DA:84,0
DA:85,0
DA:89,0
DA:90,0
DA:94,0
DA:95,0
DA:96,0
DA:97,0
DA:102,0
DA:103,0
DA:113,0
DA:114,0
DA:116,0
DA:117,0
DA:118,0
DA:123,0
DA:124,0
DA:125,0
DA:126,0
DA:133,0
DA:134,0
DA:135,0
DA:137,0
DA:138,0
DA:139,0
DA:145,0
DA:146,0
DA:147,0
DA:149,0
DA:150,0
DA:151,0
DA:152,0
DA:155,0
DA:173,0
DA:175,0
DA:176,0
DA:178,0
DA:180,0
DA:181,0
DA:183,0
DA:185,0
DA:186,0
DA:188,0
DA:189,0
DA:190,0
DA:192,0
DA:193,0
DA:194,0
DA:195,0
DA:199,0
DA:200,0
DA:201,0
DA:206,0
DA:207,0
DA:210,0
DA:212,0
DA:223,0
DA:224,0
DA:226,0
DA:227,0
DA:229,0
DA:241,0
DA:242,0
DA:246,0
DA:247,0
DA:252,0
DA:254,0
DA:255,0
DA:256,0
DA:258,0
DA:259,0
DA:261,0
DA:263,0
DA:264,0
DA:268,0
DA:269,0
DA:270,0
DA:271,0
DA:272,0
DA:277,0
DA:281,0
DA:283,0
DA:284,0
DA:285,0
DA:287,0
DA:288,0
DA:289,0
DA:291,0
DA:292,0
DA:293,0
DA:295,0
DA:296,0
DA:297,0
DA:300,0
DA:304,0
DA:306,0
DA:307,0
DA:308,0
DA:310,0
DA:311,0
DA:312,0
DA:314,0
DA:315,0
DA:318,0
DA:319,0
DA:320,0
DA:321,0
DA:327,0
DA:328,0
DA:330,0
DA:331,0
DA:333,0
DA:334,0
DA:336,0
DA:338,0
DA:344,0
DA:346,0
DA:347,0
DA:348,0
DA:350,0
DA:351,0
DA:352,0
DA:355,0
DA:356,0
DA:362,0
DA:363,0
DA:364,0
DA:365,0
DA:368,0
DA:369,0
DA:371,0
DA:372,0
DA:373,0
DA:375,0
DA:376,0
DA:386,0
DA:387,0
DA:388,0
DA:392,0
DA:394,0
DA:395,0
DA:396,0
DA:398,0
DA:405,0
DA:409,0
DA:415,0
DA:417,0
DA:418,0
DA:420,0
DA:421,0
DA:423,0
DA:424,0
DA:425,0
DA:426,0
DA:427,0
DA:430,0
DA:435,0
DA:436,0
DA:437,0
DA:440,0
DA:441,0
DA:452,0
DA:455,0
DA:459,0
DA:461,0
DA:462,0
DA:463,0
DA:465,0
DA:466,0
DA:467,0
DA:469,0
DA:473,0
DA:474,0
DA:475,0
DA:476,0
DA:479,0
DA:487,0
DA:489,0
DA:490,0
DA:492,0
DA:496,2
LF:218
LH:14
BRDA:40,0,0,0
BRDA:40,0,1,0
BRDA:43,1,0,0
BRDA:43,1,1,0
BRDA:44,2,0,0
BRDA:44,2,1,0
BRDA:50,3,0,0
BRDA:50,3,1,0
BRDA:53,4,0,0
BRDA:53,5,0,0
BRDA:55,6,0,0
BRDA:55,6,1,0
BRDA:61,7,0,0
BRDA:61,8,0,0
BRDA:63,9,0,0
BRDA:63,9,1,0
BRDA:70,10,0,0
BRDA:70,10,1,0
BRDA:71,11,0,0
BRDA:71,11,1,0
BRDA:73,12,0,0
BRDA:73,12,1,0
BRDA:76,13,0,0
BRDA:76,14,0,0
BRDA:82,15,0,0
BRDA:82,16,0,0
BRDA:88,17,0,0
BRDA:95,18,0,0
BRDA:95,18,1,0
BRDA:97,19,0,0
BRDA:97,19,1,0
BRDA:102,20,0,0
BRDA:102,20,1,0
BRDA:112,21,0,0
BRDA:114,22,0,0
BRDA:114,22,1,0
BRDA:117,23,0,0
BRDA:117,23,1,0
BRDA:117,24,0,0
BRDA:117,24,1,0
BRDA:117,25,0,0
BRDA:117,25,1,0
BRDA:124,26,0,0
BRDA:124,26,1,0
BRDA:125,27,0,0
BRDA:125,27,1,0
BRDA:125,28,0,0
BRDA:125,28,1,0
BRDA:135,29,0,0
BRDA:135,29,1,0
BRDA:135,30,0,0
BRDA:135,30,1,0
BRDA:137,31,0,0
BRDA:137,31,1,0
BRDA:138,32,0,0
BRDA:138,32,1,0
BRDA:138,33,0,0
BRDA:138,33,1,0
BRDA:144,34,0,0
BRDA:144,35,0,0
BRDA:146,36,0,0
BRDA:146,36,1,0
BRDA:147,37,0,0
BRDA:147,37,1,0
BRDA:149,38,0,0
BRDA:149,38,1,0
BRDA:151,39,0,0
BRDA:151,39,1,0
BRDA:157,40,0,0
BRDA:157,40,1,0
BRDA:159,41,0,0
BRDA:159,41,1,0
BRDA:176,42,0,0
BRDA:176,42,1,0
BRDA:178,43,0,0
BRDA:178,43,1,0
BRDA:181,44,0,0
BRDA:181,44,1,0
BRDA:186,45,0,0
BRDA:186,45,1,0
BRDA:188,46,0,0
BRDA:188,46,1,0
BRDA:192,47,0,0
BRDA:192,47,1,0
BRDA:192,48,0,0
BRDA:192,48,1,0
BRDA:199,49,0,0
BRDA:199,49,1,0
BRDA:204,50,0,0
BRDA:204,50,1,0
BRDA:224,51,0,0
BRDA:224,51,1,0
BRDA:227,52,0,0
BRDA:227,52,1,0
BRDA:242,53,0,0
BRDA:242,53,1,0
BRDA:246,54,0,0
BRDA:246,54,1,0
BRDA:251,55,0,0
BRDA:251,56,0,0
BRDA:255,57,0,0
BRDA:255,57,1,0
BRDA:258,58,0,0
BRDA:258,58,1,0
BRDA:261,59,0,0
BRDA:261,59,1,0
BRDA:264,60,0,0
BRDA:264,60,1,0
BRDA:268,61,0,0
BRDA:268,61,1,0
BRDA:271,62,0,0
BRDA:271,62,1,0
BRDA:271,63,0,0
BRDA:271,63,1,0
BRDA:280,64,0,0
BRDA:284,65,0,0
BRDA:284,65,1,0
BRDA:288,66,0,0
BRDA:288,66,1,0
BRDA:291,67,0,0
BRDA:291,67,1,0
BRDA:295,68,0,0
BRDA:295,68,1,0
BRDA:303,69,0,0
BRDA:303,70,0,0
BRDA:307,71,0,0
BRDA:307,71,1,0
BRDA:310,72,0,0
BRDA:310,72,1,0
BRDA:311,73,0,0
BRDA:311,73,1,0
BRDA:311,74,0,0
BRDA:311,74,1,0
BRDA:314,75,0,0
BRDA:314,75,1,0
BRDA:314,76,0,0
BRDA:314,76,1,0
BRDA:318,77,0,0
BRDA:318,77,1,0
BRDA:318,78,0,0
BRDA:318,78,1,0
BRDA:320,79,0,0
BRDA:320,79,1,0
BRDA:327,80,0,0
BRDA:327,80,1,0
BRDA:328,81,0,0
BRDA:328,81,1,0
BRDA:330,82,0,0
BRDA:330,82,1,0
BRDA:331,83,0,0
BRDA:331,83,1,0
BRDA:333,84,0,0
BRDA:333,84,1,0
BRDA:334,85,0,0
BRDA:334,85,1,0
BRDA:343,86,0,0
BRDA:347,87,0,0
BRDA:347,87,1,0
BRDA:350,88,0,0
BRDA:350,88,1,0
BRDA:351,89,0,0
BRDA:351,89,1,0
BRDA:356,90,0,0
BRDA:356,90,1,0
BRDA:363,91,0,0
BRDA:363,91,1,0
BRDA:363,92,0,0
BRDA:363,92,1,0
BRDA:363,92,2,0
BRDA:365,93,0,0
BRDA:365,93,1,0
BRDA:371,94,0,0
BRDA:371,94,1,0
BRDA:372,95,0,0
BRDA:372,95,1,0
BRDA:375,96,0,0
BRDA:375,96,1,0
BRDA:377,97,0,0
BRDA:377,97,1,0
BRDA:381,98,0,0
BRDA:381,98,1,0
BRDA:382,99,0,0
BRDA:382,99,1,0
BRDA:383,100,0,0
BRDA:383,100,1,0
BRDA:392,101,0,0
BRDA:392,101,1,0
BRDA:394,102,0,0
BRDA:394,102,1,0
BRDA:414,103,0,0
BRDA:414,104,0,0
BRDA:414,105,0,0
BRDA:418,106,0,0
BRDA:418,106,1,0
BRDA:426,107,0,0
BRDA:426,107,1,0
BRDA:426,108,0,0
BRDA:426,108,1,0
BRDA:435,109,0,0
BRDA:435,109,1,0
BRDA:440,110,0,0
BRDA:440,110,1,0
BRDA:445,111,0,0
BRDA:445,111,1,0
BRDA:458,112,0,0
BRDA:462,113,0,0
BRDA:462,113,1,0
BRDA:463,114,0,0
BRDA:463,114,1,0
BRDA:476,115,0,0
BRDA:476,115,1,0
BRDA:482,116,0,0
BRDA:482,116,1,0
BRDA:489,117,0,0
BRDA:489,117,1,0
BRDA:490,118,0,0
BRDA:490,118,1,0
BRF:217
BRH:0
end_of_record
TN:
SF:src\services\PlongeeService.js
FN:11,(anonymous_0)
FN:17,(anonymous_1)
FN:25,(anonymous_2)
FN:31,(anonymous_3)
FN:38,(anonymous_4)
FN:49,(anonymous_5)
FN:61,(anonymous_6)
FN:65,(anonymous_7)
FN:69,(anonymous_8)
FN:87,(anonymous_9)
FN:121,(anonymous_10)
FN:154,(anonymous_11)
FN:157,(anonymous_12)
FN:160,(anonymous_13)
FNF:14
FNH:1
FNDA:2,(anonymous_0)
FNDA:0,(anonymous_1)
FNDA:0,(anonymous_2)
FNDA:0,(anonymous_3)
FNDA:0,(anonymous_4)
FNDA:0,(anonymous_5)
FNDA:0,(anonymous_6)
FNDA:0,(anonymous_7)
FNDA:0,(anonymous_8)
FNDA:0,(anonymous_9)
FNDA:0,(anonymous_10)
FNDA:0,(anonymous_11)
FNDA:0,(anonymous_12)
FNDA:0,(anonymous_13)
DA:1,2
DA:2,2
DA:3,2
DA:4,2
DA:5,2
DA:6,2
DA:8,2
DA:12,2
DA:13,2
DA:14,2
DA:18,0
DA:19,0
DA:20,0
DA:22,0
DA:26,0
DA:27,0
DA:28,0
DA:32,0
DA:33,0
DA:34,0
DA:39,0
DA:40,0
DA:41,0
DA:43,0
DA:50,0
DA:51,0
DA:52,0
DA:54,0
DA:55,0
DA:56,0
DA:58,0
DA:62,0
DA:66,0
DA:70,0
DA:72,0
DA:73,0
DA:74,0
DA:75,0
DA:77,0
DA:78,0
DA:80,0
DA:82,0
DA:88,0
DA:89,0
DA:90,0
DA:94,0
DA:96,0
DA:97,0
DA:99,0
DA:105,0
DA:106,0
DA:107,0
DA:109,0
DA:113,0
DA:122,0
DA:123,0
DA:124,0
DA:125,0
DA:126,0
DA:128,0
DA:134,0
DA:135,0
DA:137,0
DA:139,0
DA:140,0
DA:155,0
DA:156,0
DA:157,0
DA:161,0
DA:163,0
DA:164,0
DA:165,0
DA:167,0
DA:170,0
DA:174,2
LF:75
LH:11
BRDA:17,0,0,0
BRDA:19,1,0,0
BRDA:19,1,1,0
BRDA:25,2,0,0
BRDA:27,3,0,0
BRDA:27,3,1,0
BRDA:33,4,0,0
BRDA:33,4,1,0
BRDA:33,5,0,0
BRDA:33,5,1,0
BRDA:38,6,0,0
BRDA:40,7,0,0
BRDA:40,7,1,0
BRDA:40,8,0,0
BRDA:40,8,1,0
BRDA:49,9,0,0
BRDA:49,10,0,0
BRDA:51,11,0,0
BRDA:51,11,1,0
BRDA:55,12,0,0
BRDA:55,12,1,0
BRDA:72,13,0,0
BRDA:72,13,1,0
BRDA:73,14,0,0
BRDA:73,14,1,0
BRDA:74,15,0,0
BRDA:74,15,1,0
BRDA:74,16,0,0
BRDA:74,16,1,0
BRDA:77,17,0,0
BRDA:77,17,1,0
BRDA:77,18,0,0
BRDA:77,18,1,0
BRDA:80,19,0,0
BRDA:80,19,1,0
BRDA:87,20,0,0
BRDA:89,21,0,0
BRDA:89,21,1,0
BRDA:90,22,0,0
BRDA:90,22,1,0
BRDA:94,23,0,0
BRDA:94,23,1,0
BRDA:105,24,0,0
BRDA:105,24,1,0
BRDA:134,25,0,0
BRDA:134,25,1,0
BRDA:135,26,0,0
BRDA:135,26,1,0
BRDA:143,27,0,0
BRDA:143,27,1,0
BRF:50
BRH:0
end_of_record
TN:
SF:src\services\SortieService.js
FN:9,formatSortieLabel
FN:17,(anonymous_1)
FN:24,(anonymous_2)
FN:27,(anonymous_3)
FN:35,(anonymous_4)
FN:38,(anonymous_5)
FN:48,(anonymous_6)
FN:51,(anonymous_7)
FN:54,(anonymous_8)
FN:58,(anonymous_9)
FN:64,(anonymous_10)
FN:67,(anonymous_11)
FN:75,(anonymous_12)
FN:77,(anonymous_13)
FN:81,(anonymous_14)
FN:86,(anonymous_15)
FN:92,(anonymous_16)
FN:95,(anonymous_17)
FN:97,(anonymous_18)
FN:102,(anonymous_19)
FN:111,(anonymous_20)
FN:120,(anonymous_21)
FN:134,(anonymous_22)
FN:143,(anonymous_23)
FN:147,(anonymous_24)
FN:149,(anonymous_25)
FN:151,(anonymous_26)
FN:155,(anonymous_27)
FN:164,(anonymous_28)
FN:168,(anonymous_29)
FN:175,(anonymous_30)
FN:188,(anonymous_31)
FN:196,(anonymous_32)
FN:266,(anonymous_33)
FN:292,(anonymous_34)
FN:310,(anonymous_35)
FN:358,(anonymous_36)
FN:391,(anonymous_37)
FN:394,(anonymous_38)
FN:395,(anonymous_39)
FN:399,(anonymous_40)
FN:400,(anonymous_41)
FN:408,(anonymous_42)
FN:413,(anonymous_43)
FNF:44
FNH:12
FNDA:0,formatSortieLabel
FNDA:5,(anonymous_1)
FNDA:2,(anonymous_2)
FNDA:0,(anonymous_3)
FNDA:1002,(anonymous_4)
FNDA:6004,(anonymous_5)
FNDA:2,(anonymous_6)
FNDA:1000,(anonymous_7)
FNDA:0,(anonymous_8)
FNDA:0,(anonymous_9)
FNDA:0,(anonymous_10)
FNDA:0,(anonymous_11)
FNDA:0,(anonymous_12)
FNDA:0,(anonymous_13)
FNDA:0,(anonymous_14)
FNDA:0,(anonymous_15)
FNDA:0,(anonymous_16)
FNDA:0,(anonymous_17)
FNDA:0,(anonymous_18)
FNDA:0,(anonymous_19)
FNDA:0,(anonymous_20)
FNDA:0,(anonymous_21)
FNDA:0,(anonymous_22)
FNDA:0,(anonymous_23)
FNDA:0,(anonymous_24)
FNDA:0,(anonymous_25)
FNDA:0,(anonymous_26)
FNDA:4,(anonymous_27)
FNDA:1,(anonymous_28)
FNDA:1,(anonymous_29)
FNDA:1,(anonymous_30)
FNDA:2,(anonymous_31)
FNDA:0,(anonymous_32)
FNDA:0,(anonymous_33)
FNDA:0,(anonymous_34)
FNDA:9,(anonymous_35)
FNDA:0,(anonymous_36)
FNDA:0,(anonymous_37)
FNDA:0,(anonymous_38)
FNDA:0,(anonymous_39)
FNDA:0,(anonymous_40)
FNDA:0,(anonymous_41)
FNDA:0,(anonymous_42)
FNDA:0,(anonymous_43)
DA:1,3
DA:2,3
DA:3,3
DA:4,3
DA:5,3
DA:6,3
DA:7,3
DA:10,0
DA:13,0
DA:18,5
DA:19,5
DA:20,5
DA:21,5
DA:25,2
DA:26,2
DA:27,0
DA:28,0
DA:36,1002
DA:37,1002
DA:38,6004
DA:40,1002
DA:41,1002
DA:49,2
DA:50,2
DA:51,1000
DA:56,0
DA:57,0
DA:58,0
DA:65,0
DA:66,0
DA:68,0
DA:69,0
DA:70,0
DA:76,0
DA:77,0
DA:81,0
DA:87,0
DA:88,0
DA:89,0
DA:92,0
DA:95,0
DA:97,0
DA:103,0
DA:104,0
DA:105,0
DA:106,0
DA:107,0
DA:112,0
DA:113,0
DA:115,0
DA:116,0
DA:118,0
DA:119,0
DA:121,0
DA:122,0
DA:123,0
DA:128,0
DA:130,0
DA:134,0
DA:135,0
DA:136,0
DA:137,0
DA:140,0
DA:144,0
DA:145,0
DA:147,0
DA:149,0
DA:151,0
DA:156,4
DA:157,4
DA:158,2
DA:161,2
DA:165,1
DA:169,1
DA:170,1
DA:171,1
DA:172,1
DA:176,1
DA:177,1
DA:178,1
DA:179,1
DA:189,2
DA:190,1
DA:197,0
DA:198,0
DA:199,0
DA:201,0
DA:202,0
DA:203,0
DA:204,0
DA:205,0
DA:206,0
DA:208,0
DA:209,0
DA:210,0
DA:211,0
DA:218,0
DA:223,0
DA:224,0
DA:227,0
DA:232,0
DA:240,0
DA:246,0
DA:247,0
DA:248,0
DA:249,0
DA:256,0
DA:263,0
DA:268,0
DA:269,0
DA:270,0
DA:271,0
DA:272,0
DA:273,0
DA:274,0
DA:279,0
DA:283,0
DA:294,0
DA:295,0
DA:296,0
DA:297,0
DA:298,0
DA:299,0
DA:300,0
DA:311,9
DA:312,9
DA:313,2
DA:314,9
DA:315,2
DA:316,9
DA:317,2
DA:318,9
DA:319,2
DA:320,9
DA:321,3
DA:327,9
DA:329,9
DA:330,9
DA:331,1
DA:335,8
DA:336,3
DA:337,3
DA:338,3
DA:339,1
DA:343,3
DA:344,1
DA:350,9
DA:359,0
DA:360,0
DA:361,0
DA:362,0
DA:363,0
DA:365,0
DA:371,0
DA:372,0
DA:374,0
DA:376,0
DA:377,0
DA:392,0
DA:393,0
DA:394,0
DA:395,0
DA:397,0
DA:399,0
DA:400,0
DA:402,0
DA:409,0
DA:410,0
DA:412,0
DA:413,0
DA:414,0
DA:415,0
DA:416,0
DA:417,0
DA:418,0
DA:424,0
DA:426,0
DA:430,0
DA:434,3
LF:179
LH:60
BRDA:10,0,0,0
BRDA:10,0,1,0
BRDA:13,1,0,0
BRDA:13,1,1,0
BRDA:13,1,2,0
BRDA:26,2,0,2
BRDA:26,2,1,0
BRDA:36,3,0,1002
BRDA:36,3,1,0
BRDA:37,4,0,1002
BRDA:37,4,1,0
BRDA:44,5,0,1002
BRDA:44,5,1,0
BRDA:48,6,0,0
BRDA:54,7,0,0
BRDA:81,8,0,0
BRDA:81,8,1,0
BRDA:92,9,0,0
BRDA:92,9,1,0
BRDA:95,10,0,0
BRDA:95,10,1,0
BRDA:104,11,0,0
BRDA:104,11,1,0
BRDA:113,12,0,0
BRDA:113,12,1,0
BRDA:121,13,0,0
BRDA:121,13,1,0
BRDA:122,14,0,0
BRDA:122,14,1,0
BRDA:135,15,0,0
BRDA:135,15,1,0
BRDA:136,16,0,0
BRDA:136,16,1,0
BRDA:144,17,0,0
BRDA:144,17,1,0
BRDA:147,18,0,0
BRDA:147,18,1,0
BRDA:149,19,0,0
BRDA:149,19,1,0
BRDA:157,20,0,2
BRDA:157,20,1,2
BRDA:170,21,0,0
BRDA:170,21,1,1
BRDA:177,22,0,0
BRDA:177,22,1,1
BRDA:189,23,0,1
BRDA:189,23,1,1
BRDA:198,24,0,0
BRDA:198,24,1,0
BRDA:205,25,0,0
BRDA:205,25,1,0
BRDA:211,26,0,0
BRDA:211,26,1,0
BRDA:218,27,0,0
BRDA:218,27,1,0
BRDA:219,28,0,0
BRDA:219,28,1,0
BRDA:219,28,2,0
BRDA:221,29,0,0
BRDA:221,29,1,0
BRDA:224,30,0,0
BRDA:224,30,1,0
BRDA:237,31,0,0
BRDA:237,31,1,0
BRDA:238,32,0,0
BRDA:238,32,1,0
BRDA:246,33,0,0
BRDA:246,33,1,0
BRDA:269,34,0,0
BRDA:269,34,1,0
BRDA:271,35,0,0
BRDA:271,35,1,0
BRDA:272,36,0,0
BRDA:272,36,1,0
BRDA:274,37,0,0
BRDA:274,37,1,0
BRDA:275,38,0,0
BRDA:275,38,1,0
BRDA:275,38,2,0
BRDA:277,39,0,0
BRDA:277,39,1,0
BRDA:285,40,0,0
BRDA:285,40,1,0
BRDA:286,41,0,0
BRDA:286,41,1,0
BRDA:295,42,0,0
BRDA:295,42,1,0
BRDA:297,43,0,0
BRDA:297,43,1,0
BRDA:298,44,0,0
BRDA:298,44,1,0
BRDA:312,45,0,2
BRDA:312,45,1,7
BRDA:314,46,0,2
BRDA:314,46,1,7
BRDA:316,47,0,2
BRDA:316,47,1,7
BRDA:318,48,0,2
BRDA:318,48,1,7
BRDA:320,49,0,3
BRDA:320,49,1,6
BRDA:320,50,0,9
BRDA:320,50,1,6
BRDA:327,51,0,9
BRDA:327,51,1,4
BRDA:327,51,2,4
BRDA:329,52,0,9
BRDA:329,52,1,3
BRDA:329,52,2,3
BRDA:330,53,0,1
BRDA:330,53,1,8
BRDA:335,54,0,3
BRDA:335,54,1,5
BRDA:335,55,0,8
BRDA:335,55,1,3
BRDA:338,56,0,1
BRDA:338,56,1,2
BRDA:338,57,0,3
BRDA:338,57,1,3
BRDA:338,57,2,3
BRDA:343,58,0,1
BRDA:343,58,1,2
BRDA:343,59,0,3
BRDA:343,59,1,3
BRDA:343,59,2,3
BRDA:371,60,0,0
BRDA:371,60,1,0
BRDA:372,61,0,0
BRDA:372,61,1,0
BRDA:380,62,0,0
BRDA:380,62,1,0
BRDA:395,63,0,0
BRDA:395,63,1,0
BRDA:397,64,0,0
BRDA:397,64,1,0
BRDA:402,65,0,0
BRDA:402,65,1,0
BRDA:413,66,0,0
BRDA:413,66,1,0
BRDA:417,67,0,0
BRDA:417,67,1,0
BRF:141
BRH:44
end_of_record
TN:
SF:src\utils\email.js
FN:9,(anonymous_0)
FN:26,(anonymous_1)
FN:62,(anonymous_2)
FN:94,(anonymous_3)
FN:121,(anonymous_4)
FN:136,(anonymous_5)
FN:151,(anonymous_6)
FN:176,(anonymous_7)
FN:191,(anonymous_8)
FNF:9
FNH:0
FNDA:0,(anonymous_0)
FNDA:0,(anonymous_1)
FNDA:0,(anonymous_2)
FNDA:0,(anonymous_3)
FNDA:0,(anonymous_4)
FNDA:0,(anonymous_5)
FNDA:0,(anonymous_6)
FNDA:0,(anonymous_7)
FNDA:0,(anonymous_8)
DA:5,3
DA:7,3
DA:9,3
DA:10,0
DA:11,0
DA:12,0
DA:15,0
DA:26,3
DA:27,0
DA:29,0
DA:30,0
DA:31,0
DA:32,0
DA:41,0
DA:42,0
DA:43,0
DA:45,0
DA:47,0
DA:48,0
DA:49,0
DA:62,0
DA:63,0
DA:64,0
DA:65,0
DA:66,0
DA:68,0
DA:84,0
DA:86,0
DA:87,0
DA:91,0
DA:94,3
DA:121,0
DA:136,3
DA:141,0
DA:142,0
DA:151,3
DA:160,0
DA:161,0
DA:166,0
DA:176,3
DA:177,0
DA:178,0
DA:191,3
DA:192,0
DA:193,0
DA:202,3
LF:46
LH:10
BRDA:10,0,0,0
BRDA:10,0,1,0
BRDA:10,1,0,0
BRDA:10,1,1,0
BRDA:16,2,0,0
BRDA:16,2,1,0
BRDA:17,3,0,0
BRDA:17,3,1,0
BRDA:18,4,0,0
BRDA:18,4,1,0
BRDA:26,5,0,0
BRDA:30,6,0,0
BRDA:30,6,1,0
BRDA:41,7,0,0
BRDA:41,7,1,0
BRDA:42,8,0,0
BRDA:42,8,1,0
BRDA:43,9,0,0
BRDA:43,9,1,0
BRDA:47,10,0,0
BRDA:47,10,1,0
BRDA:47,11,0,0
BRDA:47,11,1,0
BRDA:65,12,0,0
BRDA:65,12,1,0
BRDA:70,13,0,0
BRDA:70,13,1,0
BRDA:70,13,2,0
BRDA:77,14,0,0
BRDA:77,14,1,0
BRDA:94,15,0,0
BRDA:162,16,0,0
BRDA:162,16,1,0
BRDA:162,17,0,0
BRDA:162,17,1,0
BRDA:171,18,0,0
BRDA:171,18,1,0
BRF:37
BRH:0
end_of_record
TN:
SF:src\utils\enrichAdherents.js
FN:16,withAdherent
FN:16,(anonymous_1)
FN:23,(anonymous_2)
FNF:3
FNH:0
FNDA:0,withAdherent
FNDA:0,(anonymous_1)
FNDA:0,(anonymous_2)
DA:1,3
DA:2,3
DA:16,0
DA:17,0
DA:18,0
DA:19,0
DA:20,0
DA:22,0
DA:24,0
DA:25,0
DA:26,0
DA:27,0
DA:28,0
DA:29,0
DA:31,0
DA:33,0
DA:37,0
DA:40,3
LF:18
LH:3
BRDA:16,0,0,0
BRDA:16,1,0,0
BRDA:16,2,0,0
BRDA:18,3,0,0
BRDA:18,3,1,0
BRDA:24,4,0,0
BRDA:24,4,1,0
BRDA:25,5,0,0
BRDA:25,5,1,0
BRDA:27,6,0,0
BRDA:27,6,1,0
BRDA:28,7,0,0
BRDA:28,7,1,0
BRDA:37,8,0,0
BRDA:37,8,1,0
BRF:15
BRH:0
end_of_record
TN:
SF:src\utils\errors.js
FN:2,(anonymous_0)
FN:11,(anonymous_1)
FN:17,(anonymous_2)
FN:23,(anonymous_3)
FN:29,(anonymous_4)
FN:38,withStatus
FNF:6
FNH:0
FNDA:0,(anonymous_0)
FNDA:0,(anonymous_1)
FNDA:0,(anonymous_2)
FNDA:0,(anonymous_3)
FNDA:0,(anonymous_4)
FNDA:0,withStatus
DA:3,0
DA:4,0
DA:5,0
DA:6,0
DA:12,0
DA:18,0
DA:24,0
DA:30,0
DA:39,0
DA:40,0
DA:43,3
LF:11
LH:1
BRDA:2,0,0,0
BRDA:11,1,0,0
BRDA:17,2,0,0
BRDA:23,3,0,0
BRDA:29,4,0,0
BRDA:39,5,0,0
BRDA:39,5,1,0
BRF:7
BRH:0
end_of_record
TN:
SF:src\utils\internalAuth.js
FN:9,getSystemAuthHeader
FNF:1
FNH:0
FNDA:0,getSystemAuthHeader
DA:1,3
DA:10,0
DA:15,0
DA:18,3
LF:4
LH:2
BRF:0
BRH:0
end_of_record
TN:
SF:src\utils\logger.js
FNF:0
FNH:0
DA:1,2
DA:2,2
DA:3,2
DA:5,2
DA:6,2
DA:7,0
DA:10,2
DA:30,2
DA:31,2
DA:41,2
LF:10
LH:9
BRDA:6,0,0,0
BRDA:6,0,1,2
BRDA:11,1,0,0
BRDA:11,1,1,2
BRDA:30,2,0,2
BRDA:30,2,1,0
BRF:6
BRH:3
end_of_record
TN:
SF:src\utils\pdf.js
FN:19,renderPdfBuffer
FN:20,(anonymous_1)
FN:22,(anonymous_2)
FN:23,(anonymous_3)
FN:29,sendPdfAsJson
FN:36,drawHeader
FN:77,drawSectionTitle
FN:90,drawStatsBoxes
FN:97,(anonymous_8)
FN:131,drawInfoRow
FN:151,visibiliteLevel
FN:156,drawVisibiliteScale
FN:184,drawCourantRow
FN:196,(anonymous_13)
FN:234,statValueBottom
FN:239,drawStat
FN:258,drawStatFit
FN:290,drawDiveCard
FN:337,drawFooter
FN:366,drawSignatureBlock
FN:401,streamCarnetPlongee
FN:423,(anonymous_21)
FN:444,streamAttestationSuiviPlongee
FNF:23
FNH:0
FNDA:0,renderPdfBuffer
FNDA:0,(anonymous_1)
FNDA:0,(anonymous_2)
FNDA:0,(anonymous_3)
FNDA:0,sendPdfAsJson
FNDA:0,drawHeader
FNDA:0,drawSectionTitle
FNDA:0,drawStatsBoxes
FNDA:0,(anonymous_8)
FNDA:0,drawInfoRow
FNDA:0,visibiliteLevel
FNDA:0,drawVisibiliteScale
FNDA:0,drawCourantRow
FNDA:0,(anonymous_13)
FNDA:0,statValueBottom
FNDA:0,drawStat
FNDA:0,drawStatFit
FNDA:0,drawDiveCard
FNDA:0,drawFooter
FNDA:0,drawSignatureBlock
FNDA:0,streamCarnetPlongee
FNDA:0,(anonymous_21)
FNDA:0,streamAttestationSuiviPlongee
DA:1,2
DA:2,2
DA:4,2
DA:5,2
DA:6,2
DA:7,2
DA:8,2
DA:9,2
DA:10,2
DA:11,2
DA:20,0
DA:21,0
DA:22,0
DA:23,0
DA:24,0
DA:25,0
DA:30,0
DA:31,0
DA:37,0
DA:38,0
DA:39,0
DA:41,0
DA:42,0
DA:48,0
DA:49,0
DA:54,0
DA:55,0
DA:62,0
DA:63,0
DA:64,0
DA:65,0
DA:67,0
DA:68,0
DA:69,0
DA:78,0
DA:79,0
DA:80,0
DA:81,0
DA:82,0
DA:83,0
DA:84,0
DA:91,0
DA:92,0
DA:93,0
DA:94,0
DA:95,0
DA:97,0
DA:98,0
DA:99,0
DA:100,0
DA:111,0
DA:112,0
DA:113,0
DA:114,0
DA:115,0
DA:116,0
DA:118,0
DA:119,0
DA:126,0
DA:127,0
DA:132,0
DA:133,0
DA:137,0
DA:141,0
DA:142,0
DA:149,2
DA:152,0
DA:153,0
DA:157,0
DA:163,0
DA:164,0
DA:165,0
DA:166,0
DA:167,0
DA:168,0
DA:169,0
DA:170,0
DA:172,0
DA:175,0
DA:180,2
DA:181,2
DA:182,2
DA:185,0
DA:195,0
DA:196,0
DA:197,0
DA:198,0
DA:199,0
DA:204,0
DA:205,0
DA:213,0
DA:222,0
DA:225,2
DA:235,0
DA:236,0
DA:240,0
DA:245,0
DA:259,0
DA:265,0
DA:266,0
DA:267,0
DA:268,0
DA:269,0
DA:271,0
DA:272,0
DA:273,0
DA:284,2
DA:285,2
DA:291,0
DA:292,0
DA:294,0
DA:296,0
DA:297,0
DA:304,0
DA:310,0
DA:311,0
DA:320,0
DA:321,0
DA:322,0
DA:329,0
DA:331,0
DA:332,0
DA:334,0
DA:342,0
DA:343,0
DA:344,0
DA:345,0
DA:351,0
DA:367,0
DA:368,0
DA:369,0
DA:375,0
DA:376,0
DA:377,0
DA:382,0
DA:388,0
DA:394,0
DA:395,0
DA:402,0
DA:403,0
DA:405,0
DA:411,0
DA:417,0
DA:419,0
DA:420,0
DA:422,0
DA:423,0
DA:424,0
DA:425,0
DA:426,0
DA:428,0
DA:429,0
DA:431,0
DA:432,0
DA:435,0
DA:437,0
DA:448,0
DA:449,0
DA:451,0
DA:457,0
DA:458,0
DA:459,0
DA:466,0
DA:467,0
DA:474,0
DA:476,0
DA:478,0
DA:481,0
DA:487,0
DA:489,0
DA:492,0
DA:503,0
DA:505,0
DA:507,0
DA:509,0
DA:512,2
LF:176
LH:18
BRDA:54,0,0,0
BRDA:54,0,1,0
BRDA:115,1,0,0
BRDA:115,1,1,0
BRDA:153,2,0,0
BRDA:153,2,1,0
BRDA:169,3,0,0
BRDA:169,3,1,0
BRDA:169,4,0,0
BRDA:169,4,1,0
BRDA:202,5,0,0
BRDA:202,5,1,0
BRDA:204,6,0,0
BRDA:204,6,1,0
BRDA:216,7,0,0
BRDA:216,7,1,0
BRDA:268,8,0,0
BRDA:268,8,1,0
BRDA:296,9,0,0
BRDA:296,9,1,0
BRDA:296,9,2,0
BRDA:314,10,0,0
BRDA:314,10,1,0
BRDA:315,11,0,0
BRDA:315,11,1,0
BRDA:320,12,0,0
BRDA:320,12,1,0
BRDA:321,13,0,0
BRDA:321,13,1,0
BRDA:327,14,0,0
BRDA:327,14,1,0
BRDA:408,15,0,0
BRDA:408,15,1,0
BRDA:419,16,0,0
BRDA:419,16,1,0
BRDA:424,17,0,0
BRDA:424,17,1,0
BRDA:462,18,0,0
BRDA:462,18,1,0
BRDA:466,19,0,0
BRDA:466,19,1,0
BRDA:470,20,0,0
BRDA:470,20,1,0
BRDA:478,21,0,0
BRDA:478,21,1,0
BRDA:478,22,0,0
BRDA:478,22,1,0
BRDA:483,23,0,0
BRDA:483,23,1,0
BRDA:489,24,0,0
BRDA:489,24,1,0
BRDA:489,25,0,0
BRDA:489,25,1,0
BRDA:498,26,0,0
BRDA:498,26,1,0
BRDA:500,27,0,0
BRDA:500,27,1,0
BRF:57
BRH:0
end_of_record
TN:
SF:src\utils\roleScope.js
FN:24,isStaff
FN:28,computeStatutPaiement
FN:36,isNiveauCompatible
FNF:3
FNH:0
FNDA:0,isStaff
FNDA:0,computeStatutPaiement
FNDA:0,isNiveauCompatible
DA:7,3
DA:8,3
DA:17,3
DA:25,0
DA:29,0
DA:30,0
DA:31,0
DA:32,0
DA:33,0
DA:37,0
DA:38,0
DA:39,0
DA:40,0
DA:41,0
DA:44,3
LF:15
LH:4
BRDA:29,0,0,0
BRDA:29,0,1,0
BRDA:30,1,0,0
BRDA:30,1,1,0
BRDA:31,2,0,0
BRDA:31,2,1,0
BRDA:32,3,0,0
BRDA:32,3,1,0
BRDA:37,4,0,0
BRDA:37,4,1,0
BRDA:39,5,0,0
BRDA:39,5,1,0
BRF:12
BRH:0
end_of_record
TN:
SF:src\utils\serviceClients\formationClient.js
FN:8,marquerSeanceRealisee
FN:17,(anonymous_1)
FNF:2
FNH:0
FNDA:0,marquerSeanceRealisee
FNDA:0,(anonymous_1)
DA:4,2
DA:9,0
DA:17,0
DA:18,0
DA:19,0
DA:21,0
DA:24,2
LF:7
LH:2
BRDA:4,0,0,2
BRDA:4,0,1,0
BRDA:13,1,0,0
BRDA:13,1,1,0
BRDA:18,2,0,0
BRDA:18,2,1,0
BRDA:19,3,0,0
BRDA:19,3,1,0
BRF:8
BRH:1
end_of_record
TN:
SF:src\utils\serviceClients\identiteClient.js
FN:9,getAdherentById
FN:21,getAdherentForUser
FN:32,getTresorierIdForUser
FN:43,getMoniteurByUserId
FN:56,getMoniteurById
FN:69,getPresidentIdForMoniteur
FN:81,getUserBasicById
FN:93,incrementPlongeesCount
FNF:8
FNH:1
FNDA:0,getAdherentById
FNDA:2,getAdherentForUser
FNDA:0,getTresorierIdForUser
FNDA:0,getMoniteurByUserId
FNDA:0,getMoniteurById
FNDA:0,getPresidentIdForMoniteur
FNDA:0,getUserBasicById
FNDA:0,incrementPlongeesCount
DA:7,3
DA:10,0
DA:13,0
DA:14,0
DA:15,0
DA:17,0
DA:18,0
DA:22,2
DA:23,0
DA:24,0
DA:25,0
DA:26,0
DA:28,0
DA:29,0
DA:33,0
DA:34,0
DA:35,0
DA:36,0
DA:37,0
DA:39,0
DA:40,0
DA:44,0
DA:45,0
DA:46,0
DA:47,0
DA:49,0
DA:50,0
DA:57,0
DA:58,0
DA:61,0
DA:62,0
DA:63,0
DA:65,0
DA:66,0
DA:70,0
DA:71,0
DA:72,0
DA:73,0
DA:74,0
DA:76,0
DA:77,0
DA:82,0
DA:83,0
DA:84,0
DA:85,0
DA:87,0
DA:88,0
DA:94,0
DA:98,0
DA:99,0
DA:101,0
DA:102,0
DA:105,3
LF:53
LH:3
BRDA:7,0,0,3
BRDA:7,0,1,0
BRDA:11,1,0,0
BRDA:11,1,1,0
BRDA:13,2,0,0
BRDA:13,2,1,0
BRDA:14,3,0,0
BRDA:14,3,1,0
BRDA:22,4,0,2
BRDA:22,4,1,0
BRDA:22,5,0,2
BRDA:22,5,1,2
BRDA:24,6,0,0
BRDA:24,6,1,0
BRDA:25,7,0,0
BRDA:25,7,1,0
BRDA:33,8,0,0
BRDA:33,8,1,0
BRDA:35,9,0,0
BRDA:35,9,1,0
BRDA:36,10,0,0
BRDA:36,10,1,0
BRDA:40,11,0,0
BRDA:40,11,1,0
BRDA:45,12,0,0
BRDA:45,12,1,0
BRDA:46,13,0,0
BRDA:46,13,1,0
BRDA:57,14,0,0
BRDA:57,14,1,0
BRDA:59,15,0,0
BRDA:59,15,1,0
BRDA:61,16,0,0
BRDA:61,16,1,0
BRDA:62,17,0,0
BRDA:62,17,1,0
BRDA:70,18,0,0
BRDA:70,18,1,0
BRDA:72,19,0,0
BRDA:72,19,1,0
BRDA:73,20,0,0
BRDA:73,20,1,0
BRDA:77,21,0,0
BRDA:77,21,1,0
BRDA:83,22,0,0
BRDA:83,22,1,0
BRDA:84,23,0,0
BRDA:84,23,1,0
BRDA:96,24,0,0
BRDA:96,24,1,0
BRDA:98,25,0,0
BRDA:98,25,1,0
BRF:52
BRH:4
end_of_record
TN:
SF:src\utils\serviceClients\materielClient.js
FN:8,checkAvailability
FN:17,getByNumInventaire
FN:26,updateLocalisation
FN:42,createReparation
FN:51,(anonymous_4)
FNF:5
FNH:0
FNDA:0,checkAvailability
FNDA:0,getByNumInventaire
FNDA:0,updateLocalisation
FNDA:0,createReparation
FNDA:0,(anonymous_4)
DA:4,2
DA:9,0
DA:10,0
DA:11,0
DA:13,0
DA:14,0
DA:18,0
DA:19,0
DA:20,0
DA:21,0
DA:27,0
DA:35,0
DA:36,0
DA:38,0
DA:39,0
DA:43,0
DA:51,0
DA:52,0
DA:53,0
DA:55,0
DA:58,2
LF:21
LH:2
BRDA:4,0,0,2
BRDA:4,0,1,0
BRDA:10,1,0,0
BRDA:10,1,1,0
BRDA:19,2,0,0
BRDA:19,2,1,0
BRDA:31,3,0,0
BRDA:31,3,1,0
BRDA:35,4,0,0
BRDA:35,4,1,0
BRDA:47,5,0,0
BRDA:47,5,1,0
BRDA:52,6,0,0
BRDA:52,6,1,0
BRDA:53,7,0,0
BRDA:53,7,1,0
BRF:16
BRH:1
end_of_record
TN:
SF:src\utils\serviceClients\paiementClient.js
FN:8,createLinkedPayment
FN:17,(anonymous_1)
FN:24,marquerRembourse
FNF:3
FNH:0
FNDA:0,createLinkedPayment
FNDA:0,(anonymous_1)
FNDA:0,marquerRembourse
DA:4,2
DA:9,0
DA:17,0
DA:18,0
DA:19,0
DA:21,0
DA:25,0
DA:33,0
DA:34,0
DA:36,0
DA:37,0
DA:40,2
LF:12
LH:2
BRDA:4,0,0,2
BRDA:4,0,1,0
BRDA:13,1,0,0
BRDA:13,1,1,0
BRDA:18,2,0,0
BRDA:18,2,1,0
BRDA:19,3,0,0
BRDA:19,3,1,0
BRDA:29,4,0,0
BRDA:29,4,1,0
BRDA:33,5,0,0
BRDA:33,5,1,0
BRF:12
BRH:1
end_of_record
TN:
SF:src\utils\serviceClients\vieAssociativeClient.js
FN:11,checkDossierValidity
FN:23,checkCertificateStatus
FN:37,createAlerte
FN:47,(anonymous_3)
FNF:4
FNH:0
FNDA:0,checkDossierValidity
FNDA:0,checkCertificateStatus
FNDA:0,createAlerte
FNDA:0,(anonymous_3)
DA:5,2
DA:7,2
DA:12,0
DA:13,0
DA:16,0
DA:17,0
DA:19,0
DA:20,0
DA:24,0
DA:27,0
DA:28,0
DA:30,0
DA:31,0
DA:38,0
DA:46,0
DA:47,0
DA:48,0
DA:52,2
LF:18
LH:3
BRDA:7,0,0,2
BRDA:7,0,1,0
BRDA:12,1,0,0
BRDA:12,1,1,0
BRDA:14,2,0,0
BRDA:14,2,1,0
BRDA:16,3,0,0
BRDA:16,3,1,0
BRDA:25,4,0,0
BRDA:25,4,1,0
BRDA:27,5,0,0
BRDA:27,5,1,0
BRDA:46,6,0,0
BRDA:46,6,1,0
BRDA:48,7,0,0
BRDA:48,7,1,0
BRF:16
BRH:1
end_of_record
